[    0.000000] Linux version 4.15.0-154-generic (buildd@lcy01-amd64-011) (gcc version 7.5.0 (Ubuntu 7.5.0-3ubuntu1~18.04)) #161-Ubuntu SMP Fri Jul 30 13:04:17 UTC 2021 (Ubuntu 4.15.0-154.161-generic 4.15.18)
[    0.000000] Command line: BOOT_IMAGE=/boot/vmlinuz-4.15.0-154-generic root=LABEL=cloudimg-rootfs ro console=tty1 console=ttyS0
[    0.000000] KERNEL supported cpus:
[    0.000000]   Intel GenuineIntel
[    0.000000]   AMD AuthenticAMD
[    0.000000]   Centaur CentaurHauls
[    0.000000] x86/fpu: Supporting XSAVE feature 0x001: 'x87 floating point registers'
[    0.000000] x86/fpu: Supporting XSAVE feature 0x002: 'SSE registers'
[    0.000000] x86/fpu: Supporting XSAVE feature 0x004: 'AVX registers'
[    0.000000] x86/fpu: xstate_offset[2]:  576, xstate_sizes[2]:  256
[    0.000000] x86/fpu: Enabled xstate features 0x7, context size is 832 bytes, using 'standard' format.
[    0.000000] e820: BIOS-provided physical RAM map:
[    0.000000] BIOS-e820: [mem 0x0000000000000000-0x000000000009fbff] usable
[    0.000000] BIOS-e820: [mem 0x000000000009fc00-0x000000000009ffff] reserved
[    0.000000] BIOS-e820: [mem 0x00000000000f0000-0x00000000000fffff] reserved
[    0.000000] BIOS-e820: [mem 0x0000000000100000-0x000000003ffeffff] usable
[    0.000000] BIOS-e820: [mem 0x000000003fff0000-0x000000003fffffff] ACPI data
[    0.000000] BIOS-e820: [mem 0x00000000fec00000-0x00000000fec00fff] reserved
[    0.000000] BIOS-e820: [mem 0x00000000fee00000-0x00000000fee00fff] reserved
[    0.000000] BIOS-e820: [mem 0x00000000fffc0000-0x00000000ffffffff] reserved
[    0.000000] NX (Execute Disable) protection: active
[    0.000000] SMBIOS 2.5 present.
[    0.000000] DMI: innotek GmbH VirtualBox/VirtualBox, BIOS VirtualBox 12/01/2006
[    0.000000] Hypervisor detected: KVM
[    0.000000] e820: last_pfn = 0x3fff0 max_arch_pfn = 0x400000000
[    0.000000] MTRR: Disabled
[    0.000000] x86/PAT: MTRRs disabled, skipping PAT initialization too.
[    0.000000] CPU MTRRs all blank - virtualized system.
[    0.000000] x86/PAT: Configuration [0-7]: WB  WT  UC- UC  WB  WT  UC- UC  
[    0.000000] found SMP MP-table at [mem 0x0009fff0-0x0009ffff]
[    0.000000] Scanning 1 areas for low memory corruption
[    0.000000] RAMDISK: [mem 0x359cf000-0x36cdefff]
[    0.000000] ACPI: Early table checksum verification disabled
[    0.000000] ACPI: RSDP 0x00000000000E0000 000024 (v02 VBOX  )
[    0.000000] ACPI: XSDT 0x000000003FFF0030 00003C (v01 VBOX   VBOXXSDT 00000001 ASL  00000061)
[    0.000000] ACPI: FACP 0x000000003FFF00F0 0000F4 (v04 VBOX   VBOXFACP 00000001 ASL  00000061)
[    0.000000] ACPI: DSDT 0x000000003FFF0470 002325 (v02 VBOX   VBOXBIOS 00000002 INTL 20190509)
[    0.000000] ACPI: FACS 0x000000003FFF0200 000040
[    0.000000] ACPI: FACS 0x000000003FFF0200 000040
[    0.000000] ACPI: APIC 0x000000003FFF0240 00005C (v02 VBOX   VBOXAPIC 00000001 ASL  00000061)
[    0.000000] ACPI: SSDT 0x000000003FFF02A0 0001CC (v01 VBOX   VBOXCPUT 00000002 INTL 20190509)
[    0.000000] ACPI: Reserving FACP table memory at [mem 0x3fff00f0-0x3fff01e3]
[    0.000000] ACPI: Reserving DSDT table memory at [mem 0x3fff0470-0x3fff2794]
[    0.000000] ACPI: Reserving FACS table memory at [mem 0x3fff0200-0x3fff023f]
[    0.000000] ACPI: Reserving FACS table memory at [mem 0x3fff0200-0x3fff023f]
[    0.000000] ACPI: Reserving APIC table memory at [mem 0x3fff0240-0x3fff029b]
[    0.000000] ACPI: Reserving SSDT table memory at [mem 0x3fff02a0-0x3fff046b]
[    0.000000] No NUMA configuration found
[    0.000000] Faking a node at [mem 0x0000000000000000-0x000000003ffeffff]
[    0.000000] NODE_DATA(0) allocated [mem 0x3ffc5000-0x3ffeffff]
[    0.000000] kvm-clock: cpu 0, msr 0:3ff44001, primary cpu clock
[    0.000000] kvm-clock: Using msrs 4b564d01 and 4b564d00
[    0.000000] kvm-clock: using sched offset of 5434255259 cycles
[    0.000000] clocksource: kvm-clock: mask: 0xffffffffffffffff max_cycles: 0x1cd42e4dffb, max_idle_ns: 881590591483 ns
[    0.000000] Zone ranges:
[    0.000000]   DMA      [mem 0x0000000000001000-0x0000000000ffffff]
[    0.000000]   DMA32    [mem 0x0000000001000000-0x000000003ffeffff]
[    0.000000]   Normal   empty
[    0.000000]   Device   empty
[    0.000000] Movable zone start for each node
[    0.000000] Early memory node ranges
[    0.000000]   node   0: [mem 0x0000000000001000-0x000000000009efff]
[    0.000000]   node   0: [mem 0x0000000000100000-0x000000003ffeffff]
[    0.000000] Reserved but unavailable: 104 pages
[    0.000000] Initmem setup node 0 [mem 0x0000000000001000-0x000000003ffeffff]
[    0.000000] ACPI: PM-Timer IO Port: 0x4008
[    0.000000] IOAPIC[0]: apic_id 2, version 32, address 0xfec00000, GSI 0-23
[    0.000000] ACPI: INT_SRC_OVR (bus 0 bus_irq 0 global_irq 2 dfl dfl)
[    0.000000] ACPI: INT_SRC_OVR (bus 0 bus_irq 9 global_irq 9 low level)
[    0.000000] Using ACPI (MADT) for SMP configuration information
[    0.000000] smpboot: Allowing 2 CPUs, 0 hotplug CPUs
[    0.000000] PM: Registered nosave memory: [mem 0x00000000-0x00000fff]
[    0.000000] PM: Registered nosave memory: [mem 0x0009f000-0x0009ffff]
[    0.000000] PM: Registered nosave memory: [mem 0x000a0000-0x000effff]
[    0.000000] PM: Registered nosave memory: [mem 0x000f0000-0x000fffff]
[    0.000000] e820: [mem 0x40000000-0xfebfffff] available for PCI devices
[    0.000000] Booting paravirtualized kernel on KVM
[    0.000000] clocksource: refined-jiffies: mask: 0xffffffff max_cycles: 0xffffffff, max_idle_ns: 7645519600211568 ns
[    0.000000] random: get_random_bytes called from start_kernel+0x99/0x500 with crng_init=0
[    0.000000] setup_percpu: NR_CPUS:8192 nr_cpumask_bits:2 nr_cpu_ids:2 nr_node_ids:1
[    0.000000] percpu: Embedded 45 pages/cpu s147456 r8192 d28672 u1048576
[    0.000000] PV qspinlock hash table entries: 256 (order: 0, 4096 bytes)
[    0.000000] Built 1 zonelists, mobility grouping on.  Total pages: 257913
[    0.000000] Policy zone: DMA32
[    0.000000] Kernel command line: BOOT_IMAGE=/boot/vmlinuz-4.15.0-154-generic root=LABEL=cloudimg-rootfs ro console=tty1 console=ttyS0
[    0.000000] Memory: 982716K/1048120K available (12300K kernel code, 2483K rwdata, 4320K rodata, 2448K init, 2724K bss, 65404K reserved, 0K cma-reserved)
[    0.000000] SLUB: HWalign=64, Order=0-3, MinObjects=0, CPUs=2, Nodes=1
[    0.000000] Kernel/User page tables isolation: enabled
[    0.000000] ftrace: allocating 39461 entries in 155 pages
[    0.004000] Hierarchical RCU implementation.
[    0.004000] 	RCU restricting CPUs from NR_CPUS=8192 to nr_cpu_ids=2.
[    0.004000] 	Tasks RCU enabled.
[    0.004000] RCU: Adjusting geometry for rcu_fanout_leaf=16, nr_cpu_ids=2
[    0.004000] NR_IRQS: 524544, nr_irqs: 440, preallocated irqs: 16
[    0.004000] Console: colour VGA+ 80x25
[    0.004000] console [tty1] enabled
[    0.004000] console [ttyS0] enabled
[    0.004000] ACPI: Core revision 20170831
[    0.004000] ACPI: 2 ACPI AML tables successfully acquired and loaded
[    0.004000] APIC: Switch to symmetric I/O mode setup
[    0.004000] x2apic enabled
[    0.004000] Switched APIC routing to physical x2apic.
[    0.004000] ..TIMER: vector=0x30 apic1=0 pin1=2 apic2=-1 pin2=-1
[    0.004000] tsc: Detected 2992.902 MHz processor
[    0.004000] Calibrating delay loop (skipped) preset value.. 5985.80 BogoMIPS (lpj=11971608)
[    0.004008] pid_max: default: 32768 minimum: 301
[    0.008050] Security Framework initialized
[    0.012005] Yama: becoming mindful.
[    0.016042] AppArmor: AppArmor initialized
[    0.024051] Dentry cache hash table entries: 131072 (order: 8, 1048576 bytes)
[    0.032081] Inode-cache hash table entries: 65536 (order: 7, 524288 bytes)
[    0.036000] Mount-cache hash table entries: 2048 (order: 2, 16384 bytes)
[    0.036017] Mountpoint-cache hash table entries: 2048 (order: 2, 16384 bytes)
[    0.040969] Last level iTLB entries: 4KB 64, 2MB 8, 4MB 8
[    0.044003] Last level dTLB entries: 4KB 64, 2MB 0, 4MB 0, 1GB 4
[    0.048015] Spectre V1 : Mitigation: usercopy/swapgs barriers and __user pointer sanitization
[    0.052004] Spectre V2 : Mitigation: Full generic retpoline
[    0.056002] Spectre V2 : Spectre v2 / SpectreRSB mitigation: Filling RSB on context switch
[    0.060003] Speculative Store Bypass: Vulnerable
[    0.064042] MDS: Mitigation: Clear CPU buffers
[    0.068187] Freeing SMP alternatives memory: 36K
[    0.195878] APIC calibration not consistent with PM-Timer: 102ms instead of 100ms
[    0.196000] APIC delta adjusted to PM-Timer: 6354547 (6488099)
[    0.196216] smpboot: CPU0: Intel(R) Xeon(R) Gold 6248R CPU @ 3.00GHz (family: 0x6, model: 0x4f, stepping: 0x0)
[    0.200137] Performance Events: unsupported p6 CPU model 79 no PMU driver, software events only.
[    0.204074] Hierarchical SRCU implementation.
[    0.212206] NMI watchdog: Perf event create on CPU 0 failed with -2
[    0.216003] NMI watchdog: Perf NMI watchdog permanently disabled
[    0.220120] smp: Bringing up secondary CPUs ...
[    0.224210] x86: Booting SMP configuration:
[    0.228003] .... node  #0, CPUs:      #1
[    0.004000] kvm-clock: cpu 1, msr 0:3ff44041, secondary cpu clock
[    0.240053] smp: Brought up 1 node, 2 CPUs
[    0.244007] smpboot: Max logical packages: 1
[    0.247713] smpboot: Total of 2 processors activated (11971.60 BogoMIPS)
[    0.248190] devtmpfs: initialized
[    0.252064] x86/mm: Memory block size: 128MB
[    0.256169] evm: security.selinux
[    0.260002] evm: security.SMACK64
[    0.262920] evm: security.SMACK64EXEC
[    0.264002] evm: security.SMACK64TRANSMUTE
[    0.268001] evm: security.SMACK64MMAP
[    0.272002] evm: security.apparmor
[    0.276001] evm: security.ima
[    0.280003] evm: security.capability
[    0.283218] clocksource: jiffies: mask: 0xffffffff max_cycles: 0xffffffff, max_idle_ns: 7645041785100000 ns
[    0.284014] futex hash table entries: 512 (order: 3, 32768 bytes)
[    0.288073] pinctrl core: initialized pinctrl subsystem
[    0.294774] RTC time: 19:20:52, date: 08/31/21
[    0.296354] NET: Registered protocol family 16
[    0.300085] audit: initializing netlink subsys (disabled)
[    0.304071] audit: type=2000 audit(1630437658.755:1): state=initialized audit_enabled=0 res=1
[    0.312008] cpuidle: using governor ladder
[    0.316011] cpuidle: using governor menu
[    0.320050] ACPI: bus type PCI registered
[    0.323904] acpiphp: ACPI Hot Plug PCI Controller Driver version: 0.5
[    0.324330] PCI: Using configuration type 1 for base access
[    0.332054] HugeTLB registered 2.00 MiB page size, pre-allocated 0 pages
[    0.340101] ACPI: Added _OSI(Module Device)
[    0.344010] ACPI: Added _OSI(Processor Device)
[    0.348007] ACPI: Added _OSI(3.0 _SCP Extensions)
[    0.352007] ACPI: Added _OSI(Processor Aggregator Device)
[    0.356008] ACPI: Added _OSI(Linux-Dell-Video)
[    0.360006] ACPI: Added _OSI(Linux-Lenovo-NV-HDMI-Audio)
[    0.364005] ACPI: Added _OSI(Linux-HPI-Hybrid-Graphics)
[    0.368920] ACPI: Executed 1 blocks of module-level executable AML code
[    0.377089] ACPI: Interpreter enabled
[    0.380018] ACPI: (supports S0 S5)
[    0.384004] ACPI: Using IOAPIC for interrupt routing
[    0.388337] PCI: Using host bridge windows from ACPI; if necessary, use "pci=nocrs" and report a bug
[    0.392401] ACPI: Enabled 2 GPEs in block 00 to 07
[    0.407560] ACPI: PCI Root Bridge [PCI0] (domain 0000 [bus 00-ff])
[    0.408010] acpi PNP0A03:00: _OSC: OS supports [ASPM ClockPM Segments MSI]
[    0.412619] acpi PNP0A03:00: _OSC: not requesting OS control; OS requires [ExtendedConfig ASPM ClockPM MSI]
[    0.416015] acpi PNP0A03:00: fail to add MMCONFIG information, can't access extended PCI configuration space under this bridge.
[    0.420965] PCI host bridge to bus 0000:00
[    0.424007] pci_bus 0000:00: root bus resource [io  0x0000-0x0cf7 window]
[    0.428005] pci_bus 0000:00: root bus resource [io  0x0d00-0xffff window]
[    0.432005] pci_bus 0000:00: root bus resource [mem 0x000a0000-0x000bffff window]
[    0.436005] pci_bus 0000:00: root bus resource [mem 0x40000000-0xfdffffff window]
[    0.440005] pci_bus 0000:00: root bus resource [bus 00-ff]
[    0.456000] pci 0000:00:01.1: legacy IDE quirk: reg 0x10: [io  0x01f0-0x01f7]
[    0.456006] pci 0000:00:01.1: legacy IDE quirk: reg 0x14: [io  0x03f6]
[    0.460005] pci 0000:00:01.1: legacy IDE quirk: reg 0x18: [io  0x0170-0x0177]
[    0.464006] pci 0000:00:01.1: legacy IDE quirk: reg 0x1c: [io  0x0376]
[    0.545743] pci 0000:00:07.0: quirk: [io  0x4000-0x403f] claimed by PIIX4 ACPI
[    0.548052] pci 0000:00:07.0: quirk: [io  0x4100-0x410f] claimed by PIIX4 SMB
[    0.624484] ACPI: PCI Interrupt Link [LNKA] (IRQs 5 9 10 *11)
[    0.636495] ACPI: PCI Interrupt Link [LNKB] (IRQs 5 9 *10 11)
[    0.640256] ACPI: PCI Interrupt Link [LNKC] (IRQs 5 *9 10 11)
[    0.644263] ACPI: PCI Interrupt Link [LNKD] (IRQs 5 9 10 *11)
[    0.652408] SCSI subsystem initialized
[    0.661565] pci 0000:00:02.0: vgaarb: setting as boot VGA device
[    0.664000] pci 0000:00:02.0: vgaarb: VGA device added: decodes=io+mem,owns=io+mem,locks=none
[    0.676008] pci 0000:00:02.0: vgaarb: bridge control possible
[    0.684003] vgaarb: loaded
[    0.687218] ACPI: bus type USB registered
[    0.688106] usbcore: registered new interface driver usbfs
[    0.696027] usbcore: registered new interface driver hub
[    0.700027] usbcore: registered new device driver usb
[    0.709241] EDAC MC: Ver: 3.0.0
[    0.717427] PCI: Using ACPI for IRQ routing
[    0.720000] NetLabel: Initializing
[    0.724004] NetLabel:  domain hash size = 128
[    0.728002] NetLabel:  protocols = UNLABELED CIPSOv4 CALIPSO
[    0.736043] NetLabel:  unlabeled traffic allowed by default
[    0.748000] clocksource: Switched to clocksource kvm-clock
[    0.776013] VFS: Disk quotas dquot_6.6.0
[    0.780157] VFS: Dquot-cache hash table entries: 512 (order 0, 4096 bytes)
[    0.787333] AppArmor: AppArmor Filesystem Enabled
[    0.792412] pnp: PnP ACPI init
[    0.798036] pnp: PnP ACPI: found 3 devices
[    0.809851] clocksource: acpi_pm: mask: 0xffffff max_cycles: 0xffffff, max_idle_ns: 2085701024 ns
[    0.819667] NET: Registered protocol family 2
[    0.826047] TCP established hash table entries: 8192 (order: 4, 65536 bytes)
[    0.837215] TCP bind hash table entries: 8192 (order: 5, 131072 bytes)
[    0.845753] TCP: Hash tables configured (established 8192 bind 8192)
[    0.853135] UDP hash table entries: 512 (order: 2, 16384 bytes)
[    0.859470] UDP-Lite hash table entries: 512 (order: 2, 16384 bytes)
[    0.867440] NET: Registered protocol family 1
[    0.872478] pci 0000:00:00.0: Limiting direct PCI/PCI transfers
[    0.879060] pci 0000:00:01.0: Activating ISA DMA hang workarounds
[    0.885948] pci 0000:00:02.0: Video device with shadowed ROM at [mem 0x000c0000-0x000dffff]
[    0.895203] Unpacking initramfs...
[    1.335132] Freeing initrd memory: 19520K
[    1.352161] clocksource: tsc: mask: 0xffffffffffffffff max_cycles: 0x2b24145cd95, max_idle_ns: 440795278539 ns
[    1.362280] platform rtc_cmos: registered platform RTC device (no PNP device found)
[    1.370290] Scanning for low memory corruption every 60 seconds
[    1.377947] Initialise system trusted keyrings
[    1.382760] Key type blacklist registered
[    1.387099] workingset: timestamp_bits=36 max_order=18 bucket_order=0
[    1.394878] zbud: loaded
[    1.398514] squashfs: version 4.0 (2009/01/31) Phillip Lougher
[    1.404553] fuse init (API version 7.26)
[    1.413710] Key type asymmetric registered
[    1.417833] Asymmetric key parser 'x509' registered
[    1.423223] Block layer SCSI generic (bsg) driver version 0.4 loaded (major 246)
[    1.434594] io scheduler noop registered
[    1.438942] io scheduler deadline registered
[    1.443396] io scheduler cfq registered (default)
[    1.448821] ACPI: AC Adapter [AC] (on-line)
[    1.453079] input: Power Button as /devices/LNXSYSTM:00/LNXPWRBN:00/input/input0
[    1.460764] ACPI: Power Button [PWRF]
[    1.464968] input: Sleep Button as /devices/LNXSYSTM:00/LNXSLPBN:00/input/input1
[    1.472703] ACPI: Sleep Button [SLPF]
[    1.477292] Serial: 8250/16550 driver, 32 ports, IRQ sharing enabled
[    1.488060] 00:02: ttyS0 at I/O 0x3f8 (irq = 4, base_baud = 115200) is a 16550A
[    1.553715] Linux agpgart interface v0.103
[    1.559802] loop: module loaded
[    1.565055] scsi host0: ata_piix
[    1.569030] scsi host1: ata_piix
[    1.572583] ata1: PATA max UDMA/33 cmd 0x1f0 ctl 0x3f6 bmdma 0xd000 irq 14
[    1.579228] ata2: PATA max UDMA/33 cmd 0x170 ctl 0x376 bmdma 0xd008 irq 15
[    1.587116] libphy: Fixed MDIO Bus: probed
[    1.591221] tun: Universal TUN/TAP device driver, 1.6
[    1.596373] PPP generic driver version 2.4.2
[    1.600290] ehci_hcd: USB 2.0 'Enhanced' Host Controller (EHCI) Driver
[    1.607586] ehci-pci: EHCI PCI platform driver
[    1.612192] ehci-platform: EHCI generic platform driver
[    1.619170] ohci_hcd: USB 1.1 'Open' Host Controller (OHCI) Driver
[    1.626275] ohci-pci: OHCI PCI platform driver
[    1.630972] ohci-platform: OHCI generic platform driver
[    1.635545] uhci_hcd: USB Universal Host Controller Interface driver
[    1.641414] i8042: PNP: PS/2 Controller [PNP0303:PS2K,PNP0f03:PS2M] at 0x60,0x64 irq 1,12
[    1.653074] serio: i8042 KBD port at 0x60,0x64 irq 1
[    1.662959] serio: i8042 AUX port at 0x60,0x64 irq 12
[    1.668165] mousedev: PS/2 mouse device common for all mice
[    1.675100] input: AT Translated Set 2 keyboard as /devices/platform/i8042/serio0/input/input2
[    1.684747] rtc_cmos rtc_cmos: rtc core: registered rtc_cmos as rtc0
[    1.697667] rtc_cmos rtc_cmos: alarms up to one day, 114 bytes nvram
[    1.704158] i2c /dev entries driver
[    1.708619] device-mapper: uevent: version 1.0.3
[    1.714273] device-mapper: ioctl: 4.37.0-ioctl (2017-09-20) initialised: dm-devel@redhat.com
[    1.726486] ledtrig-cpu: registered to indicate activity on CPUs
[    1.820295] NET: Registered protocol family 10
[    1.837900] Segment Routing with IPv6
[    1.848909] NET: Registered protocol family 17
[    1.854444] Key type dns_resolver registered
[    1.859112] mce: Using 0 MCE banks
[    1.862526] RAS: Correctable Errors collector initialized.
[    1.870367] sched_clock: Marking stable (1870287802, 0)->(2781496315, -911208513)
[    1.878937] registered taskstats version 1
[    1.883142] Loading compiled-in X.509 certificates
[    1.891455] Loaded X.509 cert 'Build time autogenerated kernel key: 369b16149153afe509b010c5493c788cd1d7da9f'
[    1.904008] Loaded X.509 cert 'Canonical Ltd. Live Patch Signing: 14df34d1a87cf37625abec039ef2bf521249b969'
[    1.913757] Loaded X.509 cert 'Canonical Ltd. Kernel Module Signing: 88f752e560a1e0737e31163a466ad7b70a850c19'
[    1.924480] zswap: loaded using pool lzo/zbud
[    1.934965] Key type big_key registered
[    1.946367] Key type trusted registered
[    1.953045] Key type encrypted registered
[    1.959732] AppArmor: AppArmor sha1 policy hashing enabled
[    1.965307] ima: No TPM chip found, activating TPM-bypass! (rc=-19)
[    1.971738] ima: Allocated hash algorithm: sha1
[    1.977436] evm: HMAC attrs: 0x1
[    1.981371]   Magic number: 1:630:345
[    1.984605] tty tty62: hash matches
[    1.988194] rtc_cmos rtc_cmos: setting system clock to 2021-08-31 19:20:54 UTC (1630437654)
[    1.994987] BIOS EDD facility v0.16 2004-Jun-25, 0 devices found
[    2.000409] EDD information not available.
[    2.009820] Freeing unused kernel image memory: 2448K
[    2.020172] Write protecting the kernel read-only data: 20480k
[    2.027632] Freeing unused kernel image memory: 2008K
[    2.034452] Freeing unused kernel image memory: 1824K
[    2.047999] x86/mm: Checked W+X mappings: passed, no W+X pages found.
[    2.053141] x86/mm: Checking user space page tables
[    2.065811] x86/mm: Checked W+X mappings: passed, no W+X pages found.
Loading, please wait...
starting version 237
[    2.164180] Fusion MPT base driver 3.04.20
[    2.179458] Copyright (c) 1999-2008 LSI Corporation
[    2.211816] Fusion MPT SPI Host driver 3.04.20
[    2.230734] e1000: Intel(R) PRO/1000 Network Driver - version 7.3.21-k8-NAPI
[    2.259197] e1000: Copyright (c) 1999-2006 Intel Corporation.
[    2.278289] mptbase: ioc0: Initiating bringup
[    2.289241] AVX2 version of gcm_enc/dec engaged.
[    2.299937] AES CTR mode by8 optimization enabled
[    2.393449] ioc0: LSI53C1030 A0: Capabilities={Initiator}
[    2.509970] input: ImExPS/2 Generic Explorer Mouse as /devices/platform/i8042/serio1/input/input4
[    4.200000] scsi host2: ioc0: LSI53C1030 A0, FwRev=00000000h, Ports=1, MaxQ=256, IRQ=20
[    5.668552] scsi 2:0:0:0: Direct-Access     VBOX     HARDDISK         1.0  PQ: 0 ANSI: 5
[    5.716130] scsi target2:0:0: Beginning Domain Validation
[    5.725935] scsi target2:0:0: Domain Validation skipping write tests
[    5.733793] scsi target2:0:0: Ending Domain Validation
[    5.741464] scsi target2:0:0: asynchronous
[    5.747361] scsi 2:0:1:0: Direct-Access     VBOX     HARDDISK         1.0  PQ: 0 ANSI: 5
[    6.170934] scsi target2:0:1: Beginning Domain Validation
[    6.187298] random: fast init done
[    6.195443] scsi target2:0:1: Domain Validation skipping write tests
[    6.202896] scsi target2:0:1: Ending Domain Validation
[    6.210106] scsi target2:0:1: asynchronous
[    6.221832] random: systemd-udevd: uninitialized urandom read (16 bytes read)
[    6.232109] sd 2:0:0:0: [sda] 83886080 512-byte logical blocks: (42.9 GB/40.0 GiB)
[    6.241173] sd 2:0:0:0: [sda] Write Protect is off
[    6.247649] sd 2:0:0:0: Attached scsi generic sg0 type 0
[    6.254931] sd 2:0:0:0: [sda] Incomplete mode parameter data
[    6.262778] sd 2:0:0:0: [sda] Assuming drive cache: write through
[    6.271227] random: systemd-udevd: uninitialized urandom read (16 bytes read)
[    6.285016] sd 2:0:1:0: [sdb] 20480 512-byte logical blocks: (10.5 MB/10.0 MiB)
[    6.299913] sd 2:0:1:0: Attached scsi generic sg1 type 0
[    6.307603] sd 2:0:1:0: [sdb] Write Protect is off
[    6.314426] sd 2:0:1:0: [sdb] Incomplete mode parameter data
[    6.321858] sd 2:0:1:0: [sdb] Assuming drive cache: write through
[    6.331691] random: systemd-udevd: uninitialized urandom read (16 bytes read)
[    6.356440]  sda: sda1
[    6.372492] sd 2:0:1:0: [sdb] Attached SCSI disk
[    6.389423] sd 2:0:0:0: [sda] Attached SCSI disk
[    6.450495] e1000 0000:00:03.0 eth0: (PCI:33MHz:32-bit) 02:3b:61:a9:eb:70
[    6.462313] e1000 0000:00:03.0 eth0: Intel(R) PRO/1000 Network Connection
[    7.089939] e1000 0000:00:08.0 eth1: (PCI:33MHz:32-bit) 08:00:27:ad:76:81
[    7.102684] e1000 0000:00:08.0 eth1: Intel(R) PRO/1000 Network Connection
[    7.113765] e1000 0000:00:08.0 enp0s8: renamed from eth1
[    7.153444] e1000 0000:00:03.0 enp0s3: renamed from eth0
Begin: Loading essential drivers ... [   10.112141] raid6: sse2x1   gen()  9718 MB/s
[   10.172153] raid6: sse2x1   xor()  5922 MB/s
[   10.224202] raid6: sse2x2   gen() 11902 MB/s
[   10.276236] raid6: sse2x2   xor()  8358 MB/s
[   10.328183] raid6: sse2x4   gen() 14460 MB/s
[   10.376161] raid6: sse2x4   xor()  8142 MB/s
[   10.432340] raid6: avx2x1   gen() 19314 MB/s
[   10.484148] raid6: avx2x1   xor() 13007 MB/s
[   10.536148] raid6: avx2x2   gen() 25395 MB/s
[   10.584166] raid6: avx2x2   xor() 17240 MB/s
[   10.661714] raid6: avx2x4   gen() 25549 MB/s
[   10.724074] raid6: avx2x4   xor()  9454 MB/s
[   10.735450] raid6: using algorithm avx2x4 gen() 25549 MB/s
[   10.744245] raid6: .... xor() 9454 MB/s, rmw enabled
[   10.755079] raid6: using avx2x2 recovery algorithm
[   10.796686] xor: automatically using best checksumming function   avx       
[   10.817991] async_tx: api initialized (async)
done.
Begin: Running /scripts/init-premount ... done.
Begin: Mounting root file system ... Begin: Running /scripts/local-top ... done.
Begin: Running /scripts/local-premount ... [   10.969092] Btrfs loaded, crc32c=crc32c-intel
Scanning for Btrfs filesystems
done.
Warning: fsck not present, so skipping root file system
[   11.062623] EXT4-fs (sda1): mounted filesystem with ordered data mode. Opts: (null)
done.
Begin: Running /scripts/local-bottom ... done.
Begin: Running /scripts/init-bottom ... done.
[   11.421519] ip_tables: (C) 2000-2006 Netfilter Core Team
[   11.453808] systemd[1]: systemd 237 running in system mode. (+PAM +AUDIT +SELINUX +IMA +APPARMOR +SMACK +SYSVINIT +UTMP +LIBCRYPTSETUP +GCRYPT +GNUTLS +ACL +XZ +LZ4 +SECCOMP +BLKID +ELFUTILS +KMOD -IDN2 +IDN -PCRE2 default-hierarchy=hybrid)
[   11.480043] systemd[1]: Detected virtualization oracle.
[   11.484950] systemd[1]: Detected architecture x86-64.

Welcome to [1mUbuntu 18.04.5 LTS[0m!

[   11.517278] systemd[1]: Set hostname to <ubuntu>.
[   11.534065] systemd[1]: Initializing machine ID from random generator.
[   11.542873] systemd[1]: Installed transient /etc/machine-id file.
[   11.984028] systemd[1]: Reached target System Time Synchronized.
[[0;32m  OK  [0m] Reached target System Time Synchronized.
[   12.001862] systemd[1]: Reached target Swap.
[[0;32m  OK  [0m] Reached target Swap.
[   12.016562] systemd[1]: Created slice System Slice.
[[0;32m  OK  [0m] Created slice System Slice.
[   12.027250] systemd[1]: Listening on Syslog Socket.
[[0;32m  OK  [0m] Listening on Syslog Socket.
[[0;32m  OK  [0m] Created slice system-serial\x2dgetty.slice.
[[0;32m  OK  [0m] Listening on Journal Socket (/dev/log).
[[0;32m  OK  [0m] Listening on udev Kernel Socket.
[[0;32m  OK  [0m] Listening on Device-mapper event daemon FIFOs.
[[0;32m  OK  [0m] Listening on LVM2 metadata daemon socket.
[[0;32m  OK  [0m] Listening on /dev/initctl Compatibility Named Pipe.
[[0;32m  OK  [0m] Listening on LVM2 poll daemon socket.
[[0;32m  OK  [0m] Listening on Network Service Netlink Socket.
[[0;32m  OK  [0m] Listening on Journal Socket.
         Starting Create list of required st…ce nodes for the current kernel...
         Mounting Huge Pages File System...
         Starting Uncomplicated firewall...
         Starting Set the console keyboard layout...
[[0;32m  OK  [0m] Set up automount Arbitrary Executab…rmats File System Automount Point.
[[0;32m  OK  [0m] Reached target User and Group Name Lookups.
[[0;32m  OK  [0m] Listening on Journal Audit Socket.
         Starting Journal Service...
         Mounting POSIX Message Queue File System...
         Mounting Kernel Debug File System...
         Starting Monitoring of LVM2 mirrors…ng dmeventd or progress polling...
[[0;32m  OK  [0m] Listening on fsck to fsckd communication Socket.
         Starting File System Check on Root Device...
[[0;32m  OK  [0m] Listening on udev Control Socket.
         Starting udev Coldplug all Devices...
         Starting Load Kernel Modules...
[[0;32m  OK  [0m] Created slice User and Session Slice.
[[0;32m  OK  [0m] Reached target Slices.
[[0;32m  OK  [0m] Started Forward Password Requests to Wall Directory Watch.
[[0;32m  OK  [0m] Started Create list of required sta…vice nodes for the current kernel.
[[0;32m  OK  [0m] Mounted Huge Pages File System.
[[0;32m  OK  [0m] Started Uncomplicated firewall.
[[0;32m  OK  [0m] Mounted POSIX Message Queue File System.
[[0;32m  OK  [0m] Mounted Kernel Debug File System.
         Starting Create Static Device Nodes in /dev...
[[0;32m  OK  [0m] Started File System Check Daemon to report status.
[[0;32m  OK  [0m] Started udev Coldplug all Devices.
[[0;32m  OK  [0m] Started Journal Service.
[[0;32m  OK  [0m] Started Create Static Device Nodes in /dev.
[[0;32m  OK  [0m] Started Set the console keyboard layout.
[[0;32m  OK  [0m] Started File System Check on Root Device.
         Starting Remount Root and Kernel File Systems...
[   12.585899] Loading iSCSI transport class v2.0-870.
[[0;32m  OK  [0m] Started LVM2 metadata daemon.
[   12.641387] iscsi: registered transport (tcp)
[   12.654524] EXT4-fs (sda1): re-mounted. Opts: (null)
[[0;32m  OK  [0m] Started Remount Root and Kernel File Systems.
[   12.686715] random: crng init done
[   12.696001] random: 7 urandom warning(s) missed due to ratelimiting
         Starting udev Kernel Device Manager...
         Starting Load/Save Random Seed...
         Starting Flush Journal to Persistent Storage...
[[0;32m  OK  [0m] Started Monitoring of LVM2 mirrors,…sing dmeventd or progress polling.
[[0;32m  OK  [0m] Reached target Local File Systems (Pre).
[[0;32m  OK  [0m] Reached target Local File Systems.
         Starting AppArmor initialization...
         Starting ebtables ruleset management...
         Starting Commit a transient machine-id on disk...
         Starting Set console font and keymap...
         Starting Tell Plymouth To Write Out Runtime Data...
[[0;32m  OK  [0m] Started udev Kernel Device Manager.
[[0;32m  OK  [0m] Started Dispatch Password Requests to Console Directory Watch.
[[0;32m  OK  [0m] Reached target Local Encrypted Volumes.
[   12.891494] systemd-journald[400]: Received request to flush runtime journal from PID 1
[   12.908471] iscsi: registered transport (iser)
[[0;32m  OK  [0m] Started Load Kernel Modules.
         Starting Apply Kernel Variables...
         Mounting FUSE Control File System...
         Mounting Kernel Configuration File System...
[[0;32m  OK  [0m] Mounted FUSE Control File System.
[[0;32m  OK  [0m] Started Load/Save Random Seed.
[[0;32m  OK  [0m] Mounted Kernel Configuration File System.
[[0;32m  OK  [0m] Started Set console font and keymap.
[[0;32m  OK  [0m] Started Apply Kernel Variables.
[[0;32m  OK  [0m] Started Tell Plymouth To Write Out Runtime Data.
[[0;32m  OK  [0m] Started Flush Journal to Persistent Storage.
         Starting Create Volatile Files and Directories...
[[0;32m  OK  [0m] Started Commit a transient machine-id on disk.
[[0;32m  OK  [0m] Started Create Volatile Files and Directories.
         Starting Update UTMP about System Boot/Shutdown...
[[0;32m  OK  [0m] Started ebtables ruleset management.
[[0;32m  OK  [0m] Started Update UTMP about System Boot/Shutdown.
[[0;32m  OK  [0m] Found device /dev/ttyS0.
[[0;32m  OK  [0m] Listening on Load/Save RF Kill Switch Status /dev/rfkill Watch.
[[0;32m  OK  [0m] Started AppArmor initialization.
         Starting Load AppArmor profiles managed internally by snapd...
         Starting Initial cloud-init job (pre-networking)...
[[0;32m  OK  [0m] Started Load AppArmor profiles managed internally by snapd.
[   16.206718] cloud-init[562]: Cloud-init v. 21.2-3-g899bfaa9-0ubuntu2~18.04.1 running 'init-local' at Tue, 31 Aug 2021 19:21:08 +0000. Up 15.82 seconds.
[[0;32m  OK  [0m] Started Initial cloud-init job (pre-networking).
[[0;32m  OK  [0m] Reached target Network (Pre).
         Starting Network Service...
[[0;32m  OK  [0m] Started Network Service.
         Starting Network Name Resolution...
         Starting Wait for Network to be Configured...
[[0;32m  OK  [0m] Started Network Name Resolution.
[[0;32m  OK  [0m] Reached target Network.
[[0;32m  OK  [0m] Reached target Host and Network Name Lookups.
[[0;32m  OK  [0m] Started Wait for Network to be Configured.
         Starting Initial cloud-init job (metadata service crawler)...
[   18.917671] cloud-init[666]: Cloud-init v. 21.2-3-g899bfaa9-0ubuntu2~18.04.1 running 'init' at Tue, 31 Aug 2021 19:21:11 +0000. Up 18.75 seconds.
[   18.926856] cloud-init[666]: ci-info: ++++++++++++++++++++++++++++++++++++++Net device info+++++++++++++++++++++++++++++++++++++++
[   18.936693] cloud-init[666]: ci-info: +--------+-------+----------------------------+---------------+--------+-------------------+
[   18.945195] cloud-init[666]: ci-info: | Device |   Up  |          Address           |      Mask     | Scope  |     Hw-Address    |
[   18.952805] cloud-init[666]: ci-info: +--------+-------+----------------------------+---------------+--------+-------------------+
[   18.960419] cloud-init[666]: ci-info: | enp0s3 |  True |         10.0.2.15          | 255.255.255.0 | global | 02:3b:61:a9:eb:70 |
[   18.968055] cloud-init[666]: ci-info: | enp0s3 |  True | fe80::3b:61ff:fea9:eb70/64 |       .       |  link  | 02:3b:61:a9:eb:70 |
[   18.977536] cloud-init[666]: ci-info: | enp0s8 | False |             .              |       .       |   .    | 08:00:27:ad:76:81 |
[   18.987572] cloud-init[666]: ci-info: |   lo   |  True |         127.0.0.1          |   255.0.0.0   |  host  |         .         |
[   18.996408] cloud-init[666]: ci-info: |   lo   |  True |          ::1/128           |       .       |  host  |         .         |
[   19.005609] cloud-init[666]: ci-info: +--------+-------+----------------------------+---------------+--------+-------------------+
[   19.014504] cloud-init[666]: ci-info: ++++++++++++++++++++++++++++Route IPv4 info+++++++++++++++++++++++++++++
[   19.023042] cloud-init[666]: ci-info: +-------+-------------+----------+-----------------+-----------+-------+
[   19.031007] cloud-init[666]: ci-info: | Route | Destination | Gateway  |     Genmask     | Interface | Flags |
[   19.038364] cloud-init[666]: ci-info: +-------+-------------+----------+-----------------+-----------+-------+
[   19.046628] cloud-init[666]: ci-info: |   0   |   0.0.0.0   | 10.0.2.2 |     0.0.0.0     |   enp0s3  |   UG  |
[   19.072701] cloud-init[666]: ci-info: |   1   |   10.0.2.0  | 0.0.0.0  |  255.255.255.0  |   enp0s3  |   U   |
[   19.095076] cloud-init[666]: ci-info: |   2   |   10.0.2.2  | 0.0.0.0  | 255.255.255.255 |   enp0s3  |   UH  |
[   19.115260] cloud-init[666]: ci-info: +-------+-------------+----------+-----------------+-----------+-------+
[   19.146662] cloud-init[666]: ci-info: +++++++++++++++++++Route IPv6 info+++++++++++++++++++
[   19.162284] cloud-init[666]: ci-info: +-------+-------------+---------+-----------+-------+
[   19.170312] cloud-init[666]: ci-info: | Route | Destination | Gateway | Interface | Flags |
[   19.178001] cloud-init[666]: ci-info: +-------+-------------+---------+-----------+-------+
[   19.190976] cloud-init[666]: ci-info: |   1   |  fe80::/64  |    ::   |   enp0s3  |   U   |
[   19.198892] cloud-init[666]: ci-info: |   3   |    local    |    ::   |   enp0s3  |   U   |
[   19.207256] cloud-init[666]: ci-info: |   4   |   ff00::/8  |    ::   |   enp0s3  |   U   |
[   19.216665] cloud-init[666]: ci-info: +-------+-------------+---------+-----------+-------+
[   20.251732] cloud-init[666]: Generating public/private rsa key pair.
[   20.273134] cloud-init[666]: Your identification has been saved in /etc/ssh/ssh_host_rsa_key.
[   20.291022] cloud-init[666]: Your public key has been saved in /etc/ssh/ssh_host_rsa_key.pub.
[   20.313732] cloud-init[666]: The key fingerprint is:
[   20.326188] cloud-init[666]: SHA256:mSb7FikWESBMQ1pVf01oI72CUfWfNSELdxNsusVcceU root@ubuntu-bionic
[   20.343643] cloud-init[666]: The key's randomart image is:
[   20.355462] cloud-init[666]: +---[RSA 2048]----+
[   20.366059] cloud-init[666]: | +*.oooo.o.o.o.**|
[   20.376284] cloud-init[[0;32m  OK  [0m] Started Initial cloud-init job (metadata service crawler).
[[0;32m  OK  [0m] Reached target Cloud-config availability.
[666]: | o.o  o.. =+o ++=|
[   20.395525] cloud-init[666]: |.      +.o.oo.=.E|
[   20.399363] cloud-init[[0;32m  OK  [0m] Reached target Network is Online.
[666]: [[0;32m  OK  [0m] Reached target Remote File Systems (Pre).
[[0;32m  OK  [0m] Reached target Remote File Systems.
         Starting Availability of block devices...
[[0;32m  OK  [0m] Reached target System Initialization.
[|      o .+.  o *.|[0;32m  OK  [0m] Started Daily Cleanup of Temporary Directories.
[[0;32m  OK  [0m] Started Discard unused blocks once a week.

[   20.427687]          Starting LXD - unix socket.
         Starting Socket activation for snappy daemon.
[[0;32m  OK  [0m] Started Ubuntu Advantage update messaging.
cloud-init[666]: |      ..So    =  |
[   20.459893] cloud-init[666]: |      o+o    .   |
[   20.473445] cloud-init[666]: |     ... .       |
[   20.479309] cloud-init[666]: |       ..        |
[   20.489082] cloud-init[666]: |       ..        |
[   20.493423] cloud-init[666]: +----[SHA256]-----+
[[0;32m  OK  [0m] Listening on ACPID Listen Socket.
[[0;32m  OK  [0m] Started Message of the Day.
[   20.498447] [[0;32m  OK  [0m] Started ACPI Events Check.
[[0;32m  OK  [0m] Reached target Paths.
cloud-init[666]: Generating public/private dsa key pair.
[   20.526512] cloud-init[666]: Your identification has been saved in /etc/ssh/ssh_host_dsa_key.
[   20.526582] cloud-init[666]: Your public key has been saved in /etc/ssh/ssh_host_dsa_key.pub.
[   20.526616] cloud-init[666]: The key fingerprint is:
[   20.526660] cloud-init[666]: SHA256:cm27x8fWvD19AuIgi1GHSrylKuHS6GqfB4SGzSlEeQE root@ubuntu-bionic
[   20.526711] cloud-init[666]: The key's randomart image is:
[   20.526756] cloud-init[666]: +---[DSA 1024]----+
[   20.526789] cloud-init[666]: |.Eo..            |
[   20.526834] cloud-init[666]: | o .             |
[   20.526877] cloud-init[666]: |oooo   .         |
[   20.526910] cloud-init[666]: |oo+.o + ..       |
[   20.526955] cloud-init[666]: |.... *..S o      |
[   20.527001] [[0;32m  OK  [0m] Listening on Open-iSCSI iscsid Socket.
[[0;32m  OK  [0m] Listening on UUID daemon activation socket.
[[0;32m  OK  [0m] Listening on D-Bus System Message Bus Socket.
[[0;32m  OK  [0m] Started Daily apt download activities.
[[0;32m  OK  [0m] Started Daily apt upgrade and clean activities.
[[0;32m  OK  [0m] Reached target Timers.
cloud-init[[0;32m  OK  [0m] Started Availability of block devices.
[[0;32m  OK  [0m] Listening on LXD - unix socket.
[[0;32m  OK  [0m] Listening on Socket activation for snappy daemon.
[[0;32m  OK  [0m] Reached target Sockets.
[[0;32m  OK  [0m] Reached target Basic System.
         Starting System Logging Service...
[[0;32m  OK  [0m] Started Deferred execution scheduler.
         Starting LXD - container startup/shutdown...
[666]:          Starting LSB: Record successful boot for GRUB...
[[0;32m  OK  [0m] Started FUSE filesystem for LXC.
|.  .= .o.....    |[[0;32m  OK  [0m] Started irqbalance daemon.

[   20.707414] cloud-init[666]: |.+ ..o o o.o o o.|
[   20.710381] cloud-init[666]: |+oo o..   ..o =.*|
[   20.712935] cloud-init[666]: |*o.o.     .. o o=|
[   20.716297] cloud-init[666]: +----[SHA256]-----+
[   20.719505] cloud-init[666]: Generating public/private ecdsa key pair.
[   20.722641] cloud-init[666]: Your identification has been saved in /etc/ssh/ssh_host_ecdsa_key.
[   20.725718] cloud-init[666]: Your public key has been saved in /etc/ssh/ssh_host_ecdsa_key.pub.
[   20.728942] cloud-init[666]: The key fingerprint is:
[   20.733230] cloud-init[666]: SHA256:waUuG87eY1I6j7HQKjuPxpiBz3w2Oy8G4c8ov8FmVps root@ubuntu-bionic
[   20.738865] cloud-init[666]: The key's randomart image is:
[   20.741567] cloud-init[666]: +---[ECDSA 256]---+
[   20.744867] cloud-init[666]: |          .      |
[   20.747877] cloud-init[666]: |       . o       |
[   20.751217] cloud-init[666]: |        +        |
[   20.766717] cloud-init[666]: |  .    . .       |
[   20.773589] cloud-init[666]: |.. .. o S        |
[   20.776391] cloud-init[666]: |o.o. * +.        |
[   20.779419] cloud-init[666]: | O*=E *o         |
[   20.784319] cloud-init[666]: |++XoX++=o        |
[   20.788492] cloud-init[666]: | +=X+*==o.       |
[   20.792609] cloud-init[666]: +----[SHA256]-----+
[   20.796637] cloud-init         Starting Pollinate to seed the pseudo random number generator...
[666]: Generating public/private ed25519 key pair.
[   20.824344] cloud-init[666]: Your identification has been saved in /etc/ssh/ssh_host_ed25519_key.
[   20.840542] cloud-init[666]: Your public key has been saved in /etc/ssh/ssh_host_ed25519_key.pub.
[   20.851124] cloud-init[666]: The key fingerprint is:
[   20.862038] cloud-init[666]: SHA256:oQKpCzut8IHbXcovOJ8V8ql1/+sK4ljWQcDTfdy70+o root@ubuntu-bionic
[   20.877700] cloud-init[666]: The key's randomart image is:
[   20.882712]          Starting Login Service...
         Starting LSB: automatic crash report generation...
cloud-init[666]: +--[ED25519 256]--+
[   20.931320] cloud-init[666]: |     ... . . .   |
[   20.935675] cloud-init[666]: |   .  o.. . o .  |
[   20.939691] cloud-init[666]: |  o    .o  .   . |
[   20.944567] cloud-init[666]: | . .   o .    .  |
[   20.949435] cloud-init[666]: |o   o o S      o |
[   20.954847] cloud-init[666]: |.=   + + .    o .|
[   21.000504] cloud-init[666]: |* o.  X +      o |
[   21.004479] cloud-init[666]: |.*o+.% o o    .  |
[   21.023745] cloud-init[666]: |o ooOoo   o++oE  |
[   21.031561] cloud-init[666]: +----[SHA256]-----+
         Starting Dispatcher daemon for systemd-networkd...
         Starting Virtualbox guest utils...
         Starting Snap Daemon...
         Starting Accounts Service...
         Starting Permit User Sessions...
[[0;32m  OK  [0m] Started D-Bus System Message Bus.
[[0;32m  OK  [0m] Started Login Service.
[[0;32m  OK  [0m] Started Unattended Upgrades Shutdown.
[[0;32m  OK  [0m] Started Regular background program processing daemon.
[[0;32m  OK  [0m] Started System Logging Service.
[[0;32m  OK  [0m] Started Permit User Sessions.
         Starting Authorization Manager...
         Starting Terminate Plymouth Boot Screen...
         Starting Hold until boot process finishes up...
[[0;32m  OK  [0m] Started Hold until boot process finishes up.
         Starting Set console scheme...
[[0;32m  OK  [0m] Started Serial Getty on ttyS0.
[[0;32m  OK  [0m] Started Terminate Plymouth Boot Screen.
[[0;32m  OK  [0m] Started Authorization Manager.
[[0;32m  OK  [0m] Started Accounts Service.
[[0;32m  OK  [0m] Started LSB: automatic crash report generation.
[[0;32m  OK  [0m] Started LSB: Record successful boot for GRUB.
[[0;32m  OK  [0m] Started Set console scheme.
[[0;32m  OK  [0m] Created slice system-getty.slice.
[[0;32m  OK  [0m] Started Getty on tty1.
[[0;32m  OK  [0m] Reached target Login Prompts.
[[0;32m  OK  [0m] Started Virtualbox guest utils.
[[0;32m  OK  [0m] Started LXD - container startup/shutdown.
[[0;32m  OK  [0m] Started Dispatcher daemon for systemd-networkd.
[[0;32m  OK  [0m] Started Snap Daemon.
         Starting Wait until snapd is fully seeded...
[[0;32m  OK  [0m] Started Pollinate to seed the pseudo random number generator.
         Starting OpenBSD Secure Shell server...
[[0;32m  OK  [0m] Started OpenBSD Secure Shell server.
[[0;32m  OK  [0m] Started Wait until snapd is fully seeded.
[[0;32m  OK  [0m] Reached target Multi-User System.
[[0;32m  OK  [0m] Reached target Graphical Interface.
         Starting Update UTMP about System Runlevel Changes...
         Starting Apply the settings specified in cloud-config...
[[0;32m  OK  [0m] Started Update UTMP about System Runlevel Changes.
[   24.692380] cloud-init[1176]: Cloud-init v. 21.2-3-g899bfaa9-0ubuntu2~18.04.1 running 'modules:config' at Tue, 31 Aug 2021 19:21:16 +0000. Up 23.98 seconds.
[[0;32m  OK  [0m] Started Apply the settings specified in cloud-config.
         Starting Execute cloud user/final scripts...
[[0;32m  OK  [0m] Created slice User Slice of vagrant.
         Starting User Manager for UID 1000...
[[0;32m  OK  [0m] Started Session 1 of user vagrant.
[[0;32m  OK  [0m] Started User Manager for UID 1000.
ci-info: no authorized SSH keys fingerprints found for user ubuntu.
<14>Aug 31 19:21:18 cloud-init: #############################################################
<14>Aug 31 19:21:18 cloud-init: -----BEGIN SSH HOST KEY FINGERPRINTS-----
<14>Aug 31 19:21:18 cloud-init: 1024 SHA256:cm27x8fWvD19AuIgi1GHSrylKuHS6GqfB4SGzSlEeQE root@ubuntu-bionic (DSA)
<14>Aug 31 19:21:18 cloud-init: 256 SHA256:waUuG87eY1I6j7HQKjuPxpiBz3w2Oy8G4c8ov8FmVps root@ubuntu-bionic (ECDSA)
<14>Aug 31 19:21:18 cloud-init: 256 SHA256:oQKpCzut8IHbXcovOJ8V8ql1/+sK4ljWQcDTfdy70+o root@ubuntu-bionic (ED25519)
<14>Aug 31 19:21:18 cloud-init: 2048 SHA256:mSb7FikWESBMQ1pVf01oI72CUfWfNSELdxNsusVcceU root@ubuntu-bionic (RSA)
<14>Aug 31 19:21:18 cloud-init: -----END SSH HOST KEY FINGERPRINTS-----
<14>Aug 31 19:21:18 cloud-init: #############################################################
-----BEGIN SSH HOST KEY KEYS-----
ecdsa-sha2-nistp256 AAAAE2VjZHNhLXNoYTItbmlzdHAyNTYAAAAIbmlzdHAyNTYAAABBBEzxbF4xO5uEHIAkqhViim13+6q8XQhgDSdDpwxFtR5eTrxsb/EwtDfawrcRswPcP2skwyeTWBrnYFyC+fdzh1k= root@ubuntu-bionic
ssh-ed25519 AAAAC3NzaC1lZDI1NTE5AAAAIOsWEjM1eVxVMEfYRydifCQxB8DGsMnoy7yc23rPTria root@ubuntu-bionic
ssh-rsa AAAAB3NzaC1yc2EAAAADAQABAAABAQDCwEH3LwwXsYYCIuByqTiKcDKYZZllVurvQ40/vGtYD6JBZv007r/FCZ7nnmz7d2pSCqmcxLXPd2fqWGMf53hWSQTlT2PcwEBcRdSItmhDCvjqm2hx/P1ZtZ6Ka/+c7LeuGK9mvns6db0sDqVB+aEuraItwP/atr1y3fsor5U0AUbici+LEYvXTkvDX2Gi++mzdOtUEFeYluH+Y+Ss8x/MZNXMFZMTgrT432APgrYs7RFj3SD3OuN7lXdLE0gyqZTdllBg7iIqSMONJwE23hYng5pm1VrgC7NbaCaVBhdw7CBwuqypzYZfWhwgb4oqear7L93lplxzDCjoYGNgn67L root@ubuntu-bionic
-----END SSH HOST KEY KEYS-----
[   25.787396] cloud-init[1227]: Cloud-init v. 21.2-3-g899bfaa9-0ubuntu2~18.04.1 running 'modules:final' at Tue, 31 Aug 2021 19:21:17 +0000. Up 25.33 seconds.
[   25.798101] cloud-init[1227]: ci-info: no authorized SSH keys fingerprints found for user ubuntu.
[   25.802333] cloud-init[1227]: Cloud-init v. 21.2-3-g899bfaa9-0ubuntu2~18.04.1 finished at Tue, 31 Aug 2021 19:21:18 +0000. Datasource DataSourceNoCloud [seed=/dev/sdb][dsmode=net].  Up 25.77 seconds
[[0;32m  OK  [0m] Started Execute cloud user/final scripts.
[[0;32m  OK  [0m] Reached target Cloud-init target.

Ubuntu 18.04.5 LTS ubuntu-bionic ttyS0

ubuntu-bionic login: 