[    0.000000] Initializing cgroup subsys cpuset
[    0.000000] Initializing cgroup subsys cpu
[    0.000000] Initializing cgroup subsys cpuacct
[    0.000000] Linux version 4.4.0-210-generic (buildd@lgw01-amd64-009) (gcc version 5.4.0 20160609 (Ubuntu 5.4.0-6ubuntu1~16.04.12) ) #242-Ubuntu SMP Fri Apr 16 09:57:56 UTC 2021 (Ubuntu 4.4.0-210.242-generic 4.4.262)
[    0.000000] Command line: BOOT_IMAGE=/boot/vmlinuz-4.4.0-210-generic root=LABEL=cloudimg-rootfs ro console=tty1 console=ttyS0
[    0.000000] KERNEL supported cpus:
[    0.000000]   Intel GenuineIntel
[    0.000000]   AMD AuthenticAMD
[    0.000000]   Centaur CentaurHauls
[    0.000000] x86/fpu: xstate_offset[2]:  576, xstate_sizes[2]:  256
[    0.000000] x86/fpu: Supporting XSAVE feature 0x01: 'x87 floating point registers'
[    0.000000] x86/fpu: Supporting XSAVE feature 0x02: 'SSE registers'
[    0.000000] x86/fpu: Supporting XSAVE feature 0x04: 'AVX registers'
[    0.000000] x86/fpu: Enabled xstate features 0x7, context size is 832 bytes, using 'standard' format.
[    0.000000] e820: BIOS-provided physical RAM map:
[    0.000000] BIOS-e820: [mem 0x0000000000000000-0x000000000009fbff] usable
[    0.000000] BIOS-e820: [mem 0x000000000009fc00-0x000000000009ffff] reserved
[    0.000000] BIOS-e820: [mem 0x00000000000f0000-0x00000000000fffff] reserved
[    0.000000] BIOS-e820: [mem 0x0000000000100000-0x000000003ffeffff] usable
[    0.000000] BIOS-e820: [mem 0x000000003fff0000-0x000000003fffffff] ACPI data
[    0.000000] BIOS-e820: [mem 0x00000000fec00000-0x00000000fec00fff] reserved
[    0.000000] BIOS-e820: [mem 0x00000000fee00000-0x00000000fee00fff] reserved
[    0.000000] BIOS-e820: [mem 0x00000000fffc0000-0x00000000ffffffff] reserved
[    0.000000] NX (Execute Disable) protection: active
[    0.000000] SMBIOS 2.5 present.
[    0.000000] Hypervisor detected: KVM
[    0.000000] e820: last_pfn = 0x3fff0 max_arch_pfn = 0x400000000
[    0.000000] MTRR: Disabled
[    0.000000] x86/PAT: MTRRs disabled, skipping PAT initialization too.
[    0.000000] CPU MTRRs all blank - virtualized system.
[    0.000000] x86/PAT: Configuration [0-7]: WB  WT  UC- UC  WB  WT  UC- UC  
[    0.000000] found SMP MP-table at [mem 0x0009fff0-0x0009ffff] mapped at [ffff88000009fff0]
[    0.000000] Scanning 1 areas for low memory corruption
[    0.000000] RAMDISK: [mem 0x362dc000-0x37165fff]
[    0.000000] ACPI: Early table checksum verification disabled
[    0.000000] ACPI: RSDP 0x00000000000E0000 000024 (v02 VBOX  )
[    0.000000] ACPI: XSDT 0x000000003FFF0030 00003C (v01 VBOX   VBOXXSDT 00000001 ASL  00000061)
[    0.000000] ACPI: FACP 0x000000003FFF00F0 0000F4 (v04 VBOX   VBOXFACP 00000001 ASL  00000061)
[    0.000000] ACPI: DSDT 0x000000003FFF0470 002325 (v02 VBOX   VBOXBIOS 00000002 INTL 20190509)
[    0.000000] ACPI: FACS 0x000000003FFF0200 000040
[    0.000000] ACPI: FACS 0x000000003FFF0200 000040
[    0.000000] ACPI: APIC 0x000000003FFF0240 00005C (v02 VBOX   VBOXAPIC 00000001 ASL  00000061)
[    0.000000] ACPI: SSDT 0x000000003FFF02A0 0001CC (v01 VBOX   VBOXCPUT 00000002 INTL 20190509)
[    0.000000] No NUMA configuration found
[    0.000000] Faking a node at [mem 0x0000000000000000-0x000000003ffeffff]
[    0.000000] NODE_DATA(0) allocated [mem 0x3ffeb000-0x3ffeffff]
[    0.000000] kvm-clock: Using msrs 4b564d01 and 4b564d00
[    0.000000] kvm-clock: cpu 0, msr 0:3ffe3001, primary cpu clock
[    0.000000] kvm-clock: using sched offset of 5069449021 cycles
[    0.000000] clocksource: kvm-clock: mask: 0xffffffffffffffff max_cycles: 0x1cd42e4dffb, max_idle_ns: 881590591483 ns
[    0.000000] Zone ranges:
[    0.000000]   DMA      [mem 0x0000000000001000-0x0000000000ffffff]
[    0.000000]   DMA32    [mem 0x0000000001000000-0x000000003ffeffff]
[    0.000000]   Normal   empty
[    0.000000]   Device   empty
[    0.000000] Movable zone start for each node
[    0.000000] Early memory node ranges
[    0.000000]   node   0: [mem 0x0000000000001000-0x000000000009efff]
[    0.000000]   node   0: [mem 0x0000000000100000-0x000000003ffeffff]
[    0.000000] Initmem setup node 0 [mem 0x0000000000001000-0x000000003ffeffff]
[    0.000000] ACPI: PM-Timer IO Port: 0x4008
[    0.000000] IOAPIC[0]: apic_id 2, version 32, address 0xfec00000, GSI 0-23
[    0.000000] ACPI: INT_SRC_OVR (bus 0 bus_irq 0 global_irq 2 dfl dfl)
[    0.000000] ACPI: INT_SRC_OVR (bus 0 bus_irq 9 global_irq 9 low level)
[    0.000000] Using ACPI (MADT) for SMP configuration information
[    0.000000] smpboot: Allowing 2 CPUs, 0 hotplug CPUs
[    0.000000] PM: Registered nosave memory: [mem 0x00000000-0x00000fff]
[    0.000000] PM: Registered nosave memory: [mem 0x0009f000-0x0009ffff]
[    0.000000] PM: Registered nosave memory: [mem 0x000a0000-0x000effff]
[    0.000000] PM: Registered nosave memory: [mem 0x000f0000-0x000fffff]
[    0.000000] e820: [mem 0x40000000-0xfebfffff] available for PCI devices
[    0.000000] Booting paravirtualized kernel on KVM
[    0.000000] clocksource: refined-jiffies: mask: 0xffffffff max_cycles: 0xffffffff, max_idle_ns: 7645519600211568 ns
[    0.000000] setup_percpu: NR_CPUS:512 nr_cpumask_bits:512 nr_cpu_ids:2 nr_node_ids:1
[    0.000000] PERCPU: Embedded 33 pages/cpu @ffff88003fc00000 s95192 r8192 d31784 u1048576
[    0.000000] Built 1 zonelists in Node order, mobility grouping on.  Total pages: 257912
[    0.000000] Policy zone: DMA32
[    0.000000] Kernel command line: BOOT_IMAGE=/boot/vmlinuz-4.4.0-210-generic root=LABEL=cloudimg-rootfs ro console=tty1 console=ttyS0
[    0.000000] PID hash table entries: 4096 (order: 3, 32768 bytes)
[    0.000000] Memory: 997792K/1048120K available (8644K kernel code, 1332K rwdata, 4044K rodata, 1492K init, 1164K bss, 50328K reserved, 0K cma-reserved)
[    0.000000] SLUB: HWalign=64, Order=0-3, MinObjects=0, CPUs=2, Nodes=1
[    0.000000] Kernel/User page tables isolation: enabled
[    0.000000] Hierarchical RCU implementation.
[    0.000000] 	Build-time adjustment of leaf fanout to 64.
[    0.000000] 	RCU restricting CPUs from NR_CPUS=512 to nr_cpu_ids=2.
[    0.000000] RCU: Adjusting geometry for rcu_fanout_leaf=64, nr_cpu_ids=2
[    0.000000] NR_IRQS:33024 nr_irqs:440 16
[    0.000000] Console: colour VGA+ 80x25
[    0.000000] console [tty1] enabled
[    0.000000] console [ttyS0] enabled
[    0.000000] tsc: Detected 2992.902 MHz processor
[    0.787946] Calibrating delay loop (skipped) preset value.. 5985.80 BogoMIPS (lpj=11971608)
[    0.800731] pid_max: default: 32768 minimum: 301
[    0.807787] ACPI: Core revision 20150930
[    0.815200] ACPI: 2 ACPI AML tables successfully acquired and loaded
[    0.824983] Security Framework initialized
[    0.831235] Yama: becoming mindful.
[    0.836485] AppArmor: AppArmor initialized
[    0.842836] Dentry cache hash table entries: 131072 (order: 8, 1048576 bytes)
[    0.856374] Inode-cache hash table entries: 65536 (order: 7, 524288 bytes)
[    0.864038] Mount-cache hash table entries: 2048 (order: 2, 16384 bytes)
[    0.873121] Mountpoint-cache hash table entries: 2048 (order: 2, 16384 bytes)
[    0.880304] Initializing cgroup subsys io
[    0.885828] Initializing cgroup subsys memory
[    0.892357] Initializing cgroup subsys devices
[    0.898817] Initializing cgroup subsys freezer
[    0.905035] Initializing cgroup subsys net_cls
[    0.911975] Initializing cgroup subsys perf_event
[    0.917045] Initializing cgroup subsys net_prio
[    0.923215] Initializing cgroup subsys hugetlb
[    0.928841] Initializing cgroup subsys pids
[    0.935368] mce: CPU supports 0 MCE banks
[    0.941701] Last level iTLB entries: 4KB 64, 2MB 8, 4MB 8
[    0.948769] Last level dTLB entries: 4KB 64, 2MB 0, 4MB 0, 1GB 4
[    0.956841] Spectre V1 : Mitigation: usercopy/swapgs barriers and __user pointer sanitization
[    0.966453] Spectre V2 : Mitigation: Full generic retpoline
[    0.974164] Spectre V2 : Spectre v2 / SpectreRSB mitigation: Filling RSB on context switch
[    0.985691] Speculative Store Bypass: Vulnerable
[    0.991979] MDS: Mitigation: Clear CPU buffers
[    1.021229] Freeing SMP alternatives memory: 36K
[    1.075034] ftrace: allocating 32380 entries in 127 pages
[    1.437426] smpboot: APIC(0) Converting physical 0 to logical package 0
[    1.445108] smpboot: Max logical packages: 1
[    1.452140] x2apic enabled
[    1.457809] Switched APIC routing to physical x2apic.
[    1.469931] ..TIMER: vector=0x30 apic1=0 pin1=2 apic2=-1 pin2=-1
[    1.585640] smpboot: CPU0: Intel(R) Xeon(R) Gold 6248R CPU @ 3.00GHz (family: 0x6, model: 0x4f, stepping: 0x0)
[    1.598203] Performance Events: unsupported p6 CPU model 79 no PMU driver, software events only.
[    1.660527] KVM setup paravirtual spinlock
[    1.667013] x86: Booting SMP configuration:
[    1.672877] .... node  #0, CPUs:      #1
[    1.679499] kvm-clock: cpu 1, msr 0:3ffe3041, secondary cpu clock
[    1.698520] mce: CPU supports 0 MCE banks
[    1.721939] x86: Booted up 1 node, 2 CPUs
[    1.731855] smpboot: Total of 2 processors activated (11971.60 BogoMIPS)
[    1.752832] devtmpfs: initialized
[    1.759006] evm: security.selinux
[    1.772230] evm: security.SMACK64
[    1.796926] evm: security.SMACK64EXEC
[    1.815005] evm: security.SMACK64TRANSMUTE
[    1.822348] evm: security.SMACK64MMAP
[    1.830256] evm: security.ima
[    1.833749] evm: security.capability
[    1.837975] clocksource: jiffies: mask: 0xffffffff max_cycles: 0xffffffff, max_idle_ns: 7645041785100000 ns
[    1.847120] futex hash table entries: 512 (order: 3, 32768 bytes)
[    1.854284] pinctrl core: initialized pinctrl subsystem
[    1.860142] RTC time: 12:37:15, date: 08/21/21
[    1.865759] NET: Registered protocol family 16
[    1.879680] cpuidle: using governor ladder
[    1.895754] cpuidle: using governor menu
[    1.900596] PCCT header not found.
[    1.904478] ACPI: bus type PCI registered
[    1.908795] acpiphp: ACPI Hot Plug PCI Controller Driver version: 0.5
[    1.914971] PCI: Using configuration type 1 for base access
[    1.932543] ACPI: Added _OSI(Module Device)
[    1.936944] ACPI: Added _OSI(Processor Device)
[    1.941411] ACPI: Added _OSI(3.0 _SCP Extensions)
[    1.946084] ACPI: Added _OSI(Processor Aggregator Device)
[    1.952625] ACPI: Executed 1 blocks of module-level executable AML code
[    1.962604] ACPI: Interpreter enabled
[    1.966697] ACPI: (supports S0 S5)
[    1.970744] ACPI: Using IOAPIC for interrupt routing
[    1.975954] PCI: Using host bridge windows from ACPI; if necessary, use "pci=nocrs" and report a bug
[    1.991472] ACPI: PCI Root Bridge [PCI0] (domain 0000 [bus 00-ff])
[    1.997317] acpi PNP0A03:00: _OSC: OS supports [ASPM ClockPM Segments MSI]
[    2.004172] acpi PNP0A03:00: _OSC: not requesting OS control; OS requires [ExtendedConfig ASPM ClockPM MSI]
[    2.013767] acpi PNP0A03:00: fail to add MMCONFIG information, can't access extended PCI configuration space under this bridge.
[    2.025489] PCI host bridge to bus 0000:00
[    2.029859] pci_bus 0000:00: root bus resource [io  0x0000-0x0cf7 window]
[    2.036208] pci_bus 0000:00: root bus resource [io  0x0d00-0xffff window]
[    2.042354] pci_bus 0000:00: root bus resource [mem 0x000a0000-0x000bffff window]
[    2.050190] pci_bus 0000:00: root bus resource [mem 0x40000000-0xfdffffff window]
[    2.057884] pci_bus 0000:00: root bus resource [bus 00-ff]
[    2.070526] pci 0000:00:01.1: legacy IDE quirk: reg 0x10: [io  0x01f0-0x01f7]
[    2.077026] pci 0000:00:01.1: legacy IDE quirk: reg 0x14: [io  0x03f6]
[    2.083149] pci 0000:00:01.1: legacy IDE quirk: reg 0x18: [io  0x0170-0x0177]
[    2.090210] pci 0000:00:01.1: legacy IDE quirk: reg 0x1c: [io  0x0376]
[    2.215321] pci 0000:00:07.0: quirk: [io  0x4000-0x403f] claimed by PIIX4 ACPI
[    2.232774] pci 0000:00:07.0: quirk: [io  0x4100-0x410f] claimed by PIIX4 SMB
[    2.283553] ACPI: PCI Interrupt Link [LNKA] (IRQs 5 9 10 *11)
[    2.301700] ACPI: PCI Interrupt Link [LNKB] (IRQs 5 9 *10 11)
[    2.310522] ACPI: PCI Interrupt Link [LNKC] (IRQs 5 *9 10 11)
[    2.319835] ACPI: PCI Interrupt Link [LNKD] (IRQs 5 9 10 *11)
[    2.328000] ACPI: Enabled 2 GPEs in block 00 to 07
[    2.335971] vgaarb: setting as boot device: PCI:0000:00:02.0
[    2.341220] vgaarb: device added: PCI:0000:00:02.0,decodes=io+mem,owns=io+mem,locks=none
[    2.349280] vgaarb: loaded
[    2.352684] vgaarb: bridge control possible 0000:00:02.0
[    2.358553] SCSI subsystem initialized
[    2.363310] ACPI: bus type USB registered
[    2.367653] usbcore: registered new interface driver usbfs
[    2.372902] usbcore: registered new interface driver hub
[    2.378129] usbcore: registered new device driver usb
[    2.385471] PCI: Using ACPI for IRQ routing
[    2.391026] NetLabel: Initializing
[    2.394789] NetLabel:  domain hash size = 128
[    2.399174] NetLabel:  protocols = UNLABELED CIPSOv4
[    2.404062] NetLabel:  unlabeled traffic allowed by default
[    2.409782] amd_nb: Cannot enumerate AMD northbridges
[    2.414893] clocksource: Switched to clocksource kvm-clock
[    2.433802] AppArmor: AppArmor Filesystem Enabled
[    2.438671] pnp: PnP ACPI init
[    2.443956] pnp: PnP ACPI: found 3 devices
[    2.464127] clocksource: acpi_pm: mask: 0xffffff max_cycles: 0xffffff, max_idle_ns: 2085701024 ns
[    2.482004] NET: Registered protocol family 2
[    2.487678] TCP established hash table entries: 8192 (order: 4, 65536 bytes)
[    2.494793] TCP bind hash table entries: 8192 (order: 5, 131072 bytes)
[    2.501659] TCP: Hash tables configured (established 8192 bind 8192)
[    2.508427] UDP hash table entries: 512 (order: 2, 16384 bytes)
[    2.514620] UDP-Lite hash table entries: 512 (order: 2, 16384 bytes)
[    2.521637] NET: Registered protocol family 1
[    2.526938] pci 0000:00:00.0: Limiting direct PCI/PCI transfers
[    2.535284] pci 0000:00:01.0: Activating ISA DMA hang workarounds
[    2.542083] Unpacking initramfs...
[    2.875461] Freeing initrd memory: 14888K
[    2.886324] clocksource: tsc: mask: 0xffffffffffffffff max_cycles: 0x2b24145cd95, max_idle_ns: 440795278539 ns
[    2.908380] platform rtc_cmos: registered platform RTC device (no PNP device found)
[    2.948676] Scanning for low memory corruption every 60 seconds
[    2.969297] audit: initializing netlink subsys (disabled)
[    2.980413] audit: type=2000 audit(1629549442.457:1): initialized
[    2.987292] Initialise system trusted keyring
[    2.992687] HugeTLB registered 2 MB page size, pre-allocated 0 pages
[    3.000744] zbud: loaded
[    3.005036] VFS: Disk quotas dquot_6.6.0
[    3.009803] VFS: Dquot-cache hash table entries: 512 (order 0, 4096 bytes)
[    3.017000] squashfs: version 4.0 (2009/01/31) Phillip Lougher
[    3.023769] fuse init (API version 7.23)
[    3.028805] Key type big_key registered
[    3.033567] Allocating IMA MOK and blacklist keyrings.
[    3.043456] Key type asymmetric registered
[    3.049782] Asymmetric key parser 'x509' registered
[    3.054998] Block layer SCSI generic (bsg) driver version 0.4 loaded (major 249)
[    3.063702] io scheduler noop registered
[    3.068412] io scheduler deadline registered (default)
[    3.074018] io scheduler cfq registered
[    3.078778] pci_hotplug: PCI Hot Plug PCI Core version: 0.5
[    3.084771] pciehp: PCI Express Hot Plug Controller Driver version: 0.4
[    3.092193] ACPI: AC Adapter [AC] (on-line)
[    3.097088] input: Power Button as /devices/LNXSYSTM:00/LNXPWRBN:00/input/input0
[    3.105516] ACPI: Power Button [PWRF]
[    3.110012] input: Sleep Button as /devices/LNXSYSTM:00/LNXSLPBN:00/input/input1
[    3.118572] ACPI: Sleep Button [SLPF]
[    3.124171] GHES: HEST is not enabled!
[    3.129558] Serial: 8250/16550 driver, 32 ports, IRQ sharing enabled
[    3.161628] 00:02: ttyS0 at I/O 0x3f8 (irq = 4, base_baud = 115200) is a 16550A
[    3.183648] Linux agpgart interface v0.103
[    3.197997] loop: module loaded
[    3.207273] scsi host0: ata_piix
[    3.213379] scsi host1: ata_piix
[    3.217690] ata1: PATA max UDMA/33 cmd 0x1f0 ctl 0x3f6 bmdma 0xd000 irq 14
[    3.224583] ata2: PATA max UDMA/33 cmd 0x170 ctl 0x376 bmdma 0xd008 irq 15
[    3.231783] libphy: Fixed MDIO Bus: probed
[    3.236628] tun: Universal TUN/TAP device driver, 1.6
[    3.243071] tun: (C) 1999-2004 Max Krasnyansky <maxk@qualcomm.com>
[    3.254060] PPP generic driver version 2.4.2
[    3.259432] ehci_hcd: USB 2.0 'Enhanced' Host Controller (EHCI) Driver
[    3.266022] ehci-pci: EHCI PCI platform driver
[    3.271173] ehci-platform: EHCI generic platform driver
[    3.276859] ohci_hcd: USB 1.1 'Open' Host Controller (OHCI) Driver
[    3.283146] ohci-pci: OHCI PCI platform driver
[    3.288308] ohci-platform: OHCI generic platform driver
[    3.293872] uhci_hcd: USB Universal Host Controller Interface driver
[    3.300501] i8042: PNP: PS/2 Controller [PNP0303:PS2K,PNP0f03:PS2M] at 0x60,0x64 irq 1,12
[    3.311857] serio: i8042 KBD port at 0x60,0x64 irq 1
[    3.317350] serio: i8042 AUX port at 0x60,0x64 irq 12
[    3.323191] mousedev: PS/2 mouse device common for all mice
[    3.330132] input: AT Translated Set 2 keyboard as /devices/platform/i8042/serio0/input/input2
[    3.336419] rtc_cmos rtc_cmos: rtc core: registered rtc_cmos as rtc0
[    3.336832] rtc_cmos rtc_cmos: alarms up to one day, 114 bytes nvram
[    3.336841] i2c /dev entries driver
[    3.336992] device-mapper: uevent: version 1.0.3
[    3.337073] device-mapper: ioctl: 4.34.0-ioctl (2015-10-28) initialised: dm-devel@redhat.com
[    3.337100] ledtrig-cpu: registered to indicate activity on CPUs
[    3.337620] NET: Registered protocol family 10
[    3.337946] NET: Registered protocol family 17
[    3.337959] Key type dns_resolver registered
[    3.338329] registered taskstats version 1
[    3.338360] Loading compiled-in X.509 certificates
[    3.339006] Loaded X.509 cert 'Build time autogenerated kernel key: cf00e047681d67edb2720680708b7d9498083038'
[    3.339041] zswap: loaded using pool lzo/zbud
[    3.352694] Key type trusted registered
[    3.375768] Key type encrypted registered
[    3.375776] AppArmor: AppArmor sha1 policy hashing enabled
[    3.375786] ima: No TPM chip found, activating TPM-bypass!
[    3.375791] ima: Allocated hash algorithm: sha1
[    3.375829] evm: HMAC attrs: 0x1
[    3.376912]   Magic number: 1:444:633
[    3.382919] rtc_cmos rtc_cmos: setting system clock to 2021-08-21 12:37:17 UTC (1629549437)
[    3.386613] BIOS EDD facility v0.16 2004-Jun-25, 0 devices found
[    3.386614] EDD information not available.
[    3.588300] Freeing unused kernel memory: 1492K
[    3.606979] Write protecting the kernel read-only data: 14336k
[    3.615032] Freeing unused kernel memory: 1584K
[    3.620383] Freeing unused kernel memory: 52K
Loading, please wait...
starting version 229
[    3.646915] random: systemd-udevd: uninitialized urandom read (16 bytes read, 5 bits of entropy available)
[    3.648349] random: udevadm: uninitialized urandom read (16 bytes read, 5 bits of entropy available)
[    3.648365] random: udevadm: uninitialized urandom read (16 bytes read, 5 bits of entropy available)
[    3.665468] random: udevadm: uninitialized urandom read (16 bytes read, 5 bits of entropy available)
[    3.665512] random: udevadm: uninitialized urandom read (16 bytes read, 5 bits of entropy available)
[    3.665799] random: udevadm: uninitialized urandom read (16 bytes read, 5 bits of entropy available)
[    3.665939] random: udevadm: uninitialized urandom read (16 bytes read, 5 bits of entropy available)
[    3.665983] random: udevadm: uninitialized urandom read (16 bytes read, 5 bits of entropy available)
[    3.666122] random: udevadm: uninitialized urandom read (16 bytes read, 5 bits of entropy available)
[    3.666309] random: udevadm: uninitialized urandom read (16 bytes read, 5 bits of entropy available)
[    3.898884] e1000: Intel(R) PRO/1000 Network Driver - version 7.3.21-k8-NAPI
[    3.928785] e1000: Copyright (c) 1999-2006 Intel Corporation.
[    3.954278] Fusion MPT base driver 3.04.20
[    3.962022] Copyright (c) 1999-2008 LSI Corporation
[    4.025080] Fusion MPT SPI Host driver 3.04.20
[    4.126245] AVX2 version of gcm_enc/dec engaged.
[    4.155987] AES CTR mode by8 optimization enabled
[    4.222294] input: ImExPS/2 Generic Explorer Mouse as /devices/platform/i8042/serio1/input/input4
[    5.181323] e1000 0000:00:03.0 eth0: (PCI:33MHz:32-bit) 02:a0:46:b5:71:eb
[    5.194069] e1000 0000:00:03.0 eth0: Intel(R) PRO/1000 Network Connection
[    5.215191] mptbase: ioc0: Initiating bringup
[    5.295815] ioc0: LSI53C1030 A0: Capabilities={Initiator}
[    5.470670] scsi host2: ioc0: LSI53C1030 A0, FwRev=00000000h, Ports=1, MaxQ=256, IRQ=20
[    5.595744] scsi 2:0:0:0: Direct-Access     VBOX     HARDDISK         1.0  PQ: 0 ANSI: 5
[    5.606233] scsi target2:0:0: Beginning Domain Validation
[    5.614458] scsi target2:0:0: Domain Validation skipping write tests
[    5.622832] scsi target2:0:0: Ending Domain Validation
[    5.628386] scsi target2:0:0: asynchronous
[    5.633953] scsi 2:0:1:0: Direct-Access     VBOX     HARDDISK         1.0  PQ: 0 ANSI: 5
[    5.642591] scsi target2:0:1: Beginning Domain Validation
[    5.659245] scsi target2:0:1: Domain Validation skipping write tests
[    5.673044] scsi target2:0:1: Ending Domain Validation
[    5.685709] scsi target2:0:1: asynchronous
[    5.715747] sd 2:0:0:0: Attached scsi generic sg0 type 0
[    5.727566] sd 2:0:0:0: [sda] 83886080 512-byte logical blocks: (42.9 GB/40.0 GiB)
[    5.803015] sd 2:0:1:0: Attached scsi generic sg1 type 0
[    5.815720] sd 2:0:1:0: [sdb] 20480 512-byte logical blocks: (10.5 MB/10.0 MiB)
[    5.846224] sd 2:0:1:0: [sdb] Write Protect is off
[    5.866664] sd 2:0:0:0: [sda] Write Protect is off
[    5.886675] sd 2:0:1:0: [sdb] Incomplete mode parameter data
[    5.911200] sd 2:0:1:0: [sdb] Assuming drive cache: write through
[    5.933960] sd 2:0:0:0: [sda] Incomplete mode parameter data
[    5.956141] sd 2:0:0:0: [sda] Assuming drive cache: write through
[    5.987477]  sda: sda1
[    6.000323] sd 2:0:1:0: [sdb] Attached SCSI disk
[    6.023862] sd 2:0:0:0: [sda] Attached SCSI disk
[    6.362261] e1000 0000:00:08.0 eth1: (PCI:33MHz:32-bit) 08:00:27:6e:70:e1
[    6.378053] e1000 0000:00:08.0 eth1: Intel(R) PRO/1000 Network Connection
[    6.396264] e1000 0000:00:03.0 enp0s3: renamed from eth0
[    6.415557] e1000 0000:00:08.0 enp0s8: renamed from eth1
Begin: Loading essential drivers ... [    9.198208] md: linear personality registered for level -1
[    9.211440] md: multipath personality registered for level -4
[    9.229976] md: raid0 personality registered for level 0
[    9.253993] md: raid1 personality registered for level 1
[    9.346942] raid6: sse2x1   gen()  8344 MB/s
[    9.418945] raid6: sse2x1   xor()  6080 MB/s
[    9.490940] raid6: sse2x2   gen() 13738 MB/s
[    9.562963] raid6: sse2x2   xor()  9042 MB/s
[    9.639999] raid6: sse2x4   gen() 16634 MB/s
[    9.710943] raid6: sse2x4   xor()  9516 MB/s
[    9.782957] raid6: avx2x1   gen() 19830 MB/s
[    9.854945] raid6: avx2x2   gen() 25842 MB/s
[    9.926936] raid6: avx2x4   gen() 28261 MB/s
[    9.932076] raid6: using algorithm avx2x4 gen() 28261 MB/s
[    9.938195] raid6: using avx2x2 recovery algorithm
[    9.945296] xor: automatically using best checksumming function:
[   10.142891]    avx       : 291657.000 MB/sec
[   10.164096] async_tx: api initialized (async)
[   10.199671] md: raid6 personality registered for level 6
[   10.211476] md: raid5 personality registered for level 5
[   10.224378] md: raid4 personality registered for level 4
[   10.242870] md: raid10 personality registered for level 10
done.
Begin: Running /scripts/init-premount ... done.
Begin: Mounting root file system ... Begin: Running /scripts/local-top ... done.
Begin: Running /scripts/local-premount ... [   10.349030] Btrfs loaded
Scanning for Btrfs filesystems
done.
Warning: fsck not present, so skipping root file system
[   10.404102] EXT4-fs (sda1): mounted filesystem with ordered data mode. Opts: (null)
done.
Begin: Running /scripts/local-bottom ... done.
Begin: Running /scripts/init-bottom ... done.
[   10.641827] systemd[1]: systemd 229 running in system mode. (+PAM +AUDIT +SELINUX +IMA +APPARMOR +SMACK +SYSVINIT +UTMP +LIBCRYPTSETUP +GCRYPT +GNUTLS +ACL +XZ -LZ4 +SECCOMP +BLKID +ELFUTILS +KMOD -IDN)
[   10.681706] systemd[1]: Detected virtualization oracle.
[   10.690833] systemd[1]: Detected architecture x86-64.

Welcome to [1mUbuntu 16.04.7 LTS[0m!

[   10.710275] systemd[1]: Set hostname to <ubuntu>.
[   10.721944] systemd[1]: Initializing machine ID from random generator.
[   10.730188] systemd[1]: Installed transient /etc/machine-id file.
[   11.260059] systemd[1]: Listening on udev Control Socket.
[[0;32m  OK  [0m] Listening on udev Control Socket.
[   11.308628] systemd[1]: Listening on fsck to fsckd communication Socket.
[[0;32m  OK  [0m] Listening on fsck to fsckd communication Socket.
[   11.355805] systemd[1]: Listening on Journal Audit Socket.
[[0;32m  OK  [0m] Listening on Journal Audit Socket.
[   11.398047] systemd[1]: Reached target Swap.
[[0;32m  OK  [0m] Reached target Swap.
[   11.418628] systemd[1]: Listening on /dev/initctl Compatibility Named Pipe.
[[0;32m  OK  [0m] Listening on /dev/initctl Compatibility Named Pipe.
[   11.456789] systemd[1]: Listening on Device-mapper event daemon FIFOs.
[[0;32m  OK  [0m] Listening on Device-mapper event daemon FIFOs.
[   11.495466] systemd[1]: Listening on LVM2 poll daemon socket.
[[0;32m  OK  [0m] Listening on LVM2 poll daemon socket.
[   11.517755] systemd[1]: Listening on udev Kernel Socket.
[[0;32m  OK  [0m] Listening on udev Kernel Socket.
[   11.527919] systemd[1]: Listening on Syslog Socket.
[[0;32m  OK  [0m] Listening on Syslog Socket.
[   11.541634] systemd[1]: Set up automount Arbitrary Executable File Formats File System Automount Point.
[[0;32m  OK  [0m] Set up automount Arbitrary Executab...ats File System Automount Point.
[   11.568177] systemd[1]: Reached target Encrypted Volumes.
[[0;32m  OK  [0m] Reached target Encrypted Volumes.
[   11.590284] systemd[1]: Created slice System Slice.
[[0;32m  OK  [0m] Created slice System Slice.
[   11.602291] systemd[1]: Created slice system-serial\x2dgetty.slice.
[[0;32m  OK  [0m] Created slice system-serial\x2dgetty.slice.
[   11.616604] systemd[1]: Listening on Journal Socket.
[[0;32m  OK  [0m] Listening on Journal Socket.
[   11.651165] systemd[1]: Mounting POSIX Message Queue File System...
[   11.653010] random: nonblocking pool is initialized
         Mounting POSIX Message Queue File System...
[   11.704350] systemd[1]: Starting Nameserver information manager...
         Starting Nameserver information manager...
[   11.732226] systemd[1]: Starting Set console keymap...
         Starting Set console keymap...
[   11.752542] systemd[1]: Mounting Debug File System...
         Mounting Debug File System...
[   11.771118] systemd[1]: Mounting Huge Pages File System...
         Mounting Huge Pages File System...
[   11.800191] systemd[1]: Starting Uncomplicated firewall...
         Starting Uncomplicated firewall...
[   11.828233] systemd[1]: Listening on LVM2 metadata daemon socket.
[[0;32m  OK  [0m] Listening on LVM2 metadata daemon socket.
[   11.871156] systemd[1]: Starting Monitoring of LVM2 mirrors, snapshots etc. using dmeventd or progress polling...
         Starting Monitoring of LVM2 mirrors... dmeventd or progress polling...
[   11.924264] systemd[1]: Started Forward Password Requests to Wall Directory Watch.
[[0;32m  OK  [0m] Started Forward Password Requests to Wall Directory Watch.
[   12.059100] systemd[1]: Starting Load Kernel Modules...
         Starting Load Kernel Modules...
[   12.087756] systemd[1]: Starting Create list of required static device nodes for the current kernel...
         Starting Create list of required st... nodes for the current kernel...
[   12.122350] systemd[1]: Reached target System Time Synchronized.
[[0;32m  OK  [0m] Reached target System Time Synchronized.
[   12.139941] systemd[1]: Listening on Journal Socket (/dev/log).
[   12.161718] Loading iSCSI transport class v2.0-870.
[[0;32m  OK  [0m] Listening on Journal Socket (/dev/log).
[   12.188948] iscsi: registered transport (tcp)
[   12.199201] systemd[1]: Starting Journal Service...
         Starting Journal Service...
[   12.213392] systemd[1]: Starting File System Check on Root Device...
         Starting File System Check on Root Device...
[   12.247989] systemd[1]: Reached target User and Group Name Lookups.
[[0;32m  OK  [0m] Reached target User and Group Name Lookups.
[   12.283322] systemd[1]: Created slice User and Session Slice.
[[0;32m  OK  [0m] Created slice User and Session Slice.
[   12.315619] systemd[1]: Reached target Slices.
[[0;32m  OK  [0m] Reached target Slices.
[   12.328016] systemd[1]: Started Trigger resolvconf update for networkd DNS.
[[0;32m  OK  [0m] Started Trigger resolvconf update for networkd DNS.
[   12.396199] systemd[1]: Mounted POSIX Message Queue File System.
[[0;32m  OK  [0m] Mounted POSIX Message Queue File System.
[   12.427667] systemd[1]: Mounted Huge Pages File System.
[[0;32m  OK  [0m] Mounted Huge Pages File System.
[   12.456169] systemd[1]: Mounted Debug File System.
[   12.465654] iscsi: registered transport (iser)
[[0;32m  OK  [0m] Mounted Debug File System.
[   12.478324] systemd[1]: Started Journal Service.
[[0;32m  OK  [0m] Started Journal Service.
[[0;32m  OK  [0m] Started Set console keymap.
[[0;32m  OK  [0m] Started Uncomplicated firewall.
[[0;32m  OK  [0m] Started Load Kernel Modules.
[[0;32m  OK  [0m] Started Create list of required sta...ce nodes for the current kernel.
[[0;32m  OK  [0m] Started File System Check on Root Device.
[[0;32m  OK  [0m] Started Nameserver information manager.
[[0;32m  OK  [0m] Started File System Check Daemon to report status.
[[0;32m  OK  [0m] Started LVM2 metadata daemon.
         Starting Remount Root and Kernel File Systems...
         Starting Create Static Device Nodes in /dev...
         Starting Apply Kernel Variables...
[   12.626879] EXT4-fs (sda1): re-mounted. Opts: (null)
         Mounting FUSE Control File System...
[[0;32m  OK  [0m] Mounted FUSE Control File System.
[[0;32m  OK  [0m] Started Remount Root and Kernel File Systems.
         Starting Flush Journal to Persistent Storage...
         Starting Load/Save Random Seed...
         Starting udev Coldplug all Devices...
[[0;32m  OK  [0m] Started Create Static Device Nodes in /dev.
[[0;32m  OK  [0m] Started Apply Kernel Variables.
[[0;32m  OK  [0m] Started Load/Save Random Seed.
         Starting udev Kernel Device Manager...
[[0;32m  OK  [0m] Started Flush Journal to Persistent Storage.
[[0;32m  OK  [0m] Started udev Coldplug all Devices.
[[0;32m  OK  [0m] Started udev Kernel Device Manager.
[[0;32m  OK  [0m] Started Dispatch Password Requests to Console Directory Watch.
[[0;32m  OK  [0m] Found device /dev/ttyS0.
[[0;32m  OK  [0m] Started Monitoring of LVM2 mirrors,...ng dmeventd or progress polling.
[[0;32m  OK  [0m] Reached target Local File Systems (Pre).
[[0;32m  OK  [0m] Reached target Local File Systems.
         Starting Set console font and keymap...
         Starting Tell Plymouth To Write Out Runtime Data...
         Starting LSB: AppArmor initialization...
         Starting Create Volatile Files and Directories...
         Starting Initial cloud-init job (pre-networking)...
         Starting Commit a transient machine-id on disk...
[[0;32m  OK  [0m] Started Tell Plymouth To Write Out Runtime Data.
[[0;32m  OK  [0m] Started Create Volatile Files and Directories.
         Starting Update UTMP about System Boot/Shutdown...
[[0;32m  OK  [0m] Started Update UTMP about System Boot/Shutdown.
[[0;32m  OK  [0m] Started Commit a transient machine-id on disk.
[[0;32m  OK  [0m] Listening on Load/Save RF Kill Switch Status /dev/rfkill Watch.
[   13.863380] cloud-init[534]: Cloud-init v. 21.1-19-gbad84ad4-0ubuntu1~16.04.2 running 'init-local' at Sat, 21 Aug 2021 12:37:28 +0000. Up 13.23 seconds.
[[0;32m  OK  [0m] Started LSB: AppArmor initialization.
[[0;32m  OK  [0m] Started Initial cloud-init job (pre-networking).
[[0;32m  OK  [0m] Reached target Network (Pre).
         Starting Load AppArmor profiles managed internally by snapd...
         Starting Raise network interfaces...
[[0;32m  OK  [0m] Started Load AppArmor profiles managed internally by snapd.
[[0;32m  OK  [0m] Started Set console font and keymap.
[[0;32m  OK  [0m] Created slice system-getty.slice.
[[0;32m  OK  [0m] Started Raise network interfaces.
         Starting Initial cloud-init job (metadata service crawler)...
[[0;32m  OK  [0m] Reached target Network.
[   18.368123] cloud-init[962]: Cloud-init v. 21.1-19-gbad84ad4-0ubuntu1~16.04.2 running 'init' at Sat, 21 Aug 2021 12:37:33 +0000. Up 17.75 seconds.
[   18.399747] cloud-init[962]: ci-info: ++++++++++++++++++++++++++++++++++++++Net device info+++++++++++++++++++++++++++++++++++++++
[   18.431941] cloud-init[962]: ci-info: +--------+-------+----------------------------+---------------+--------+-------------------+
[   18.496561] cloud-init[962]: ci-info: | Device |   Up  |          Address           |      Mask     | Scope  |     Hw-Address    |
[   18.527312] cloud-init[962]: ci-info: +--------+-------+----------------------------+---------------+--------+-------------------+
[   18.549363] cloud-init[962]: ci-info: | enp0s3 |  True |         10.0.2.15          | 255.255.255.0 | global | 02:a0:46:b5:71:eb |
[   18.574144] cloud-init[962]: ci-info: | enp0s3 |  True | fe80::a0:46ff:feb5:71eb/64 |       .       |  link  | 02:a0:46:b5:71:eb |
[   18.595888] cloud-init[962]: ci-info: | enp0s8 | False |             .              |       .       |   .    | 08:00:27:6e:70:e1 |
[   18.616495] cloud-init[962]: ci-info: |   lo   |  True |         127.0.0.1          |   255.0.0.0   |  host  |         .         |
[   18.641607] cloud-init[962]: ci-info: |   lo   |  True |          ::1/128           |       .       |  host  |         .         |
[   18.665048] cloud-init[962]: ci-info: +--------+-------+----------------------------+---------------+--------+-------------------+
[   18.694737] cloud-init[962]: ci-info: +++++++++++++++++++++++++++Route IPv4 info++++++++++++++++++++++++++++
[   18.729584] cloud-init[962]: ci-info: +-------+-------------+----------+---------------+-----------+-------+
[   18.736480] cloud-init[962]: ci-info: | Route | Destination | Gateway  |    Genmask    | Interface | Flags |
[   18.744425] cloud-init[962]: ci-info: +-------+-------------+----------+---------------+-----------+-------+
[   18.751492] cloud-init[962]: ci-info: |   0   |   0.0.0.0   | 10.0.2.2 |    0.0.0.0    |   enp0s3  |   UG  |
[   18.755877] cloud-init[962]: ci-info: |   1   |   10.0.2.0  | 0.0.0.0  | 255.255.255.0 |   enp0s3  |   U   |
[   18.762412] cloud-init[962]: ci-info: +-------+-------------+----------+---------------+-----------+-------+
[   18.768034] cloud-init[962]: ci-info: +++++++++++++++++++Route IPv6 info+++++++++++++++++++
[   18.773827] cloud-init[962]: ci-info: +-------+-------------+---------+-----------+-------+
[   18.777910] cloud-init[962]: ci-info: | Route | Destination | Gateway | Interface | Flags |
[   18.783340] cloud-init[962]: ci-info: +-------+-------------+---------+-----------+-------+
[   18.787682] cloud-init[962]: ci-info: |   0   |  fe80::/64  |    ::   |   enp0s3  |   U   |
[   18.792564] cloud-init[962]: ci-info: |   3   |   ff00::/8  |    ::   |   enp0s3  |   U   |
[[0;32m  OK  [0m] Started Initial cloud-init job (metadata service crawler).
[[0;32m  OK  [0m] Reached target Cloud-config availability.
[[0;32m  OK  [0m] Reached target System Initialization.
[[   18.800072] cloud-init[962]: ci-info: +-------+-------------+---------+-----------+-------+
[   18.808683] cloud-init[962]: [0;32m  OK  [0m] Listening on D-Bus System Message Bus Socket.
[[0;32m  OK  [0m] Listening on UUID daemon activation socket.
[[0;32m  OK  [0m] Started Message of the Day.
[Generating public/private rsa key pair.
[   18.820645] cloud-init[962]: Your identification has been saved in /etc/ssh/ssh_host_rsa_key.
[   18.821815] cloud-init[962]: Your public key has been saved in /etc/ssh/ssh_host_rsa_key.pub.
[0;32m  OK  [0m] Started Ubuntu Advantage update messaging.
[   18.825445] cloud-init[962]: The key fingerprint is:
[   18.883937] cloud-init[962]: SHA256:wBo89+vDreoCq8EiDObz9cS8f6xg564LOaQ2Hs6xZpU root@ubuntu-xenial
         [   18.900458] cloud-init[962]: The key's randomart image is:
[   18.906976] cloud-init[962]: +---[RSA 2048]----+
[   18.910822] Starting LXD - unix socket.
cloud-init[962]: |                 |
[   18.916781] cloud-init[962]: |   . .           |
[   18.920551] cloud-init[962]: |    + +          |
[[0;32m  OK  [0m] Started Daily Cleanup of Temporary Directories.
[   18.927957] [[0;32m  OK  [0m] Started Daily apt download activities.
[[0;32m  OK  [0m] Started Daily apt upgrade and clean activities.
cloud-init[962]: [[0;32m  OK  [0m] Reached target Timers.
         Starting Socket activation for snappy daemon.
|     = o         |
[   18.948607] [[0;32m  OK  [0m] Started ACPI Events Check.
[cloud-init[962]: |..  ... S        |
[   18.955309] cloud-init[962]: |* . oE+  .       |
[   18.959244] cloud-init[962]: |+= O.= B.o.      |
[   18.963546] cloud-init[962]: |o.OoB *.B .o     |
[0;32m  OK  [0m] Reached target Paths.
[   18.969601] [[0;32m  OK  [0m] Listening on ACPID Listen Socket.
cloud-init[962]: |..o* oo*BBo      |[[0;32m  OK  [0m] Reached target Network is Online.

[   18.982280] cloud-init[962]: +----[SHA256]-----+
[   18.988110] cloud-init[962]: Generating public/private dsa key pair.
[   18.995460] cloud-init[962]: Your identification has been saved in /etc/ssh/ssh_host_dsa_key.
[   19.013402] cloud-init[962]: Your public key has been saved in /etc/ssh/ssh_host_dsa_key.pub.
         Starting iSCSI initiator daemon (iscsid)...
[[0;32m  OK  [0m] Listening on LXD - unix socket.
[[0;32m  OK  [0m] Listening on Socket activation for snappy daemon.
[[0;32m  OK  [0m[   19.033608] cloud-init[962]: The key fingerprint is:
[   19.038117] cloud-init[962]: SHA256:UL6di6oEIqQ1rGw8maF6cMpmX+cxVOvErBMOOtjhm7M root@ubuntu-xenial
[   19.045396] cloud-init[962]: The key's randomart image is:
[   19.051330] cloud-init[962]: +---[DSA 1024]----+] Reached target Sockets.
[[0;32m  OK  [0m] Reached target Basic System.
         Starting /etc/rc.local Compatibility...
         Starting Login Service...

[   19.066335] cloud-init[962]: |        .        |         Starting LSB: Record successful boot for GRUB...

[   19.088068] [[0;32m  OK  [0m] Started Regular background program processing daemon.
cloud-init[962]: | .     o         |         Starting Pollinate to seed the pseudo random number generator...
         Starting Accounts Service...

[   19.104347]          Starting LXD - container startup/shutdown...
[[0;32m  OK  [0m] Started D-Bus System Message Bus.
cloud-init[962]: | o+   . ..       |
[   19.156497] cloud-init[962]: |*o+.   .+o..     |
[   19.180207] cloud-init[962]: |BBo. . oS=o      |
[   19.197733] cloud-init[962]: |===.o + =. .     |
[   19.213751] cloud-init[962]: |o=.=.. B...      |
[   19.221781] cloud-init[962]: |o..o= o.+        |
[   19.225754] cloud-init[962]: |   E+...         |
[   19.232840] cloud-init[962]: +----[SHA256]-----+
[   19.238623] cloud-init[962]: Generating public/private ecdsa key pair.
         Starting System Logging Service...
         Starting Virtualbox guest utils...
[   19.249278] cloud-init[962]: Your identification has been saved in /etc/ssh/ssh_host_ecdsa_key.
[[0;32m  OK  [0m] Started ACPI event daemon.
[   19.265567] cloud-init[962]: Your public key has been saved in /etc/ssh/ssh_host_ecdsa_key.pub.
[[0;32m  OK  [0m] Started Deferred execution scheduler.
[   19.289729] cloud-init[962]: The key fingerprint is:
[   19.300345] cloud-init[962]: SHA256:5EwW5Xftejgi21wIVh/lXyuWqJz2H52y55QbDz2rI50 root@ubuntu-xenial
[   19.305258] cloud-init[962]: The key's randomart image is:
         Starting Snap Daemon...
         Starting LSB: MD monitoring daemon...
[   19.319214] cloud-init[962]: +---[ECDSA 256]---+
[   19.321146] cloud-init[962]: |        ...     .|
[   19.321185] cloud-init[962]: |         o     + |
[   19.321591] cloud-init[962]: |        + . o o +|
[   19.321649] cloud-init[962]: |       *   o.o.o+|
[   19.322057] cloud-init[962]: |        S o. +..o|
[   19.322433] cloud-init[962]: |        ..o...o+o|
[   19.322464] cloud-init[962]: |         =. +oBBo|
[   19.322859] cloud-init[962]: |        . .* E==*|
[   19.322891] cloud-init[962]: |          ..=+=+.|
[   19.322934] cloud-init[962]: +----[SHA256]-----+
[   19.323309] cloud-init[962]: Generating public/private ed25519 key pair.
[   19.323353] cloud-init[962]: Your identification has been saved in /etc/ssh/ssh_host_ed25519_key.
[   19.323382] cloud-init[962]: Your public key has been saved in /etc/ssh/ssh_host_ed25519_key.pub.
[   19.323769] cloud-init[962]: The key fingerprint is:
[   19.323799] cloud-init[962]: SHA256:LkmgsmkO0GTP9EDg0yLKFhesEmIjIp/vhsZstX/DG/A root@ubuntu-xenial
[   19.324207] cloud-init[962]: The key's randomart image is:
[   19.324251] cloud-init[962]: +--[ED25519 256]--+
[   19.324646] cloud-init[962]: |  oo.            |
[   19.325064] cloud-init[962]: |*+ +.            |
[[0;32m  OK  [0m] Started FUSE filesystem for LXC.
[   19.354677] cloud-init[962]: |B+Oo=            |
[[0;32m  OK  [0m] Started /etc/rc.local Compatibility.
[[0;32m  OK  [0m] Started System Logging Service.
[   19.382852] cloud-init[962]: |+*=B +           |
[   19.411439] cloud-init[962]: |=oo.o + S        |
[   19.417602] cloud-init[962]: |o+  o. =         |
[   19.422579] cloud-init[962]: |++ + .o.E        |
[   19.426981] cloud-init[962]: |+ * +  .+.       |
[   19.433673] cloud-init[962]: | + . ....o       |
[[0;32m  OK  [0m] Started iSCSI initiator daemon (iscsid).
[[0;32m  OK  [0m] Started Login Service.
[[0;32m  OK  [0m] Started Unattended Upgrades Shutdown.
[   19.457096] cloud-init[962]: +----[SHA256]-----+
         Starting Login to default iSCSI targets...
         Starting Authenticate and Authorize Users to Run Privileged Tasks...
[[0;32m  OK  [0m] Started LSB: Record successful boot for GRUB.
[[0;32m  OK  [0m] Started LSB: MD monitoring daemon.
[[0;32m  OK  [0m] Started Login to default iSCSI targets.
[[0;32m  OK  [0m] Started Authenticate and Authorize Users to Run Privileged Tasks.
[[0;32m  OK  [0m] Started Accounts Service.
[[0;32m  OK  [0m] Reached target Remote File Systems (Pre).
[[0;32m  OK  [0m] Reached target Remote File Systems.
         Starting LSB: daemon to balance interrupts for SMP systems...
         Starting LSB: automatic crash report generation...
         Starting Permit User Sessions...
         Starting LSB: Set the CPU Frequency Scaling governor to "ondemand"...
[[0;32m  OK  [0m] Started LXD - container startup/shutdown.
[[0;32m  OK  [0m] Started Virtualbox guest utils.
[[0;32m  OK  [0m] Started Permit User Sessions.
         Starting Terminate Plymouth Boot Screen...
         Starting Hold until boot process finishes up...
[[0;32m  OK  [0m] Started LSB: automatic crash report generation.
[[0;32m  OK  [0m] Started LSB: daemon to balance interrupts for SMP systems.
[[0;32m  OK  [0m] Started LSB: Set the CPU Frequency Scaling governor to "ondemand".
[[0;32m  OK  [0m] Started Terminate Plymouth Boot Screen.
[[0;32m  OK  [0m] Started Hold until boot process finishes up.
[[0;32m  OK  [0m] Started Serial Getty on ttyS0.
[[0;32m  OK  [0m] Started Getty on tty1.
[[0;32m  OK  [0m] Reached target Login Prompts.
         Starting Set console scheme...
[[0;32m  OK  [0m] Started Pollinate to seed the pseudo random number generator.
[[0;32m  OK  [0m] Started Set console scheme.
         Starting OpenBSD Secure Shell server...
[[0;32m  OK  [0m] Started OpenBSD Secure Shell server.
[[0;32m  OK  [0m] Started Snap Daemon.
         Starting Wait until snapd is fully seeded...
[[0;32m  OK  [0m] Started Wait until snapd is fully seeded.
         Starting Apply the settings specified in cloud-config...
[[0;32m  OK  [0m] Reached target Multi-User System.
[[0;32m  OK  [0m] Reached target Graphical Interface.
         Starting Update UTMP about System Runlevel Changes...
[[0;32m  OK  [0m] Started Update UTMP about System Runlevel Changes.
[   22.208238] cloud-init[1315]: Generating locales (this might take a while)...
[   23.191970] cloud-init[1315]:   en_US.UTF-8... done
[   23.196928] cloud-init[1315]: Generation complete.
[   23.599537] cloud-init[1315]: Cloud-init v. 21.1-19-gbad84ad4-0ubuntu1~16.04.2 running 'modules:config' at Sat, 21 Aug 2021 12:37:37 +0000. Up 22.06 seconds.
[[0;32m  OK  [0m] Started Apply the settings specified in cloud-config.
         Starting Execute cloud user/final scripts...
ci-info: no authorized SSH keys fingerprints found for user ubuntu.
<14>Aug 21 12:37:39 ec2: 
<14>Aug 21 12:37:39 ec2: #############################################################
<14>Aug 21 12:37:39 ec2: -----BEGIN SSH HOST KEY FINGERPRINTS-----
<14>Aug 21 12:37:39 ec2: 1024 SHA256:UL6di6oEIqQ1rGw8maF6cMpmX+cxVOvErBMOOtjhm7M root@ubuntu-xenial (DSA)
<14>Aug 21 12:37:39 ec2: 256 SHA256:5EwW5Xftejgi21wIVh/lXyuWqJz2H52y55QbDz2rI50 root@ubuntu-xenial (ECDSA)
<14>Aug 21 12:37:39 ec2: 256 SHA256:LkmgsmkO0GTP9EDg0yLKFhesEmIjIp/vhsZstX/DG/A root@ubuntu-xenial (ED25519)
<14>Aug 21 12:37:39 ec2: 2048 SHA256:wBo89+vDreoCq8EiDObz9cS8f6xg564LOaQ2Hs6xZpU root@ubuntu-xenial (RSA)
<14>Aug 21 12:37:39 ec2: -----END SSH HOST KEY FINGERPRINTS-----
<14>Aug 21 12:37:39 ec2: #############################################################
-----BEGIN SSH HOST KEY KEYS-----
ecdsa-sha2-nistp256 AAAAE2VjZHNhLXNoYTItbmlzdHAyNTYAAAAIbmlzdHAyNTYAAABBBBJ152d/ton4WWpp7AqLU1B0x6zK3/V+I8pXzjRAgM6r+ReesLIeanoJFCDdaJxl6BaLzkWAbi2eXcNCIN29JJU= root@ubuntu-xenial
ssh-ed25519 AAAAC3NzaC1lZDI1NTE5AAAAIKK1EZEt2nF/N9ucHm9cZdg8VZYxhNgfHDjuDrG9TEBK root@ubuntu-xenial
ssh-rsa AAAAB3NzaC1yc2EAAAADAQABAAABAQC3I+PHctCn8h3XbbUU2aS2/tyXlVUdLq5Sl6yNnG8u24HX0/FtkA7gN9o4SM2mrzKuC63N00kNdQEAZLihn3ix7f0pxZODrSyvddCbnH6X5Vcb3cP9XsanLvs7+kdTeeEpznv1EYRLsPXkFv1nossVp7OJvG8CAGc4jcjmKSqGMjESh3h0ga2tb+9fSgRHHuWeBElMEwWeTnpEjy6tCu8Kesvnj/97ibvUiUjt3D7bS1yUhzlSveKeEy/zo9K5retJgZ+5tJgd2nWcxWvFQyS6AevU+9NLTcoy69rXR99XyE8CrAknLEO732nDk7lVORs+4n8w86tVumd2Gln+lCyh root@ubuntu-xenial
-----END SSH HOST KEY KEYS-----
[   24.223841] cloud-init[1358]: Cloud-init v. 21.1-19-gbad84ad4-0ubuntu1~16.04.2 running 'modules:final' at Sat, 21 Aug 2021 12:37:39 +0000. Up 23.96 seconds.
[   24.235160] cloud-init[1358]: ci-info: no authorized SSH keys fingerprints found for user ubuntu.
[   24.267389] cloud-init[1358]: Cloud-init v. 21.1-19-gbad84ad4-0ubuntu1~16.04.2 finished at Sat, 21 Aug 2021 12:37:39 +0000. Datasource DataSourceNoCloud [seed=/dev/sdb][dsmode=net].  Up 24.21 seconds
[[0;32m  OK  [0m] Started Execute cloud user/final scripts.
[[0;32m  OK  [0m] Reached target Cloud-init target.

Ubuntu 16.04.7 LTS ubuntu-xenial ttyS0

ubuntu-xenial login: 