[    0.000000] Initializing cgroup subsys cpuset
[    0.000000] Initializing cgroup subsys cpu
[    0.000000] Initializing cgroup subsys cpuacct
[    0.000000] Linux version 4.4.0-210-generic (buildd@lgw01-amd64-009) (gcc version 5.4.0 20160609 (Ubuntu 5.4.0-6ubuntu1~16.04.12) ) #242-Ubuntu SMP Fri Apr 16 09:57:56 UTC 2021 (Ubuntu 4.4.0-210.242-generic 4.4.262)
[    0.000000] Command line: BOOT_IMAGE=/boot/vmlinuz-4.4.0-210-generic root=LABEL=cloudimg-rootfs ro console=tty1 console=ttyS0
[    0.000000] KERNEL supported cpus:
[    0.000000]   Intel GenuineIntel
[    0.000000]   AMD AuthenticAMD
[    0.000000]   Centaur CentaurHauls
[    0.000000] x86/fpu: xstate_offset[2]:  576, xstate_sizes[2]:  256
[    0.000000] x86/fpu: Supporting XSAVE feature 0x01: 'x87 floating point registers'
[    0.000000] x86/fpu: Supporting XSAVE feature 0x02: 'SSE registers'
[    0.000000] x86/fpu: Supporting XSAVE feature 0x04: 'AVX registers'
[    0.000000] x86/fpu: Enabled xstate features 0x7, context size is 832 bytes, using 'standard' format.
[    0.000000] e820: BIOS-provided physical RAM map:
[    0.000000] BIOS-e820: [mem 0x0000000000000000-0x000000000009fbff] usable
[    0.000000] BIOS-e820: [mem 0x000000000009fc00-0x000000000009ffff] reserved
[    0.000000] BIOS-e820: [mem 0x00000000000f0000-0x00000000000fffff] reserved
[    0.000000] BIOS-e820: [mem 0x0000000000100000-0x000000003ffeffff] usable
[    0.000000] BIOS-e820: [mem 0x000000003fff0000-0x000000003fffffff] ACPI data
[    0.000000] BIOS-e820: [mem 0x00000000fec00000-0x00000000fec00fff] reserved
[    0.000000] BIOS-e820: [mem 0x00000000fee00000-0x00000000fee00fff] reserved
[    0.000000] BIOS-e820: [mem 0x00000000fffc0000-0x00000000ffffffff] reserved
[    0.000000] NX (Execute Disable) protection: active
[    0.000000] SMBIOS 2.5 present.
[    0.000000] Hypervisor detected: KVM
[    0.000000] e820: last_pfn = 0x3fff0 max_arch_pfn = 0x400000000
[    0.000000] MTRR: Disabled
[    0.000000] x86/PAT: MTRRs disabled, skipping PAT initialization too.
[    0.000000] CPU MTRRs all blank - virtualized system.
[    0.000000] x86/PAT: Configuration [0-7]: WB  WT  UC- UC  WB  WT  UC- UC  
[    0.000000] found SMP MP-table at [mem 0x0009fff0-0x0009ffff] mapped at [ffff88000009fff0]
[    0.000000] Scanning 1 areas for low memory corruption
[    0.000000] RAMDISK: [mem 0x362dc000-0x37165fff]
[    0.000000] ACPI: Early table checksum verification disabled
[    0.000000] ACPI: RSDP 0x00000000000E0000 000024 (v02 VBOX  )
[    0.000000] ACPI: XSDT 0x000000003FFF0030 00003C (v01 VBOX   VBOXXSDT 00000001 ASL  00000061)
[    0.000000] ACPI: FACP 0x000000003FFF00F0 0000F4 (v04 VBOX   VBOXFACP 00000001 ASL  00000061)
[    0.000000] ACPI: DSDT 0x000000003FFF0470 002325 (v02 VBOX   VBOXBIOS 00000002 INTL 20190509)
[    0.000000] ACPI: FACS 0x000000003FFF0200 000040
[    0.000000] ACPI: FACS 0x000000003FFF0200 000040
[    0.000000] ACPI: APIC 0x000000003FFF0240 00005C (v02 VBOX   VBOXAPIC 00000001 ASL  00000061)
[    0.000000] ACPI: SSDT 0x000000003FFF02A0 0001CC (v01 VBOX   VBOXCPUT 00000002 INTL 20190509)
[    0.000000] No NUMA configuration found
[    0.000000] Faking a node at [mem 0x0000000000000000-0x000000003ffeffff]
[    0.000000] NODE_DATA(0) allocated [mem 0x3ffeb000-0x3ffeffff]
[    0.000000] kvm-clock: Using msrs 4b564d01 and 4b564d00
[    0.000000] kvm-clock: cpu 0, msr 0:3ffe3001, primary cpu clock
[    0.000000] kvm-clock: using sched offset of 5023701693 cycles
[    0.000000] clocksource: kvm-clock: mask: 0xffffffffffffffff max_cycles: 0x1cd42e4dffb, max_idle_ns: 881590591483 ns
[    0.000000] Zone ranges:
[    0.000000]   DMA      [mem 0x0000000000001000-0x0000000000ffffff]
[    0.000000]   DMA32    [mem 0x0000000001000000-0x000000003ffeffff]
[    0.000000]   Normal   empty
[    0.000000]   Device   empty
[    0.000000] Movable zone start for each node
[    0.000000] Early memory node ranges
[    0.000000]   node   0: [mem 0x0000000000001000-0x000000000009efff]
[    0.000000]   node   0: [mem 0x0000000000100000-0x000000003ffeffff]
[    0.000000] Initmem setup node 0 [mem 0x0000000000001000-0x000000003ffeffff]
[    0.000000] ACPI: PM-Timer IO Port: 0x4008
[    0.000000] IOAPIC[0]: apic_id 2, version 32, address 0xfec00000, GSI 0-23
[    0.000000] ACPI: INT_SRC_OVR (bus 0 bus_irq 0 global_irq 2 dfl dfl)
[    0.000000] ACPI: INT_SRC_OVR (bus 0 bus_irq 9 global_irq 9 low level)
[    0.000000] Using ACPI (MADT) for SMP configuration information
[    0.000000] smpboot: Allowing 2 CPUs, 0 hotplug CPUs
[    0.000000] PM: Registered nosave memory: [mem 0x00000000-0x00000fff]
[    0.000000] PM: Registered nosave memory: [mem 0x0009f000-0x0009ffff]
[    0.000000] PM: Registered nosave memory: [mem 0x000a0000-0x000effff]
[    0.000000] PM: Registered nosave memory: [mem 0x000f0000-0x000fffff]
[    0.000000] e820: [mem 0x40000000-0xfebfffff] available for PCI devices
[    0.000000] Booting paravirtualized kernel on KVM
[    0.000000] clocksource: refined-jiffies: mask: 0xffffffff max_cycles: 0xffffffff, max_idle_ns: 7645519600211568 ns
[    0.000000] setup_percpu: NR_CPUS:512 nr_cpumask_bits:512 nr_cpu_ids:2 nr_node_ids:1
[    0.000000] PERCPU: Embedded 33 pages/cpu @ffff88003fc00000 s95192 r8192 d31784 u1048576
[    0.000000] Built 1 zonelists in Node order, mobility grouping on.  Total pages: 257912
[    0.000000] Policy zone: DMA32
[    0.000000] Kernel command line: BOOT_IMAGE=/boot/vmlinuz-4.4.0-210-generic root=LABEL=cloudimg-rootfs ro console=tty1 console=ttyS0
[    0.000000] PID hash table entries: 4096 (order: 3, 32768 bytes)
[    0.000000] Memory: 997792K/1048120K available (8644K kernel code, 1332K rwdata, 4044K rodata, 1492K init, 1164K bss, 50328K reserved, 0K cma-reserved)
[    0.000000] SLUB: HWalign=64, Order=0-3, MinObjects=0, CPUs=2, Nodes=1
[    0.000000] Kernel/User page tables isolation: enabled
[    0.000000] Hierarchical RCU implementation.
[    0.000000] 	Build-time adjustment of leaf fanout to 64.
[    0.000000] 	RCU restricting CPUs from NR_CPUS=512 to nr_cpu_ids=2.
[    0.000000] RCU: Adjusting geometry for rcu_fanout_leaf=64, nr_cpu_ids=2
[    0.000000] NR_IRQS:33024 nr_irqs:440 16
[    0.000000] Console: colour VGA+ 80x25
[    0.000000] console [tty1] enabled
[    0.000000] console [ttyS0] enabled
[    0.000000] tsc: Detected 2992.902 MHz processor
[    0.630697] Calibrating delay loop (skipped) preset value.. 5985.80 BogoMIPS (lpj=11971608)
[    0.638853] pid_max: default: 32768 minimum: 301
[    0.643210] ACPI: Core revision 20150930
[    0.648241] ACPI: 2 ACPI AML tables successfully acquired and loaded
[    0.654898] Security Framework initialized
[    0.658897] Yama: becoming mindful.
[    0.662508] AppArmor: AppArmor initialized
[    0.666548] Dentry cache hash table entries: 131072 (order: 8, 1048576 bytes)
[    0.675219] Inode-cache hash table entries: 65536 (order: 7, 524288 bytes)
[    0.697484] Mount-cache hash table entries: 2048 (order: 2, 16384 bytes)
[    0.710415] Mountpoint-cache hash table entries: 2048 (order: 2, 16384 bytes)
[    0.781384] Initializing cgroup subsys io
[    0.799461] Initializing cgroup subsys memory
[    0.808140] Initializing cgroup subsys devices
[    0.817252] Initializing cgroup subsys freezer
[    0.824320] Initializing cgroup subsys net_cls
[    0.830887] Initializing cgroup subsys perf_event
[    0.836126] Initializing cgroup subsys net_prio
[    0.842584] Initializing cgroup subsys hugetlb
[    0.849322] Initializing cgroup subsys pids
[    0.856814] mce: CPU supports 0 MCE banks
[    0.861884] Last level iTLB entries: 4KB 64, 2MB 8, 4MB 8
[    0.869600] Last level dTLB entries: 4KB 64, 2MB 0, 4MB 0, 1GB 4
[    0.876255] Spectre V1 : Mitigation: usercopy/swapgs barriers and __user pointer sanitization
[    0.885218] Spectre V2 : Mitigation: Full generic retpoline
[    0.890764] Spectre V2 : Spectre v2 / SpectreRSB mitigation: Filling RSB on context switch
[    0.899107] Speculative Store Bypass: Vulnerable
[    0.904269] MDS: Mitigation: Clear CPU buffers
[    0.933358] Freeing SMP alternatives memory: 36K
[    0.986732] ftrace: allocating 32380 entries in 127 pages
[    1.351502] smpboot: APIC(0) Converting physical 0 to logical package 0
[    1.358759] smpboot: Max logical packages: 1
[    1.364680] x2apic enabled
[    1.369516] Switched APIC routing to physical x2apic.
[    1.381119] ..TIMER: vector=0x30 apic1=0 pin1=2 apic2=-1 pin2=-1
[    1.495221] smpboot: CPU0: Intel(R) Xeon(R) Gold 6248R CPU @ 3.00GHz (family: 0x6, model: 0x4f, stepping: 0x0)
[    1.506865] Performance Events: unsupported p6 CPU model 79 no PMU driver, software events only.
[    1.568692] KVM setup paravirtual spinlock
[    1.574680] x86: Booting SMP configuration:
[    1.579161] .... node  #0, CPUs:      #1
[    1.584294] kvm-clock: cpu 1, msr 0:3ffe3041, secondary cpu clock
[    1.602978] mce: CPU supports 0 MCE banks
[    1.617747] x86: Booted up 1 node, 2 CPUs
[    1.631336] smpboot: Total of 2 processors activated (11971.60 BogoMIPS)
[    1.639192] devtmpfs: initialized
[    1.644844] evm: security.selinux
[    1.649006] evm: security.SMACK64
[    1.652832] evm: security.SMACK64EXEC
[    1.656930] evm: security.SMACK64TRANSMUTE
[    1.661273] evm: security.SMACK64MMAP
[    1.665312] evm: security.ima
[    1.668949] evm: security.capability
[    1.673173] clocksource: jiffies: mask: 0xffffffff max_cycles: 0xffffffff, max_idle_ns: 7645041785100000 ns
[    1.682628] futex hash table entries: 512 (order: 3, 32768 bytes)
[    1.688716] pinctrl core: initialized pinctrl subsystem
[    1.694230] RTC time: 14:17:34, date: 08/21/21
[    1.699529] NET: Registered protocol family 16
[    1.712468] cpuidle: using governor ladder
[    1.727052] cpuidle: using governor menu
[    1.731431] PCCT header not found.
[    1.735473] ACPI: bus type PCI registered
[    1.740172] acpiphp: ACPI Hot Plug PCI Controller Driver version: 0.5
[    1.746570] PCI: Using configuration type 1 for base access
[    1.763016] ACPI: Added _OSI(Module Device)
[    1.767547] ACPI: Added _OSI(Processor Device)
[    1.772202] ACPI: Added _OSI(3.0 _SCP Extensions)
[    1.777080] ACPI: Added _OSI(Processor Aggregator Device)
[    1.783522] ACPI: Executed 1 blocks of module-level executable AML code
[    1.793300] ACPI: Interpreter enabled
[    1.797323] ACPI: (supports S0 S5)
[    1.801239] ACPI: Using IOAPIC for interrupt routing
[    1.807019] PCI: Using host bridge windows from ACPI; if necessary, use "pci=nocrs" and report a bug
[    1.836904] ACPI: PCI Root Bridge [PCI0] (domain 0000 [bus 00-ff])
[    1.845264] acpi PNP0A03:00: _OSC: OS supports [ASPM ClockPM Segments MSI]
[    1.853629] acpi PNP0A03:00: _OSC: not requesting OS control; OS requires [ExtendedConfig ASPM ClockPM MSI]
[    1.871751] acpi PNP0A03:00: fail to add MMCONFIG information, can't access extended PCI configuration space under this bridge.
[    1.904944] PCI host bridge to bus 0000:00
[    1.919431] pci_bus 0000:00: root bus resource [io  0x0000-0x0cf7 window]
[    1.928987] pci_bus 0000:00: root bus resource [io  0x0d00-0xffff window]
[    1.938697] pci_bus 0000:00: root bus resource [mem 0x000a0000-0x000bffff window]
[    1.953594] pci_bus 0000:00: root bus resource [mem 0x40000000-0xfdffffff window]
[    1.966522] pci_bus 0000:00: root bus resource [bus 00-ff]
[    1.982353] pci 0000:00:01.1: legacy IDE quirk: reg 0x10: [io  0x01f0-0x01f7]
[    1.994769] pci 0000:00:01.1: legacy IDE quirk: reg 0x14: [io  0x03f6]
[    2.002084] pci 0000:00:01.1: legacy IDE quirk: reg 0x18: [io  0x0170-0x0177]
[    2.008414] pci 0000:00:01.1: legacy IDE quirk: reg 0x1c: [io  0x0376]
[    2.140290] pci 0000:00:07.0: quirk: [io  0x4000-0x403f] claimed by PIIX4 ACPI
[    2.160481] pci 0000:00:07.0: quirk: [io  0x4100-0x410f] claimed by PIIX4 SMB
[    2.215347] ACPI: PCI Interrupt Link [LNKA] (IRQs 5 9 10 *11)
[    2.237028] ACPI: PCI Interrupt Link [LNKB] (IRQs 5 9 *10 11)
[    2.245160] ACPI: PCI Interrupt Link [LNKC] (IRQs 5 *9 10 11)
[    2.253464] ACPI: PCI Interrupt Link [LNKD] (IRQs 5 9 10 *11)
[    2.261798] ACPI: Enabled 2 GPEs in block 00 to 07
[    2.269975] vgaarb: setting as boot device: PCI:0000:00:02.0
[    2.275036] vgaarb: device added: PCI:0000:00:02.0,decodes=io+mem,owns=io+mem,locks=none
[    2.282787] vgaarb: loaded
[    2.285959] vgaarb: bridge control possible 0000:00:02.0
[    2.292087] SCSI subsystem initialized
[    2.296640] ACPI: bus type USB registered
[    2.301228] usbcore: registered new interface driver usbfs
[    2.306313] usbcore: registered new interface driver hub
[    2.311248] usbcore: registered new device driver usb
[    2.318410] PCI: Using ACPI for IRQ routing
[    2.328201] NetLabel: Initializing
[    2.332568] NetLabel:  domain hash size = 128
[    2.336974] NetLabel:  protocols = UNLABELED CIPSOv4
[    2.341756] NetLabel:  unlabeled traffic allowed by default
[    2.347316] amd_nb: Cannot enumerate AMD northbridges
[    2.352488] clocksource: Switched to clocksource kvm-clock
[    2.373488] AppArmor: AppArmor Filesystem Enabled
[    2.378026] pnp: PnP ACPI init
[    2.383707] pnp: PnP ACPI: found 3 devices
[    2.406093] clocksource: acpi_pm: mask: 0xffffff max_cycles: 0xffffff, max_idle_ns: 2085701024 ns
[    2.423519] NET: Registered protocol family 2
[    2.429185] TCP established hash table entries: 8192 (order: 4, 65536 bytes)
[    2.436128] TCP bind hash table entries: 8192 (order: 5, 131072 bytes)
[    2.442386] TCP: Hash tables configured (established 8192 bind 8192)
[    2.448790] UDP hash table entries: 512 (order: 2, 16384 bytes)
[    2.454656] UDP-Lite hash table entries: 512 (order: 2, 16384 bytes)
[    2.460936] NET: Registered protocol family 1
[    2.468666] pci 0000:00:00.0: Limiting direct PCI/PCI transfers
[    2.474552] pci 0000:00:01.0: Activating ISA DMA hang workarounds
[    2.481435] Unpacking initramfs...
[    2.788217] Freeing initrd memory: 14888K
[    2.792472] clocksource: tsc: mask: 0xffffffffffffffff max_cycles: 0x2b24145cd95, max_idle_ns: 440795278539 ns
[    2.801292] platform rtc_cmos: registered platform RTC device (no PNP device found)
[    2.808646] Scanning for low memory corruption every 60 seconds
[    2.815328] audit: initializing netlink subsys (disabled)
[    2.820527] audit: type=2000 audit(1629555460.591:1): initialized
[    2.833811] Initialise system trusted keyring
[    2.846021] HugeTLB registered 2 MB page size, pre-allocated 0 pages
[    2.863246] zbud: loaded
[    2.871838] VFS: Disk quotas dquot_6.6.0
[    2.876439] VFS: Dquot-cache hash table entries: 512 (order 0, 4096 bytes)
[    2.883637] squashfs: version 4.0 (2009/01/31) Phillip Lougher
[    2.889986] fuse init (API version 7.23)
[    2.894858] Key type big_key registered
[    2.899574] Allocating IMA MOK and blacklist keyrings.
[    2.908530] Key type asymmetric registered
[    2.913812] Asymmetric key parser 'x509' registered
[    2.918930] Block layer SCSI generic (bsg) driver version 0.4 loaded (major 249)
[    2.927272] io scheduler noop registered
[    2.931867] io scheduler deadline registered (default)
[    2.937697] io scheduler cfq registered
[    2.942193] pci_hotplug: PCI Hot Plug PCI Core version: 0.5
[    2.947923] pciehp: PCI Express Hot Plug Controller Driver version: 0.4
[    2.954797] ACPI: AC Adapter [AC] (on-line)
[    2.959489] input: Power Button as /devices/LNXSYSTM:00/LNXPWRBN:00/input/input0
[    2.967747] ACPI: Power Button [PWRF]
[    2.979895] input: Sleep Button as /devices/LNXSYSTM:00/LNXSLPBN:00/input/input1
[    3.013010] ACPI: Sleep Button [SLPF]
[    3.031961] GHES: HEST is not enabled!
[    3.039774] Serial: 8250/16550 driver, 32 ports, IRQ sharing enabled
[    3.088278] 00:02: ttyS0 at I/O 0x3f8 (irq = 4, base_baud = 115200) is a 16550A
[    3.147838] Linux agpgart interface v0.103
[    3.201800] loop: module loaded
[    3.221224] scsi host0: ata_piix
[    3.228771] scsi host1: ata_piix
[    3.233573] ata1: PATA max UDMA/33 cmd 0x1f0 ctl 0x3f6 bmdma 0xd000 irq 14
[    3.246365] ata2: PATA max UDMA/33 cmd 0x170 ctl 0x376 bmdma 0xd008 irq 15
[    3.269319] libphy: Fixed MDIO Bus: probed
[    3.281675] tun: Universal TUN/TAP device driver, 1.6
[    3.289445] tun: (C) 1999-2004 Max Krasnyansky <maxk@qualcomm.com>
[    3.299476] PPP generic driver version 2.4.2
[    3.306079] ehci_hcd: USB 2.0 'Enhanced' Host Controller (EHCI) Driver
[    3.316145] ehci-pci: EHCI PCI platform driver
[    3.328961] ehci-platform: EHCI generic platform driver
[    3.336101] ohci_hcd: USB 1.1 'Open' Host Controller (OHCI) Driver
[    3.348549] ohci-pci: OHCI PCI platform driver
[    3.355008] ohci-platform: OHCI generic platform driver
[    3.361677] uhci_hcd: USB Universal Host Controller Interface driver
[    3.369751] i8042: PNP: PS/2 Controller [PNP0303:PS2K,PNP0f03:PS2M] at 0x60,0x64 irq 1,12
[    3.382425] serio: i8042 KBD port at 0x60,0x64 irq 1
[    3.389544] serio: i8042 AUX port at 0x60,0x64 irq 12
[    3.396953] mousedev: PS/2 mouse device common for all mice
[    3.405343] input: AT Translated Set 2 keyboard as /devices/platform/i8042/serio0/input/input2
[    3.417913] rtc_cmos rtc_cmos: rtc core: registered rtc_cmos as rtc0
[    3.427015] rtc_cmos rtc_cmos: alarms up to one day, 114 bytes nvram
[    3.434128] i2c /dev entries driver
[    3.439155] device-mapper: uevent: version 1.0.3
[    3.445719] device-mapper: ioctl: 4.34.0-ioctl (2015-10-28) initialised: dm-devel@redhat.com
[    3.456558] ledtrig-cpu: registered to indicate activity on CPUs
[    3.473011] NET: Registered protocol family 10
[    3.487152] NET: Registered protocol family 17
[    3.502140] Key type dns_resolver registered
[    3.516754] registered taskstats version 1
[    3.528108] Loading compiled-in X.509 certificates
[    3.539105] Loaded X.509 cert 'Build time autogenerated kernel key: cf00e047681d67edb2720680708b7d9498083038'
[    3.553580] zswap: loaded using pool lzo/zbud
[    3.567153] Key type trusted registered
[    3.584146] Key type encrypted registered
[    3.592940] AppArmor: AppArmor sha1 policy hashing enabled
[    3.602622] ima: No TPM chip found, activating TPM-bypass!
[    3.608855] ima: Allocated hash algorithm: sha1
[    3.622851] evm: HMAC attrs: 0x1
[    3.628975]   Magic number: 1:794:283
[    3.635411] rtc_cmos rtc_cmos: setting system clock to 2021-08-21 14:17:36 UTC (1629555456)
[    3.646305] BIOS EDD facility v0.16 2004-Jun-25, 0 devices found
[    3.653610] EDD information not available.
[    3.662287] Freeing unused kernel memory: 1492K
[    3.667284] Write protecting the kernel read-only data: 14336k
[    3.675448] Freeing unused kernel memory: 1584K
[    3.680671] Freeing unused kernel memory: 52K
Loading, please wait...
starting version 229
[    3.718253] random: systemd-udevd: uninitialized urandom read (16 bytes read, 5 bits of entropy available)
[    3.719904] random: udevadm: uninitialized urandom read (16 bytes read, 5 bits of entropy available)
[    3.719926] random: udevadm: uninitialized urandom read (16 bytes read, 5 bits of entropy available)
[    3.730842] random: udevadm: uninitialized urandom read (16 bytes read, 5 bits of entropy available)
[    3.730914] random: udevadm: uninitialized urandom read (16 bytes read, 5 bits of entropy available)
[    3.731074] random: udevadm: uninitialized urandom read (16 bytes read, 5 bits of entropy available)
[    3.731130] random: udevadm: uninitialized urandom read (16 bytes read, 5 bits of entropy available)
[    3.731193] random: udevadm: uninitialized urandom read (16 bytes read, 5 bits of entropy available)
[    3.731361] random: udevadm: uninitialized urandom read (16 bytes read, 5 bits of entropy available)
[    3.731408] random: udevadm: uninitialized urandom read (16 bytes read, 5 bits of entropy available)
[    3.938761] e1000: Intel(R) PRO/1000 Network Driver - version 7.3.21-k8-NAPI
[    3.949319] e1000: Copyright (c) 1999-2006 Intel Corporation.
[    3.958234] Fusion MPT base driver 3.04.20
[    3.975591] Copyright (c) 1999-2008 LSI Corporation
[    4.016129] Fusion MPT SPI Host driver 3.04.20
[    4.037198] AVX2 version of gcm_enc/dec engaged.
[    4.052544] AES CTR mode by8 optimization enabled
[    4.312052] input: ImExPS/2 Generic Explorer Mouse as /devices/platform/i8042/serio1/input/input4
[    4.826037] e1000 0000:00:03.0 eth0: (PCI:33MHz:32-bit) 02:a0:46:b5:71:eb
[    4.843018] e1000 0000:00:03.0 eth0: Intel(R) PRO/1000 Network Connection
[    4.865695] mptbase: ioc0: Initiating bringup
[    4.937555] ioc0: LSI53C1030 A0: Capabilities={Initiator}
[    5.124780] scsi host2: ioc0: LSI53C1030 A0, FwRev=00000000h, Ports=1, MaxQ=256, IRQ=20
[    5.260059] scsi 2:0:0:0: Direct-Access     VBOX     HARDDISK         1.0  PQ: 0 ANSI: 5
[    5.277340] scsi target2:0:0: Beginning Domain Validation
[    5.305434] scsi target2:0:0: Domain Validation skipping write tests
[    5.313127] scsi target2:0:0: Ending Domain Validation
[    5.350497] scsi target2:0:0: asynchronous
[    5.459079] scsi 2:0:1:0: Direct-Access     VBOX     HARDDISK         1.0  PQ: 0 ANSI: 5
[    5.513679] scsi target2:0:1: Beginning Domain Validation
[    5.589513] scsi target2:0:1: Domain Validation skipping write tests
[    5.596773] scsi target2:0:1: Ending Domain Validation
[    5.626465] scsi target2:0:1: asynchronous
[    5.674350] sd 2:0:0:0: Attached scsi generic sg0 type 0
[    5.693049] sd 2:0:0:0: [sda] 83886080 512-byte logical blocks: (42.9 GB/40.0 GiB)
[    5.774528] sd 2:0:1:0: Attached scsi generic sg1 type 0
[    5.794774] sd 2:0:1:0: [sdb] 20480 512-byte logical blocks: (10.5 MB/10.0 MiB)
[    5.818572] sd 2:0:1:0: [sdb] Write Protect is off
[    5.833663] sd 2:0:0:0: [sda] Write Protect is off
[    5.850800] sd 2:0:1:0: [sdb] Incomplete mode parameter data
[    5.866861] sd 2:0:1:0: [sdb] Assuming drive cache: write through
[    5.884466] sd 2:0:0:0: [sda] Incomplete mode parameter data
[    5.900110] sd 2:0:0:0: [sda] Assuming drive cache: write through
[    5.928978]  sda: sda1
[    5.956590] sd 2:0:1:0: [sdb] Attached SCSI disk
[    5.976848] sd 2:0:0:0: [sda] Attached SCSI disk
[    6.366192] e1000 0000:00:08.0 eth1: (PCI:33MHz:32-bit) 08:00:27:36:d1:f3
[    6.385227] e1000 0000:00:08.0 eth1: Intel(R) PRO/1000 Network Connection
[    6.428138] e1000 0000:00:08.0 enp0s8: renamed from eth1
[    6.456874] e1000 0000:00:03.0 enp0s3: renamed from eth0
Begin: Loading essential drivers ... [    9.210549] md: linear personality registered for level -1
[    9.228615] md: multipath personality registered for level -4
[    9.239499] md: raid0 personality registered for level 0
[    9.277347] md: raid1 personality registered for level 1
[    9.368531] raid6: sse2x1   gen()  7596 MB/s
[    9.444556] raid6: sse2x1   xor()  5342 MB/s
[    9.520538] raid6: sse2x2   gen() 11971 MB/s
[    9.592525] raid6: sse2x2   xor()  8128 MB/s
[    9.664536] raid6: sse2x4   gen() 13804 MB/s
[    9.736542] raid6: sse2x4   xor()  9888 MB/s
[    9.808543] raid6: avx2x1   gen() 19716 MB/s
[    9.880556] raid6: avx2x2   gen() 25105 MB/s
[    9.952542] raid6: avx2x4   gen() 25971 MB/s
[    9.958367] raid6: using algorithm avx2x4 gen() 25971 MB/s
[    9.965194] raid6: using avx2x2 recovery algorithm
[    9.985910] xor: automatically using best checksumming function:
[   10.061256]    avx       : 20993.000 MB/sec
[   10.090240] async_tx: api initialized (async)
[   10.123347] md: raid6 personality registered for level 6
[   10.136044] md: raid5 personality registered for level 5
[   10.147123] md: raid4 personality registered for level 4
[   10.168451] md: raid10 personality registered for level 10
done.
Begin: Running /scripts/init-premount ... done.
Begin: Mounting root file system ... Begin: Running /scripts/local-top ... done.
Begin: Running /scripts/local-premount ... [   10.260207] Btrfs loaded
Scanning for Btrfs filesystems
done.
Warning: fsck not present, so skipping root file system
[   10.358453] EXT4-fs (sda1): mounted filesystem with ordered data mode. Opts: (null)
done.
Begin: Running /scripts/local-bottom ... done.
Begin: Running /scripts/init-bottom ... done.
[   10.651651] systemd[1]: systemd 229 running in system mode. (+PAM +AUDIT +SELINUX +IMA +APPARMOR +SMACK +SYSVINIT +UTMP +LIBCRYPTSETUP +GCRYPT +GNUTLS +ACL +XZ -LZ4 +SECCOMP +BLKID +ELFUTILS +KMOD -IDN)
[   10.695000] systemd[1]: Detected virtualization oracle.
[   10.719067] systemd[1]: Detected architecture x86-64.

Welcome to [1mUbuntu 16.04.7 LTS[0m!

[   10.741639] systemd[1]: Set hostname to <ubuntu>.
[   10.763416] systemd[1]: Initializing machine ID from random generator.
[   10.773500] systemd[1]: Installed transient /etc/machine-id file.
[   11.177399] random: nonblocking pool is initialized
[   11.384788] systemd[1]: Listening on fsck to fsckd communication Socket.
[[0;32m  OK  [0m] Listening on fsck to fsckd communication Socket.
[   11.400447] systemd[1]: Listening on Device-mapper event daemon FIFOs.
[[0;32m  OK  [0m] Listening on Device-mapper event daemon FIFOs.
[   11.412373] systemd[1]: Listening on Syslog Socket.
[[0;32m  OK  [0m] Listening on Syslog Socket.
[   11.421840] systemd[1]: Reached target Swap.
[[0;32m  OK  [0m] Reached target Swap.
[   11.434805] systemd[1]: Started Trigger resolvconf update for networkd DNS.
[[0;32m  OK  [0m] Started Trigger resolvconf update for networkd DNS.
[   11.451495] systemd[1]: Set up automount Arbitrary Executable File Formats File System Automount Point.
[[0;32m  OK  [0m] Set up automount Arbitrary Executab...ats File System Automount Point.
[   11.468250] systemd[1]: Created slice System Slice.
[[0;32m  OK  [0m] Created slice System Slice.
[   11.477860] systemd[1]: Created slice User and Session Slice.
[[0;32m  OK  [0m] Created slice User and Session Slice.
[   11.488247] systemd[1]: Reached target Slices.
[[0;32m  OK  [0m] Reached target Slices.
[   11.497310] systemd[1]: Listening on Journal Audit Socket.
[[0;32m  OK  [0m] Listening on Journal Audit Socket.
[   11.507374] systemd[1]: Listening on udev Control Socket.
[[0;32m  OK  [0m] Listening on udev Control Socket.
[   11.517744] systemd[1]: Created slice system-serial\x2dgetty.slice.
[[0;32m  OK  [0m] Created slice system-serial\x2dgetty.slice.
[   11.528956] systemd[1]: Listening on Journal Socket.
[[0;32m  OK  [0m] Listening on Journal Socket.
[   11.560735] systemd[1]: Starting Create list of required static device nodes for the current kernel...
         Starting Create list of required st... nodes for the current kernel...
[   11.581451] systemd[1]: Starting Load Kernel Modules...
         Starting Load Kernel Modules...
[   11.594310] systemd[1]: Starting Uncomplicated firewall...
         Starting Uncomplicated firewall...
[   11.609620] systemd[1]: Mounting Debug File System...
         Mounting Debug File System...
[   11.637053] systemd[1]: Listening on Journal Socket (/dev/log).
[   11.657711] Loading iSCSI transport class v2.0-870.
[[0;32m  OK  [0m] Listening on Journal Socket (/dev/log).
[   11.687871] iscsi: registered transport (tcp)
[   11.699346] systemd[1]: Starting Journal Service...
         Starting Journal Service...
[   11.729126] systemd[1]: Listening on LVM2 poll daemon socket.
[[0;32m  OK  [0m] Listening on LVM2 poll daemon socket.
[   11.759821] systemd[1]: Starting Nameserver information manager...
         Starting Nameserver information manager...
[   11.790721] systemd[1]: Mounting POSIX Message Queue File System...
         Mounting POSIX Message Queue File System...
[   11.824199] systemd[1]: Reached target User and Group Name Lookups.
[[0;32m  OK  [0m] Reached target User and Group Name Lookups.
[   11.849825] systemd[1]: Listening on LVM2 metadata daemon socket.
[[0;32m  OK  [0m] Listening on LVM2 metadata daemon socket.
[   11.886730] systemd[1]: Starting Monitoring of LVM2 mirrors, snapshots etc. using dmeventd or progress polling...
         Starting Monitoring of LVM2 mirrors... dmeventd or progress polling...
[   11.943940] systemd[1]: Listening on udev Kernel Socket.
[[0;32m  OK  [0m] Listening on udev Kernel Socket.
[   11.966766] systemd[1]: Listening on /dev/initctl Compatibility Named Pipe.
[[0;32m  OK  [0m] Listening on /dev/initctl Compatibility Named Pipe.
[   11.994126] systemd[1]: Reached target System Time Synchronized.
[[0;32m  OK  [0m] Reached target System Time Synchronized.
[   12.039052] iscsi: registered transport (iser)
[   12.060806] systemd[1]: Mounting Huge Pages File System...
         Mounting Huge Pages File System...
[   12.080026] systemd[1]: Started Forward Password Requests to Wall Directory Watch.
[[0;32m  OK  [0m] Started Forward Password Requests to Wall Directory Watch.
[   12.121363] systemd[1]: Starting File System Check on Root Device...
         Starting File System Check on Root Device...
[   12.143754] systemd[1]: Starting Set console keymap...
         Starting Set console keymap...
[   12.163884] systemd[1]: Reached target Encrypted Volumes.
[[0;32m  OK  [0m] Reached target Encrypted Volumes.
[   12.197987] systemd[1]: Mounted POSIX Message Queue File System.
[[0;32m  OK  [0m] Mounted POSIX Message Queue File System.
[   12.255054] systemd[1]: Mounted Huge Pages File System.
[[0;32m  OK  [0m] Mounted Huge Pages File System.
[   12.305607] systemd[1]: Mounted Debug File System.
[[0;32m  OK  [0m] Mounted Debug File System.
[   12.373615] systemd[1]: Started Journal Service.
[[0;32m  OK  [0m] Started Journal Service.
[[0;32m  OK  [0m] Started Create list of required sta...ce nodes for the current kernel.
[[0;32m  OK  [0m] Started Load Kernel Modules.
[[0;32m  OK  [0m] Started Uncomplicated firewall.
[[0;32m  OK  [0m] Started File System Check on Root Device.
[[0;32m  OK  [0m] Started Set console keymap.
[[0;32m  OK  [0m] Started Nameserver information manager.
[[0;32m  OK  [0m] Started LVM2 metadata daemon.
[[0;32m  OK  [0m] Started File System Check Daemon to report status.
         Starting Remount Root and Kernel File Systems...
         Starting Apply Kernel Variables...
         Mounting FUSE Control File System...
         Starting Create Static Device Nodes in /dev...
[[0;32m  OK  [0m] Mounted FUSE[   12.513030] EXT4-fs (sda1): re-mounted. Opts: (null)
 Control File System.
[[0;32m  OK  [0m] Started Remount Root and Kernel File Systems.
         Starting Flush Journal to Persistent Storage...
         Starting Load/Save Random Seed...
         Starting udev Coldplug all Devices...
[[0;32m  OK  [0m] Started Apply Kernel Variables.
[[0;32m  OK  [0m] Started Create Static Device Nodes in /dev.
[[0;32m  OK  [0m] Started Load/Save Random Seed.
         Starting udev Kernel Device Manager...
[[0;32m  OK  [0m] Started Flush Journal to Persistent Storage.
[[0;32m  OK  [0m] Started udev Coldplug all Devices.
[[0;32m  OK  [0m] Started udev Kernel Device Manager.
[[0;32m  OK  [0m] Started Dispatch Password Requests to Console Directory Watch.
[[0;32m  OK  [0m] Started Monitoring of LVM2 mirrors,...ng dmeventd or progress polling.
[[0;32m  OK  [0m] Reached target Local File Systems (Pre).
[[0;32m  OK  [0m] Reached target Local File Systems.
         Starting Commit a transient machine-id on disk...
         Starting Set console font and keymap...
         Starting LSB: AppArmor initialization...
         Starting Initial cloud-init job (pre-networking)...
         Starting Create Volatile Files and Directories...
         Starting Tell Plymouth To Write Out Runtime Data...
[[0;32m  OK  [0m] Started Commit a transient machine-id on disk.
[[0;32m  OK  [0m] Started Create Volatile Files and Directories.
         Starting Update UTMP about System Boot/Shutdown...
[[0;32m  OK  [0m] Started Tell Plymouth To Write Out Runtime Data.
[[0;32m  OK  [0m] Started Update UTMP about System Boot/Shutdown.
[[0;32m  OK  [0m] Found device /dev/ttyS0.
[[0;32m  OK  [0m] Listening on Load/Save RF Kill Switch Status /dev/rfkill Watch.
[[0;32m  OK  [0m] Started LSB: AppArmor initialization.
         Starting Load AppArmor profiles managed internally by snapd...
[   13.956787] cloud-init[492]: Cloud-init v. 21.1-19-gbad84ad4-0ubuntu1~16.04.2 running 'init-local' at Sat, 21 Aug 2021 14:17:47 +0000. Up 13.47 seconds.
[[0;32m  OK  [0m] Started Load AppArmor profiles managed internally by snapd.
[[0;32m  OK  [0m] Started Initial cloud-init job (pre-networking).
[[0;32m  OK  [0m] Reached target Network (Pre).
         Starting Raise network interfaces...
[[0;32m  OK  [0m] Started Set console font and keymap.
[[0;32m  OK  [0m] Created slice system-getty.slice.
[[0;32m  OK  [0m] Started Raise network interfaces.
         Starting Initial cloud-init job (metadata service crawler)...
[[0;32m  OK  [0m] Reached target Network.
[   19.037754] cloud-init[958]: Cloud-init v. 21.1-19-gbad84ad4-0ubuntu1~16.04.2 running 'init' at Sat, 21 Aug 2021 14:17:52 +0000. Up 18.17 seconds.
[   19.052749] cloud-init[958]: ci-info: ++++++++++++++++++++++++++++++++++++++Net device info+++++++++++++++++++++++++++++++++++++++
[   19.059646] cloud-init[958]: ci-info: +--------+-------+----------------------------+---------------+--------+-------------------+
[   19.066721] cloud-init[958]: ci-info: | Device |   Up  |          Address           |      Mask     | Scope  |     Hw-Address    |
[   19.074138] cloud-init[958]: ci-info: +--------+-------+----------------------------+---------------+--------+-------------------+
[   19.081924] cloud-init[958]: ci-info: | enp0s3 |  True |         10.0.2.15          | 255.255.255.0 | global | 02:a0:46:b5:71:eb |
[   19.091022] cloud-init[958]: ci-info: | enp0s3 |  True | fe80::a0:46ff:feb5:71eb/64 |       .       |  link  | 02:a0:46:b5:71:eb |
[   19.099445] cloud-init[958]: ci-info: | enp0s8 | False |             .              |       .       |   .    | 08:00:27:36:d1:f3 |
[   19.107548] cloud-init[958]: ci-info: |   lo   |  True |         127.0.0.1          |   255.0.0.0   |  host  |         .         |
[   19.114979] cloud-init[958]: ci-info: |   lo   |  True |          ::1/128           |       .       |  host  |         .         |
[   19.123314] cloud-init[958]: ci-info: +--------+-------+----------------------------+---------------+--------+-------------------+
[   19.130071] cloud-init[958]: ci-info: +++++++++++++++++++++++++++Route IPv4 info++++++++++++++++++++++++++++
[   19.136940] cloud-init[958]: ci-info: +-------+-------------+----------+---------------+-----------+-------+
[   19.142169] cloud-init[958]: ci-info: | Route | Destination | Gateway  |    Genmask    | Interface | Flags |
[   19.149110] cloud-init[958]: ci-info: +-------+-------------+----------+---------------+-----------+-------+
[   19.155328] cloud-init[958]: ci-info: |   0   |   0.0.0.0   | 10.0.2.2 |    0.0.0.0    |   enp0s3  |   UG  |
[   19.160809] cloud-init[958]: ci-info: |   1   |   10.0.2.0  | 0.0.0.0  | 255.255.255.0 |   enp0s3  |   U   |
[   19.167300] cloud-init[958]: ci-info: +-------+-------------+----------+---------------+-----------+-------+
[   19.175984] cloud-init[958]: ci-info: +++++++++++++++++++Route IPv6 info+++++++++++++++++++
[[0;32m  OK  [0m] Started Initial cloud-init job (metadata service crawler).
[[0;32m  OK  [0m] Reached target System Initialization.
[   19.183488] cloud-init[958]: ci-info: +-------+-------------+---------+-----------+-------+
[   19.209513] cloud-init[958]: ci-info: | Route | Destination | Gateway | Interface | Flags |
[   19.210459] cloud-init[958]: ci-info: +-------+-------------+---------+-----------+-------+
[   19.216543] cloud-init[958]: ci-info: |   0   |  fe80::/64  |    ::   |   enp0s3  |   U   |
[   19.217348] cloud-init[958]: ci-info: |   3   |   ff00::/8  |    ::   |   enp0s3  |   U   |
[   19.218150] cloud-init[958]: ci-info: +-------+-------------+---------+-----------+-------+
[   19.226930] cloud-init[958]: Generating public/private rsa key pair.
[   19.236862] cloud-init[958]: Your identification has been saved in /etc/ssh/ssh_host_rsa_key.
[   19.237615] cloud-init[958]: Your public key has been saved in /etc/ssh/ssh_host_rsa_key.pub.
[   19.238382] cloud-init[958]: The key fingerprint is:
[   19.239157] cloud-init[958]: SHA256:jR3HRDw4z9RMDyl6h3Qgix+Pgm5DoxzByJNCCQ1cQjs root@ubuntu-xenial
[   19.249123] cloud-init[958]: The key's randomart image is:
[   19.250627] cloud-init[958]: +---[RSA 2048]----+
[   19.260441] cloud-init[958]: |**o.      .++=o. |
[   19.298395] cloud-init[958]: |.+++     .o=* =o |
[   19.311034] cloud-init[958]: |.E= o   . +Bo=  .|
[   19.314449] cloud-init[958]: | ... . . =.*= .  |
[   19.323269] cloud-init[958]: |    . + S =...   |
[   19.330233] cloud-init[958]: |   . = . .       |
[   19.330286] cloud-init[958]: |    o +          |
[   19.344783] cloud-init[958]: |     . .         |
[   19.348822] cloud-init[958]: |                 |
[   19.361770] cloud-init[958]: +----[SHA256]-----+
[[   19.361871] cloud-init[958]: Generating public/private dsa key pair.
[   19.366016] cloud-init[958]: Your identification has been saved in /etc/ssh/ssh_host_dsa_key.
[   19.366788] cloud-init[958]: Your public key has been saved in /etc/ssh/ssh_host_dsa_key.pub.
[   19.367524] cloud-init[958]: The key fingerprint is:
[   19.377120] cloud-init[958]: SHA256:dg/ziWqoNXKfe6nfFErFLkzEaFaucwgCouNaMIP1JLs root@ubuntu-xenial
[   19.377846] cloud-init[958]: The key's randomart image is:
[   19.378658] cloud-init[958]: +---[DSA 1024]----+
[   19.379425] cloud-init[958]: |. + .    +o      |
[   19.389212] cloud-init[958]: |oo *    +o..     |
[   19.389942] cloud-init[958]: |B . o .o  o o    |
[   19.390766] cloud-init[958]: |.= . . . = o     |
[   19.398729] cloud-init[958]: | .E     S O o    |
[   19.399445] cloud-init[958]: |..     . = O o   |
[   19.406777] cloud-init[958]: |.   . +.  o.=    |
[   19.407561] cloud-init[958]: |     +.o.ooo     |
[   19.414047] cloud-init[958]: |    .. .*=. .    |
[   19.414753] cloud-init[958]: +----[SHA256]-----+
[   19.415512] cloud-init[958]: Generating public/private ecdsa key pair.
[   19.442081] cloud-init[958]: Your identification has been saved in /etc/ssh/ssh_host_ecdsa_key.
[   19.463900] cloud-init[958]: Your public key has been saved in /etc/ssh/ssh_host_ecdsa_key.pub.
[   19.479506] cloud-init[958]: The key fingerprint is:
[   19.495078] cloud-init[958]: SHA256:jK6rTtM55sqLoBx0k7cgSPnB9lEs8O/SdR8a4AngoTk root@ubuntu-xenial
[   19.508608] cloud-init[958]: The key's randomart image is:
[0;32m  OK  [0m] Started Daily Cleanup of Temporary Directories.
[   19.508667] cloud-init[958]: +---[ECDSA 256]---+
[   19.549235] cloud-init[958]: |   ..o..         |
[   19.576805] cloud-init[958]: |  o =.+.         |
[   19.580371] cloud-init[958]: | o E +.. .       |
[   19.583848] cloud-init[958]: |o o = ooo o      |
[   19.602708] cloud-init[958]: |.o * o..S+ o .   |
[[   19.604280] cloud-init[958]: |. o.+o+ . . + .  |
[0;32m  OK  [0m] Listening on ACPID Listen Socket.
[   19.607745] cloud-init[958]: |..o =o.o   . .   |
         [   19.620033] cloud-init[958]: |++.+ o.          |
[   19.621593] cloud-init[958]: |oo*++.           |
[   19.622300] cloud-init[958]: +----[SHA256]-----+
[   19.622999] Starting LXD - unix socket.cloud-init[958]: Generating public/private ed25519 key pair.
[   19.634055] cloud-init[958]: Your identification has been saved in /etc/ssh/ssh_host_ed25519_key.
[   19.634754] cloud-init[958]: Your public key has been saved in /etc/ssh/ssh_host_ed25519_key.pub.
[   19.635466] cloud-init[958]: The key fingerprint is:
[   19.644812] cloud-init[958]: SHA256:/FKFgsYntzlL8DF7xjkf8scuejut/r++nGKG8fUc+rc root@ubuntu-xenial
[   19.645499] cloud-init[958]: The key's randomart image is:
[   19.646188] cloud-init[958]: +--[ED25519 256]--+
[   19.646923] cloud-init[958]: |                 |
[   19.647639] cloud-init[958]: |     . .   .     |
[   19.654208] cloud-init[958]: |      * * . .    |
[   19.654666] cloud-init[958]: |     . B O o     |
[   19.655370] cloud-init[958]: |        S O .    |
[   19.661620] cloud-init[958]: |       . B * o o |
[   19.662304] cloud-init[958]: |        o . *.=.o|
[   19.663111] cloud-init[958]: |         . .+Oo =|
[   19.674415] cloud-init[958]: |          .+***E*|
[   19.675236] cloud-init[958]: +----[SHA256]-----+

         Starting Socket activation for snappy daemon.
[[0;32m  OK  [0m] Listening on UUID daemon activation socket.
[[0;32m  OK  [0m] Started Daily apt download activities.
[[0;32m  OK  [0m] Started Daily apt upgrade and clean activities.
[[0;32m  OK  [0m] Listening on D-Bus System Message Bus Socket.
[[0;32m  OK  [0m] Started Message of the Day.
[[0;32m  OK  [0m] Started Ubuntu Advantage update messaging.
[[0;32m  OK  [0m] Reached target Timers.
[[0;32m  OK  [0m] Started ACPI Events Check.
[[0;32m  OK  [0m] Reached target Paths.
[[0;32m  OK  [0m] Reached target Network is Online.
         Starting iSCSI initiator daemon (iscsid)...
[[0;32m  OK  [0m] Reached target Cloud-config availability.
[[0;32m  OK  [0m] Listening on LXD - unix socket.
[[0;32m  OK  [0m] Listening on Socket activation for snappy daemon.
[[0;32m  OK  [0m] Reached target Sockets.
[[0;32m  OK  [0m] Reached target Basic System.
         Starting /etc/rc.local Compatibility...
[[0;32m  OK  [0m] Started FUSE filesystem for LXC.
         Starting System Logging Service...
[[0;32m  OK  [0m] Started ACPI event daemon.
         Starting LSB: MD monitoring daemon...
         Starting Pollinate to seed the pseudo random number generator...
         Starting Virtualbox guest utils...
[[0;32m  OK  [0m] Started D-Bus System Message Bus.
         Starting LSB: Record successful boot for GRUB...
         Starting Login Service...
         Starting LXD - container startup/shutdown...
         Starting Accounts Service...
[[0;32m  OK  [0m] Started Regular background program processing daemon.
         Starting Snap Daemon...
[[0;32m  OK  [0m] Started Deferred execution scheduler.
[[0;32m  OK  [0m] Started System Logging Service.
[[0;32m  OK  [0m] Started iSCSI initiator daemon (iscsid).
[[0;32m  OK  [0m] Started /etc/rc.local Compatibility.
         Starting Login to default iSCSI targets...
[[0;32m  OK  [0m] Started Login Service.
[[0;32m  OK  [0m] Started Unattended Upgrades Shutdown.
[[0;32m  OK  [0m] Started LSB: MD monitoring daemon.
[[0;32m  OK  [0m] Started LSB: Record successful boot for GRUB.
[[0;32m  OK  [0m] Started Login to default iSCSI targets.
[[0;32m  OK  [0m] Reached target Remote File Systems (Pre).
[[0;32m  OK  [0m] Reached target Remote File Systems.
         Starting Permit User Sessions...
         Starting LSB: daemon to balance interrupts for SMP systems...
         Starting LSB: automatic crash report generation...
         Starting LSB: Set the CPU Frequency Scaling governor to "ondemand"...
[[0;32m  OK  [0m] Started Permit User Sessions.
         Starting Hold until boot process finishes up...
         Starting Terminate Plymouth Boot Screen...
[[0;32m  OK  [0m] Started Hold until boot process finishes up.
[[0;32m  OK  [0m] Started Terminate Plymouth Boot Screen.
         Starting Set console scheme...
[[0;32m  OK  [0m] Started Getty on tty1.
[[0;32m  OK  [0m] Started Serial Getty on ttyS0.
[[0;32m  OK  [0m] Reached target Login Prompts.
         Starting Authenticate and Authorize Users to Run Privileged Tasks...
[[0;32m  OK  [0m] Started LSB: daemon to balance interrupts for SMP systems.
[[0;32m  OK  [0m] Started Set console scheme.
[[0;32m  OK  [0m] Started Virtualbox guest utils.
[[0;32m  OK  [0m] Started LSB: Set the CPU Frequency Scaling governor to "ondemand".
[[0;32m  OK  [0m] Started Pollinate to seed the pseudo random number generator.
[[0;32m  OK  [0m] Started LXD - container startup/shutdown.
[[0;32m  OK  [0m] Started LSB: automatic crash report generation.
[[0;32m  OK  [0m] Started Authenticate and Authorize Users to Run Privileged Tasks.
[[0;32m  OK  [0m] Started Accounts Service.
         Starting OpenBSD Secure Shell server...
[[0;32m  OK  [0m] Started OpenBSD Secure Shell server.
[[0;32m  OK  [0m] Started Snap Daemon.
         Starting Wait until snapd is fully seeded...
[[0;32m  OK  [0m] Started Wait until snapd is fully seeded.
[[0;32m  OK  [0m] Reached target Multi-User System.
[[0;32m  OK  [0m] Reached target Graphical Interface.
         Starting Update UTMP about System Runlevel Changes...
         Starting Apply the settings specified in cloud-config...
[[0;32m  OK  [0m] Started Update UTMP about System Runlevel Changes.
[   22.888540] cloud-init[1304]: Generating locales (this might take a while)...
[   23.926479] cloud-init[1304]:   en_US.UTF-8... done
[   23.938951] cloud-init[1304]: Generation complete.
[   24.364229] cloud-init[1304]: Cloud-init v. 21.1-19-gbad84ad4-0ubuntu1~16.04.2 running 'modules:config' at Sat, 21 Aug 2021 14:17:57 +0000. Up 22.76 seconds.
[[0;32m  OK  [0m] Started Apply the settings specified in cloud-config.
         Starting Execute cloud user/final scripts...
[[0;32m  OK  [0m] Created slice User Slice of vagrant.
         Starting User Manager for UID 1000...
ci-info: no authorized SSH keys fingerprints found for user ubuntu.
[[0;32m  OK  [0m] Started Session 1 of user vagrant.
<14>Aug 21 14:17:59 ec2: 
<14>Aug 21 14:17:59 ec2: #############################################################
<14>Aug 21 14:17:59 ec2: -----BEGIN SSH HOST KEY FINGERPRINTS-----
<14>Aug 21 14:17:59 ec2: 1024 SHA256:dg/ziWqoNXKfe6nfFErFLkzEaFaucwgCouNaMIP1JLs root@ubuntu-xenial (DSA)
<14>Aug 21 14:17:59 ec2: 256 SHA256:jK6rTtM55sqLoBx0k7cgSPnB9lEs8O/SdR8a4AngoTk root@ubuntu-xenial (ECDSA)
<14>Aug 21 14:17:59 ec2: 256 SHA256:/FKFgsYntzlL8DF7xjkf8scuejut/r++nGKG8fUc+rc root@ubuntu-xenial (ED25519)
<14>Aug 21 14:17:59 ec2: 2048 SHA256:jR3HRDw4z9RMDyl6h3Qgix+Pgm5DoxzByJNCCQ1cQjs root@ubuntu-xenial (RSA)
<14>Aug 21 14:17:59 ec2: -----END SSH HOST KEY FINGERPRINTS-----
<14>Aug 21 14:17:59 ec2: #############################################################
-----BEGIN SSH HOST KEY KEYS-----
ecdsa-sha2-nistp256 AAAAE2VjZHNhLXNoYTItbmlzdHAyNTYAAAAIbmlzdHAyNTYAAABBBKwj9cnrUZUfcNlL/sTFfQWXT9oLWnptl1+uv1qXXlAk72yZvR37UyJlWw+j/bvu5TzHSndpNSee+Is2oA1q+/o= root@ubuntu-xenial
ssh-ed25519 AAAAC3NzaC1lZDI1NTE5AAAAIDOZu6NHBvaqizcsd39or/ZLlDonJv3JFehWgs4v0Es8 root@ubuntu-xenial
ssh-rsa AAAAB3NzaC1yc2EAAAADAQABAAABAQDvr2CnfKp14Hx9oA+F2tZRAtRkXplNhD3651ZyhRk4bI1lRNfUuiIGpyhZ2J8gELTgpd7kCOcUDf8D3/YN4w5hbtg+zSpIKuM6rxEjt0rhbAHVmlYZ7BqN86gwX3LE0EOyMgNjoDLMootcpKcN0cJg0/FVpT+WLmvaBgnB0k3SIN9myoUfkwrrLWvGBp+gD5ZijkuxKO2ZQtoZFvvRYOilon7N2X6+wb/t6lLBeZAkYJtAjQNR70UHD3resMPk8XpdXYsPOChwV117fUY4dOAlUHOVGsdrOXeNgnhcaYZdJdA+Vz01ofosNVLNH3yHpQhr+nA4uwkU9CMMVTaZjyy9 root@ubuntu-xenial
-----END SSH HOST KEY KEYS-----
[[0;32m  OK  [0m] Started User Manager for UID 1000.
[   25.312920] cloud-init[1345]: Cloud-init v. 21.1-19-gbad84ad4-0ubuntu1~16.04.2 running 'modules:final' at Sat, 21 Aug 2021 14:17:59 +0000. Up 24.80 seconds.
[   25.328867] cloud-init[1345]: ci-info: no authorized SSH keys fingerprints found for user ubuntu.
[   25.341945] cloud-init[1345]: Cloud-init v. 21.1-19-gbad84ad4-0ubuntu1~16.04.2 finished at Sat, 21 Aug 2021 14:17:59 +0000. Datasource DataSourceNoCloud [seed=/dev/sdb][dsmode=net].  Up 25.30 seconds
[[0;32m  OK  [0m] Started Execute cloud user/final scripts.
[[0;32m  OK  [0m] Reached target Cloud-init target.

Ubuntu 16.04.7 LTS ubuntu-xenial ttyS0

ubuntu-xenial login: 