[    0.000000] Linux version 4.15.0-154-generic (buildd@lcy01-amd64-011) (gcc version 7.5.0 (Ubuntu 7.5.0-3ubuntu1~18.04)) #161-Ubuntu SMP Fri Jul 30 13:04:17 UTC 2021 (Ubuntu 4.15.0-154.161-generic 4.15.18)
[    0.000000] Command line: BOOT_IMAGE=/boot/vmlinuz-4.15.0-154-generic root=LABEL=cloudimg-rootfs ro console=tty1 console=ttyS0
[    0.000000] KERNEL supported cpus:
[    0.000000]   Intel GenuineIntel
[    0.000000]   AMD AuthenticAMD
[    0.000000]   Centaur CentaurHauls
[    0.000000] x86/fpu: Supporting XSAVE feature 0x001: 'x87 floating point registers'
[    0.000000] x86/fpu: Supporting XSAVE feature 0x002: 'SSE registers'
[    0.000000] x86/fpu: Supporting XSAVE feature 0x004: 'AVX registers'
[    0.000000] x86/fpu: xstate_offset[2]:  576, xstate_sizes[2]:  256
[    0.000000] x86/fpu: Enabled xstate features 0x7, context size is 832 bytes, using 'standard' format.
[    0.000000] e820: BIOS-provided physical RAM map:
[    0.000000] BIOS-e820: [mem 0x0000000000000000-0x000000000009fbff] usable
[    0.000000] BIOS-e820: [mem 0x000000000009fc00-0x000000000009ffff] reserved
[    0.000000] BIOS-e820: [mem 0x00000000000f0000-0x00000000000fffff] reserved
[    0.000000] BIOS-e820: [mem 0x0000000000100000-0x000000003ffeffff] usable
[    0.000000] BIOS-e820: [mem 0x000000003fff0000-0x000000003fffffff] ACPI data
[    0.000000] BIOS-e820: [mem 0x00000000fec00000-0x00000000fec00fff] reserved
[    0.000000] BIOS-e820: [mem 0x00000000fee00000-0x00000000fee00fff] reserved
[    0.000000] BIOS-e820: [mem 0x00000000fffc0000-0x00000000ffffffff] reserved
[    0.000000] NX (Execute Disable) protection: active
[    0.000000] SMBIOS 2.5 present.
[    0.000000] DMI: innotek GmbH VirtualBox/VirtualBox, BIOS VirtualBox 12/01/2006
[    0.000000] Hypervisor detected: KVM
[    0.000000] e820: last_pfn = 0x3fff0 max_arch_pfn = 0x400000000
[    0.000000] MTRR: Disabled
[    0.000000] x86/PAT: MTRRs disabled, skipping PAT initialization too.
[    0.000000] CPU MTRRs all blank - virtualized system.
[    0.000000] x86/PAT: Configuration [0-7]: WB  WT  UC- UC  WB  WT  UC- UC  
[    0.000000] found SMP MP-table at [mem 0x0009fff0-0x0009ffff]
[    0.000000] Scanning 1 areas for low memory corruption
[    0.000000] RAMDISK: [mem 0x359cf000-0x36cdefff]
[    0.000000] ACPI: Early table checksum verification disabled
[    0.000000] ACPI: RSDP 0x00000000000E0000 000024 (v02 VBOX  )
[    0.000000] ACPI: XSDT 0x000000003FFF0030 00003C (v01 VBOX   VBOXXSDT 00000001 ASL  00000061)
[    0.000000] ACPI: FACP 0x000000003FFF00F0 0000F4 (v04 VBOX   VBOXFACP 00000001 ASL  00000061)
[    0.000000] ACPI: DSDT 0x000000003FFF0470 002325 (v02 VBOX   VBOXBIOS 00000002 INTL 20190509)
[    0.000000] ACPI: FACS 0x000000003FFF0200 000040
[    0.000000] ACPI: FACS 0x000000003FFF0200 000040
[    0.000000] ACPI: APIC 0x000000003FFF0240 00005C (v02 VBOX   VBOXAPIC 00000001 ASL  00000061)
[    0.000000] ACPI: SSDT 0x000000003FFF02A0 0001CC (v01 VBOX   VBOXCPUT 00000002 INTL 20190509)
[    0.000000] ACPI: Reserving FACP table memory at [mem 0x3fff00f0-0x3fff01e3]
[    0.000000] ACPI: Reserving DSDT table memory at [mem 0x3fff0470-0x3fff2794]
[    0.000000] ACPI: Reserving FACS table memory at [mem 0x3fff0200-0x3fff023f]
[    0.000000] ACPI: Reserving FACS table memory at [mem 0x3fff0200-0x3fff023f]
[    0.000000] ACPI: Reserving APIC table memory at [mem 0x3fff0240-0x3fff029b]
[    0.000000] ACPI: Reserving SSDT table memory at [mem 0x3fff02a0-0x3fff046b]
[    0.000000] No NUMA configuration found
[    0.000000] Faking a node at [mem 0x0000000000000000-0x000000003ffeffff]
[    0.000000] NODE_DATA(0) allocated [mem 0x3ffc5000-0x3ffeffff]
[    0.000000] kvm-clock: cpu 0, msr 0:3ff44001, primary cpu clock
[    0.000000] kvm-clock: Using msrs 4b564d01 and 4b564d00
[    0.000000] kvm-clock: using sched offset of 5369005229 cycles
[    0.000000] clocksource: kvm-clock: mask: 0xffffffffffffffff max_cycles: 0x1cd42e4dffb, max_idle_ns: 881590591483 ns
[    0.000000] Zone ranges:
[    0.000000]   DMA      [mem 0x0000000000001000-0x0000000000ffffff]
[    0.000000]   DMA32    [mem 0x0000000001000000-0x000000003ffeffff]
[    0.000000]   Normal   empty
[    0.000000]   Device   empty
[    0.000000] Movable zone start for each node
[    0.000000] Early memory node ranges
[    0.000000]   node   0: [mem 0x0000000000001000-0x000000000009efff]
[    0.000000]   node   0: [mem 0x0000000000100000-0x000000003ffeffff]
[    0.000000] Reserved but unavailable: 104 pages
[    0.000000] Initmem setup node 0 [mem 0x0000000000001000-0x000000003ffeffff]
[    0.000000] ACPI: PM-Timer IO Port: 0x4008
[    0.000000] IOAPIC[0]: apic_id 2, version 32, address 0xfec00000, GSI 0-23
[    0.000000] ACPI: INT_SRC_OVR (bus 0 bus_irq 0 global_irq 2 dfl dfl)
[    0.000000] ACPI: INT_SRC_OVR (bus 0 bus_irq 9 global_irq 9 low level)
[    0.000000] Using ACPI (MADT) for SMP configuration information
[    0.000000] smpboot: Allowing 2 CPUs, 0 hotplug CPUs
[    0.000000] PM: Registered nosave memory: [mem 0x00000000-0x00000fff]
[    0.000000] PM: Registered nosave memory: [mem 0x0009f000-0x0009ffff]
[    0.000000] PM: Registered nosave memory: [mem 0x000a0000-0x000effff]
[    0.000000] PM: Registered nosave memory: [mem 0x000f0000-0x000fffff]
[    0.000000] e820: [mem 0x40000000-0xfebfffff] available for PCI devices
[    0.000000] Booting paravirtualized kernel on KVM
[    0.000000] clocksource: refined-jiffies: mask: 0xffffffff max_cycles: 0xffffffff, max_idle_ns: 7645519600211568 ns
[    0.000000] random: get_random_bytes called from start_kernel+0x99/0x500 with crng_init=0
[    0.000000] setup_percpu: NR_CPUS:8192 nr_cpumask_bits:2 nr_cpu_ids:2 nr_node_ids:1
[    0.000000] percpu: Embedded 45 pages/cpu s147456 r8192 d28672 u1048576
[    0.000000] PV qspinlock hash table entries: 256 (order: 0, 4096 bytes)
[    0.000000] Built 1 zonelists, mobility grouping on.  Total pages: 257913
[    0.000000] Policy zone: DMA32
[    0.000000] Kernel command line: BOOT_IMAGE=/boot/vmlinuz-4.15.0-154-generic root=LABEL=cloudimg-rootfs ro console=tty1 console=ttyS0
[    0.000000] Memory: 982716K/1048120K available (12300K kernel code, 2483K rwdata, 4320K rodata, 2448K init, 2724K bss, 65404K reserved, 0K cma-reserved)
[    0.000000] SLUB: HWalign=64, Order=0-3, MinObjects=0, CPUs=2, Nodes=1
[    0.000000] Kernel/User page tables isolation: enabled
[    0.000000] ftrace: allocating 39461 entries in 155 pages
[    0.004000] Hierarchical RCU implementation.
[    0.004000] 	RCU restricting CPUs from NR_CPUS=8192 to nr_cpu_ids=2.
[    0.004000] 	Tasks RCU enabled.
[    0.004000] RCU: Adjusting geometry for rcu_fanout_leaf=16, nr_cpu_ids=2
[    0.004000] NR_IRQS: 524544, nr_irqs: 440, preallocated irqs: 16
[    0.004000] Console: colour VGA+ 80x25
[    0.004000] console [tty1] enabled
[    0.004000] console [ttyS0] enabled
[    0.004000] ACPI: Core revision 20170831
[    0.004000] ACPI: 2 ACPI AML tables successfully acquired and loaded
[    0.004000] APIC: Switch to symmetric I/O mode setup
[    0.004000] x2apic enabled
[    0.004000] Switched APIC routing to physical x2apic.
[    0.004000] ..TIMER: vector=0x30 apic1=0 pin1=2 apic2=-1 pin2=-1
[    0.004000] tsc: Detected 2992.902 MHz processor
[    0.004000] Calibrating delay loop (skipped) preset value.. 5985.80 BogoMIPS (lpj=11971608)
[    0.004000] pid_max: default: 32768 minimum: 301
[    0.004000] Security Framework initialized
[    0.004000] Yama: becoming mindful.
[    0.004000] AppArmor: AppArmor initialized
[    0.004260] Dentry cache hash table entries: 131072 (order: 8, 1048576 bytes)
[    0.008277] Inode-cache hash table entries: 65536 (order: 7, 524288 bytes)
[    0.012026] Mount-cache hash table entries: 2048 (order: 2, 16384 bytes)
[    0.016018] Mountpoint-cache hash table entries: 2048 (order: 2, 16384 bytes)
[    0.024091] Last level iTLB entries: 4KB 64, 2MB 8, 4MB 8
[    0.028003] Last level dTLB entries: 4KB 64, 2MB 0, 4MB 0, 1GB 4
[    0.032015] Spectre V1 : Mitigation: usercopy/swapgs barriers and __user pointer sanitization
[    0.036004] Spectre V2 : Mitigation: Full generic retpoline
[    0.040002] Spectre V2 : Spectre v2 / SpectreRSB mitigation: Filling RSB on context switch
[    0.044003] Speculative Store Bypass: Vulnerable
[    0.048043] MDS: Mitigation: Clear CPU buffers
[    0.052180] Freeing SMP alternatives memory: 36K
[    0.181238] APIC calibration not consistent with PM-Timer: 101ms instead of 100ms
[    0.184000] APIC delta adjusted to PM-Timer: 6317693 (6393498)
[    0.184228] smpboot: CPU0: Intel(R) Xeon(R) Gold 6248R CPU @ 3.00GHz (family: 0x6, model: 0x4f, stepping: 0x0)
[    0.188146] Performance Events: unsupported p6 CPU model 79 no PMU driver, software events only.
[    0.192084] Hierarchical SRCU implementation.
[    0.196792] NMI watchdog: Perf event create on CPU 0 failed with -2
[    0.200003] NMI watchdog: Perf NMI watchdog permanently disabled
[    0.204093] smp: Bringing up secondary CPUs ...
[    0.208206] x86: Booting SMP configuration:
[    0.212003] .... node  #0, CPUs:      #1
[    0.004000] kvm-clock: cpu 1, msr 0:3ff44041, secondary cpu clock
[    0.244055] smp: Brought up 1 node, 2 CPUs
[    0.248007] smpboot: Max logical packages: 1
[    0.252004] smpboot: Total of 2 processors activated (11971.60 BogoMIPS)
[    0.256191] devtmpfs: initialized
[    0.260065] x86/mm: Memory block size: 128MB
[    0.264189] evm: security.selinux
[    0.268002] evm: security.SMACK64
[    0.272002] evm: security.SMACK64EXEC
[    0.275079] evm: security.SMACK64TRANSMUTE
[    0.276003] evm: security.SMACK64MMAP
[    0.280002] evm: security.apparmor
[    0.284002] evm: security.ima
[    0.288003] evm: security.capability
[    0.292132] clocksource: jiffies: mask: 0xffffffff max_cycles: 0xffffffff, max_idle_ns: 7645041785100000 ns
[    0.296015] futex hash table entries: 512 (order: 3, 32768 bytes)
[    0.300082] pinctrl core: initialized pinctrl subsystem
[    0.308003] RTC time: 15:30:08, date: 08/31/21
[    0.312182] NET: Registered protocol family 16
[    0.316098] audit: initializing netlink subsys (disabled)
[    0.320082] audit: type=2000 audit(1630423814.888:1): state=initialized audit_enabled=0 res=1
[    0.328971] cpuidle: using governor ladder
[    0.332010] cpuidle: using governor menu
[    0.336053] ACPI: bus type PCI registered
[    0.340005] acpiphp: ACPI Hot Plug PCI Controller Driver version: 0.5
[    0.344319] PCI: Using configuration type 1 for base access
[    0.355148] HugeTLB registered 2.00 MiB page size, pre-allocated 0 pages
[    0.364089] ACPI: Added _OSI(Module Device)
[    0.368024] ACPI: Added _OSI(Processor Device)
[    0.376004] ACPI: Added _OSI(3.0 _SCP Extensions)
[    0.392004] ACPI: Added _OSI(Processor Aggregator Device)
[    0.404005] ACPI: Added _OSI(Linux-Dell-Video)
[    0.408005] ACPI: Added _OSI(Linux-Lenovo-NV-HDMI-Audio)
[    0.412004] ACPI: Added _OSI(Linux-HPI-Hybrid-Graphics)
[    0.420873] ACPI: Executed 1 blocks of module-level executable AML code
[    0.428356] ACPI: Interpreter enabled
[    0.432000] ACPI: (supports S0 S5)
[    0.436004] ACPI: Using IOAPIC for interrupt routing
[    0.440321] PCI: Using host bridge windows from ACPI; if necessary, use "pci=nocrs" and report a bug
[    0.448376] ACPI: Enabled 2 GPEs in block 00 to 07
[    0.464846] ACPI: PCI Root Bridge [PCI0] (domain 0000 [bus 00-ff])
[    0.472009] acpi PNP0A03:00: _OSC: OS supports [ASPM ClockPM Segments MSI]
[    0.476634] acpi PNP0A03:00: _OSC: not requesting OS control; OS requires [ExtendedConfig ASPM ClockPM MSI]
[    0.484014] acpi PNP0A03:00: fail to add MMCONFIG information, can't access extended PCI configuration space under this bridge.
[    0.496890] PCI host bridge to bus 0000:00
[    0.500005] pci_bus 0000:00: root bus resource [io  0x0000-0x0cf7 window]
[    0.508005] pci_bus 0000:00: root bus resource [io  0x0d00-0xffff window]
[    0.512005] pci_bus 0000:00: root bus resource [mem 0x000a0000-0x000bffff window]
[    0.520004] pci_bus 0000:00: root bus resource [mem 0x40000000-0xfdffffff window]
[    0.528004] pci_bus 0000:00: root bus resource [bus 00-ff]
[    0.541325] pci 0000:00:01.1: legacy IDE quirk: reg 0x10: [io  0x01f0-0x01f7]
[    0.548004] pci 0000:00:01.1: legacy IDE quirk: reg 0x14: [io  0x03f6]
[    0.552004] pci 0000:00:01.1: legacy IDE quirk: reg 0x18: [io  0x0170-0x0177]
[    0.560004] pci 0000:00:01.1: legacy IDE quirk: reg 0x1c: [io  0x0376]
[    0.650037] pci 0000:00:07.0: quirk: [io  0x4000-0x403f] claimed by PIIX4 ACPI
[    0.664071] pci 0000:00:07.0: quirk: [io  0x4100-0x410f] claimed by PIIX4 SMB
[    0.719569] ACPI: PCI Interrupt Link [LNKA] (IRQs 5 9 10 *11)
[    0.732632] ACPI: PCI Interrupt Link [LNKB] (IRQs 5 9 *10 11)
[    0.740292] ACPI: PCI Interrupt Link [LNKC] (IRQs 5 *9 10 11)
[    0.748237] ACPI: PCI Interrupt Link [LNKD] (IRQs 5 9 10 *11)
[    0.756516] SCSI subsystem initialized
[    0.764637] pci 0000:00:02.0: vgaarb: setting as boot VGA device
[    0.768000] pci 0000:00:02.0: vgaarb: VGA device added: decodes=io+mem,owns=io+mem,locks=none
[    0.780007] pci 0000:00:02.0: vgaarb: bridge control possible
[    0.784002] vgaarb: loaded
[    0.784163] ACPI: bus type USB registered
[    0.788149] usbcore: registered new interface driver usbfs
[    0.792014] usbcore: registered new interface driver hub
[    0.796016] usbcore: registered new device driver usb
[    0.804081] EDAC MC: Ver: 3.0.0
[    0.808134] PCI: Using ACPI for IRQ routing
[    0.813173] NetLabel: Initializing
[    0.815770] NetLabel:  domain hash size = 128
[    0.820002] NetLabel:  protocols = UNLABELED CIPSOv4 CALIPSO
[    0.832002] NetLabel:  unlabeled traffic allowed by default
[    0.861395] clocksource: Switched to clocksource kvm-clock
[    0.888773] VFS: Disk quotas dquot_6.6.0
[    0.900177] VFS: Dquot-cache hash table entries: 512 (order 0, 4096 bytes)
[    0.905170] AppArmor: AppArmor Filesystem Enabled
[    0.908622] pnp: PnP ACPI init
[    0.913145] pnp: PnP ACPI: found 3 devices
[    0.922533] clocksource: acpi_pm: mask: 0xffffff max_cycles: 0xffffff, max_idle_ns: 2085701024 ns
[    0.928872] NET: Registered protocol family 2
[    0.932750] TCP established hash table entries: 8192 (order: 4, 65536 bytes)
[    0.937691] TCP bind hash table entries: 8192 (order: 5, 131072 bytes)
[    0.943559] TCP: Hash tables configured (established 8192 bind 8192)
[    0.948232] UDP hash table entries: 512 (order: 2, 16384 bytes)
[    0.952065] UDP-Lite hash table entries: 512 (order: 2, 16384 bytes)
[    0.957322] NET: Registered protocol family 1
[    0.960562] pci 0000:00:00.0: Limiting direct PCI/PCI transfers
[    0.964917] pci 0000:00:01.0: Activating ISA DMA hang workarounds
[    0.969593] pci 0000:00:02.0: Video device with shadowed ROM at [mem 0x000c0000-0x000dffff]
[    0.975699] Unpacking initramfs...
[    1.309223] Freeing initrd memory: 19520K
[    1.333650] clocksource: tsc: mask: 0xffffffffffffffff max_cycles: 0x2b24145cd95, max_idle_ns: 440795278539 ns
[    1.351694] platform rtc_cmos: registered platform RTC device (no PNP device found)
[    1.357777] Scanning for low memory corruption every 60 seconds
[    1.363962] Initialise system trusted keyrings
[    1.367770] Key type blacklist registered
[    1.371495] workingset: timestamp_bits=36 max_order=18 bucket_order=0
[    1.378111] zbud: loaded
[    1.381507] squashfs: version 4.0 (2009/01/31) Phillip Lougher
[    1.386571] fuse init (API version 7.26)
[    1.395618] Key type asymmetric registered
[    1.405032] Asymmetric key parser 'x509' registered
[    1.409068] Block layer SCSI generic (bsg) driver version 0.4 loaded (major 246)
[    1.415127] io scheduler noop registered
[    1.418482] io scheduler deadline registered
[    1.422100] io scheduler cfq registered (default)
[    1.426618] ACPI: AC Adapter [AC] (on-line)
[    1.430220] input: Power Button as /devices/LNXSYSTM:00/LNXPWRBN:00/input/input0
[    1.436219] ACPI: Power Button [PWRF]
[    1.439625] input: Sleep Button as /devices/LNXSYSTM:00/LNXSLPBN:00/input/input1
[    1.445558] ACPI: Sleep Button [SLPF]
[    1.449494] Serial: 8250/16550 driver, 32 ports, IRQ sharing enabled
    .4775] 0:02 ttyS0 at I/O 0x3f8 (irq = 4, base_baud = 115200) is a 16550A
[    1.496988] Linux agpgart interface v0.103
[    1.505830] loop: module loaded
[    1.510067] scsi host0: ata_piix
[    1.513117] scsi host1: ata_piix
[    1.515868] ata1: PATA max UDMA/33 cmd 0x1f0 ctl 0x3f6 bmdma 0xd000 irq 14
[    1.521244] ata2: PATA max UDMA/33 cmd 0x170 ctl 0x376 bmdma 0xd008 irq 15
[    1.526602] libphy: Fixed MDIO Bus: probed
[    1.530085] tun: Universal TUN/TAP device driver, 1.6
[    1.534148] PPP generic driver version 2.4.2
[    1.541530] ehci_hcd: USB 2.0 'Enhanced' Host Controller (EHCI) Driver
[    1.546572] ehci-pci: EHCI PCI platform driver
[    1.550169] ehci-platform: EHCI generic platform driver
[    1.554339] ohci_hcd: USB 1.1 'Open' Host Controller (OHCI) Driver
[    1.559082] ohci-pci: OHCI PCI platform driver
[    1.562721] ohci-platform: OHCI generic platform driver
[    1.566987] uhci_hcd: USB Universal Host Controller Interface driver
[    1.572076] i8042: PNP: PS/2 Controller [PNP0303:PS2K,PNP0f03:PS2M] at 0x60,0x64 irq 1,12
[    1.580291] serio: i8042 KBD port at 0x60,0x64 irq 1
[    1.584471] serio: i8042 AUX port at 0x60,0x64 irq 12
[    1.588396] mousedev: PS/2 mouse device common for all mice
[    1.593756] input: AT Translated Set 2 keyboard as /devices/platform/i8042/serio0/input/input2
[    1.601362] rtc_cmos rtc_cmos: rtc core: registered rtc_cmos as rtc0
[    1.606798] rtc_cmos rtc_cmos: alarms up to one day, 114 bytes nvram
[    1.611822] i2c /dev entries driver
[    1.615320] device-mapper: uevent: version 1.0.3
[    1.619051] device-mapper: ioctl: 4.37.0-ioctl (2017-09-20) initialised: dm-devel@redhat.com
[    1.625533] ledtrig-cpu: registered to indicate activity on CPUs
[    1.630846] NET: Registered protocol family 10
[    1.642370] Segment Routing with IPv6
[    1.653573] NET: Registered protocol family 17
[    1.657324] Key type dns_resolver registered
[    1.661151] mce: Using 0 MCE banks
[    1.663972] RAS: Correctable Errors collector initialized.
[    1.668465] sched_clock: Marking stable (1668315265, 0)->(2404566345, -736251080)
[    1.675302] registered taskstats version 1
[    1.678763] Loading compiled-in X.509 certificates
[    1.716686] Loaded X.509 cert 'Build time autogenerated kernel key: 369b16149153afe509b010c5493c788cd1d7da9f'
[    1.735681] Loaded X.509 cert 'Canonical Ltd. Live Patch Signing: 14df34d1a87cf37625abec039ef2bf521249b969'
[    1.753689] Loaded X.509 cert 'Canonical Ltd. Kernel Module Signing: 88f752e560a1e0737e31163a466ad7b70a850c19'
[    1.771491] zswap: loaded using pool lzo/zbud
[    1.794281] Key type big_key registered
[    1.808037] Key type trusted registered
[    1.816473] Key type encrypted registered
[    1.819703] AppArmor: AppArmor sha1 policy hashing enabled
[    1.824187] ima: No TPM chip found, activating TPM-bypass! (rc=-19)
[    1.831019] ima: Allocated hash algorithm: sha1
[    1.835976] evm: HMAC attrs: 0x1
[    1.839908]   Magic number: 1:412:539
[    1.844331] tty ttyS19: hash matches
[    1.847624] rtc_cmos rtc_cmos: setting system clock to 2021-08-31 15:30:09 UTC (1630423809)
[    1.857831] BIOS EDD facility v0.16 2004-Jun-25, 0 devices found
[    1.862352] EDD information not available.
[    1.871873] Freeing unused kernel image memory: 2448K
[    2.321988] Write protecting the kernel read-only data: 20480k
[    2.332617] Freeing unused kernel image memory: 2008K
[    2.341336] Freeing unused kernel image memory: 1824K
[    2.360733] x86/mm: Checked W+X mappings: passed, no W+X pages found.
[    2.367806] x86/mm: Checking user space page tables
[    2.386809] x86/mm: Checked W+X mappings: passed, no W+X pages found.
Loading, please wait...
starting version 237
[    2.497105] e1000: Intel(R) PRO/1000 Network Driver - version 7.3.21-k8-NAPI
[    2.513162] e1000: Copyright (c) 1999-2006 Intel Corporation.
[    2.528949] Fusion MPT base driver 3.04.20
[    2.532712] Copyright (c) 1999-2008 LSI Corporation
[    2.543020] Fusion MPT SPI Host driver 3.04.20
[    2.551910] mptbase: ioc0: Initiating bringup
[    2.573286] AVX2 version of gcm_enc/dec engaged.
[    2.577454] AES CTR mode by8 optimization enabled
[    2.669165] ioc0: LSI53C1030 A0: Capabilities={Initiator}
[    2.761976] input: ImExPS/2 Generic Explorer Mouse as /devices/platform/i8042/serio1/input/input4
[    2.916113] scsi host2: ioc0: LSI53C1030 A0, FwRev=00000000h, Ports=1, MaxQ=256, IRQ=20
[    3.098585] scsi 2:0:0:0: Direct-Access     VBOX     HARDDISK         1.0  PQ: 0 ANSI: 5
[    3.144081] scsi target2:0:0: Beginning Domain Validation
[    3.151256] scsi target2:0:0: Domain Validation skipping write tests
[    3.156917] scsi target2:0:0: Ending Domain Validation
[    3.161614] scsi target2:0:0: asynchronous
[    3.165992] scsi 2:0:1:0: Direct-Access     VBOX     HARDDISK         1.0  PQ: 0 ANSI: 5
[    3.592196] scsi target2:0:1: Beginning Domain Validation
[    3.598242] random: fast init done
[    3.603480] scsi target2:0:1: Domain Validation skipping write tests
[    3.609567] scsi target2:0:1: Ending Domain Validation
[    3.614638] scsi target2:0:1: asynchronous
[    3.628651] random: systemd-udevd: uninitialized urandom read (16 bytes read)
[    3.637877] sd 2:0:0:0: Attached scsi generic sg0 type 0
[    3.643938] sd 2:0:1:0: Attached scsi generic sg1 type 0
[    3.649668] random: systemd-udevd: uninitialized urandom read (16 bytes read)
[    3.656508] sd 2:0:1:0: [sdb] 20480 512-byte logical blocks: (10.5 MB/10.0 MiB)
[    3.664322] sd 2:0:0:0: [sda] 83886080 512-byte logical blocks: (42.9 GB/40.0 GiB)
[    3.671656] random: systemd-udevd: uninitialized urandom read (16 bytes read)
[    3.678627] sd 2:0:0:0: [sda] Write Protect is off
[    3.683738] sd 2:0:0:0: [sda] Incomplete mode parameter data
[    3.689018] sd 2:0:0:0: [sda] Assuming drive cache: write through
[    3.694963] sd 2:0:1:0: [sdb] Write Protect is off
[    3.699741] sd 2:0:1:0: [sdb] Incomplete mode parameter data
[    3.705281] sd 2:0:1:0: [sdb] Assuming drive cache: write through
[    3.716215]  sda: sda1
[    3.718849] sd 2:0:1:0: [sdb] Attached SCSI disk
[    3.733938] sd 2:0:0:0: [sda] Attached SCSI disk
[    3.789711] e1000 0000:00:03.0 eth0: (PCI:33MHz:32-bit) 02:3b:61:a9:eb:70
[    3.795894] e1000 0000:00:03.0 eth0: Intel(R) PRO/1000 Network Connection
[    4.805715] e1000 0000:00:08.0 eth1: (PCI:33MHz:32-bit) 08:00:27:fa:a9:38
[    4.811285] e1000 0000:00:08.0 eth1: Intel(R) PRO/1000 Network Connection
[    4.819313] e1000 0000:00:03.0 enp0s3: renamed from eth0
[    4.844315] e1000 0000:00:08.0 enp0s8: renamed from eth1
Begin: Loading essential drivers ... [    7.594618] raid6: sse2x1   gen()  9294 MB/s
[    7.664505] raid6: sse2x1   xor()  7046 MB/s
[    7.739064] raid6: sse2x2   gen() 14709 MB/s
[    7.812183] raid6: sse2x2   xor()  8381 MB/s
[    7.900877] raid6: sse2x4   gen() 20646 MB/s
[    7.976230] raid6: sse2x4   xor() 12645 MB/s
[    8.060069] raid6: avx2x1   gen() 16626 MB/s
[    8.129529] raid6: avx2x1   xor() 12815 MB/s
[    8.203655] raid6: avx2x2   gen() 25993 MB/s
[    8.312454] raid6: avx2x2   xor() 29037 MB/s
[    8.401043] raid6: avx2x4   gen() 39050 MB/s
[    8.512643] raid6: avx2x4   xor() 23952 MB/s
[    8.526236] raid6: using algorithm avx2x4 gen() 39050 MB/s
[    8.567775] raid6: .... xor() 23952 MB/s, rmw enabled
[    8.592850] raid6: using avx2x2 recovery algorithm
[    8.611800] xor: automatically using best checksumming function   avx       
[    8.688407] async_tx: api initialized (async)
done.
Begin: Running /scripts/init-premount ... done.
Begin: Mounting root file system ... Begin: Running /scripts/local-top ... done.
Begin: Running /scripts/local-premount ... [    8.822536] Btrfs loaded, crc32c=crc32c-intel
Scanning for Btrfs filesystems
done.
Warning: fsck not present, so skipping root file system
[    8.887415] EXT4-fs (sda1): mounted filesystem with ordered data mode. Opts: (null)
done.
Begin: Running /scripts/local-bottom ... done.
Begin: Running /scripts/init-bottom ... done.
[    9.201581] ip_tables: (C) 2000-2006 Netfilter Core Team
[    9.223969] systemd[1]: systemd 237 running in system mode. (+PAM +AUDIT +SELINUX +IMA +APPARMOR +SMACK +SYSVINIT +UTMP +LIBCRYPTSETUP +GCRYPT +GNUTLS +ACL +XZ +LZ4 +SECCOMP +BLKID +ELFUTILS +KMOD -IDN2 +IDN -PCRE2 default-hierarchy=hybrid)
[    9.244585] systemd[1]: Detected virtualization oracle.
[    9.249962] systemd[1]: Detected architecture x86-64.

Welcome to [1mUbuntu 18.04.5 LTS[0m!

[    9.284273] systemd[1]: Set hostname to <ubuntu>.
[    9.293277] systemd[1]: Initializing machine ID from random generator.
[    9.299726] systemd[1]: Installed transient /etc/machine-id file.
[    9.890014] systemd[1]: Set up automount Arbitrary Executable File Formats File System Automount Point.
[[0;32m  OK  [0m] Set up automount Arbitrary Executab…rmats File System Automount Point.
[    9.914854] systemd[1]: Reached target User and Group Name Lookups.
[[0;32m  OK  [0m] Reached target User and Group Name Lookups.
[    9.936001] systemd[1]: Created slice User and Session Slice.
[[0;32m  OK  [0m] Created slice User and Session Slice.
[    9.946035] systemd[1]: Created slice System Slice.
[[0;32m  OK  [0m] Created slice System Slice.
[[0;32m  OK  [0m] Listening on LVM2 poll daemon socket.
[[0;32m  OK  [0m] Listening on Journal Socket.
         Starting Load Kernel Modules...
         Starting Set the console keyboard layout...
[[    9.992513] Loading iSCSI transport class v2.0-870.
[0;32m  OK  [0m] Listening on Journal Audit Socket.
[[0;32m  OK  [0m] Listening on udev Kernel Socket.
[   10.020440] iscsi: registered transport (tcp)
[[0;32m  OK  [0m] Listening on Device-mapper event daemon FIFOs.
         Mounting Kernel Debug File System...
         Starting Uncomplicated firewall...
[[0;32m  OK  [0m] Reached target Slices.
         Starting Create list of required st…ce nodes for the current kernel...
[[0;32m  OK  [0m] Listening on Network Service Netlink Socket.
         Mounting POSIX Message Queue File System...
[[0;32m  OK  [0m] Listening on /dev/initctl Compatibility Named Pipe.
[[0;32m  OK  [0m] Listening on Syslog Socket.
[[0;32m  OK  [0m] Listening on LVM2 metadata daemon socket.
         Starting Monitoring of LVM2 mirrors…ng dmeventd or progress polling...
[[0;32m  OK  [0m] Reached target System Time Synchronized.
[[0;32m  OK  [0m] Reached target Swap.
[[0;32m  OK  [0m] Listening on Journal Socket (/dev/log).
         Mounting Huge Pages File System...
         Starting Journal Service...
[[0;32m  OK  [0m] Listening on udev Control Socket.
         Starting udev Coldplug all Devices...[   10.230156] iscsi: registered transport (iser)

[[0;32m  OK  [0m] Started Forward Password Requests to Wall Directory Watch.
[[0;32m  OK  [0m] Created slice system-serial\x2dgetty.slice.
[[0;32m  OK  [0m] Listening on fsck to fsckd communication Socket.
         Starting File System Check on Root Device...
[[0;32m  OK  [0m] Started Load Kernel Modules.
[[0;32m  OK  [0m] Started Set the console keyboard layout.
[[0;32m  OK  [0m] Mounted Kernel Debug File System.
[[0;32m  OK  [0m] Started Journal Service.
[[0;32m  OK  [0m] Started Uncomplicated firewall.
[[0;32m  OK  [0m] Started Create list of required sta…vice nodes for the current kernel.
[[0;32m  OK  [0m] Mounted POSIX Message Queue File System.
[[0;32m  OK  [0m] Mounted Huge Pages File System.
[[0;32m  OK  [0m] Started File System Check Daemon to report status.
[[0;32m  OK  [0m] Started LVM2 metadata daemon.
         Starting Create Static Device Nodes in /dev...
         Mounting Kernel Configuration File System...
         Mounting FUSE Control File System...
         Starting Apply Kernel Variables...
[[0;32m  OK  [0m] Started File System Check on Root Device.
[[0;32m  OK  [0m] Mounted Kernel Configuration File System.
[[0;32m  OK  [0m] Mounted FUSE Con[   10.579036] random: crng init done
trol File System.[   10.588182] random: 7 urandom warning(s) missed due to ratelimiting

         Starting Remount Root and Kernel File Systems...
[[0;32m  OK  [0m] Started Monitoring of LVM2 mirrors,…sing dmeventd or progress polling.
[[0;32m  OK  [0m] Started udev Coldplug all Devices.
[[0;32m  OK  [0m] Started Create Static Device Nodes in /dev.
[[0;32m  OK  [0m] Started Apply Kernel Variables.
[[0;32m  OK  [0m] Started Remount Root and Kernel File Systems.
         Starting Flush Journal to Persistent Storage...
         Starting Load/Save Random Seed...
         Starting udev Kernel Device Manager...
[[0;32m  OK  [0m] Reached target Local File Systems (Pre).
[[0;32m  OK  [0m] Reached target Local File Systems.
         Starting ebtables ruleset management...
         Starting Commit a transient machine-id on disk...
         Starting AppArmor initialization...
         Starting Set console font and keymap...
         Starting Tell Plymouth To Write Out Runtime Data...
[[0;32m  OK  [0m] Started Load/Save Random Seed.
[[0;32m  OK  [0m] Started udev Kernel Device Manager.
[[0;32m  OK  [0m] Started Dispatch Password Requests to Console Directory Watch.
[[0;32m  OK  [0m] Reached target Local Encrypted Volumes.
[[0;32m  OK  [0m] Started Set console font and keymap.
[[0;32m  OK  [0m] Started Tell Plymouth To Write Out Runtime Data.
[[0;32m  OK  [0m] Started Flush Journal to Persistent Storage.
         Starting Create Volatile Files and Directories...
[[0;32m  OK  [0m] Started Commit a transient machine-id on disk.
[[0;32m  OK  [0m] Started Create Volatile Files and Directories.
         Starting Update UTMP about System Boot/Shutdown...
[[0;32m  OK  [0m] Started ebtables ruleset management.
[[0;32m  OK  [0m] Started Update UTMP about System Boot/Shutdown.
[[0;32m  OK  [0m] Found device /dev/ttyS0.
[[0;32m  OK  [0m] Listening on Load/Save RF Kill Switch Status /dev/rfkill Watch.
[[0;32m  OK  [0m] Started AppArmor initialization.
         Starting Load AppArmor profiles managed internally by snapd...
         Starting Initial cloud-init job (pre-networking)...
[[0;32m  OK  [0m] Started Load AppArmor profiles managed internally by snapd.
[   14.189405] cloud-init[577]: Cloud-init v. 21.2-3-g899bfaa9-0ubuntu2~18.04.1 running 'init-local' at Tue, 31 Aug 2021 15:30:21 +0000. Up 13.78 seconds.
[[0;32m  OK  [0m] Started Initial cloud-init job (pre-networking).
[[0;32m  OK  [0m] Reached target Network (Pre).
         Starting Network Service...
[[0;32m  OK  [0m] Started Network Service.
         Starting Network Name Resolution...
         Starting Wait for Network to be Configured...
[[0;32m  OK  [0m] Started Network Name Resolution.
[[0;32m  OK  [0m] Reached target Network.
[[0;32m  OK  [0m] Reached target Host and Network Name Lookups.
[[0;32m  OK  [0m] Started Wait for Network to be Configured.
         Starting Initial cloud-init job (metadata service crawler)...
[   17.299465] cloud-init[684]: Cloud-init v. 21.2-3-g899bfaa9-0ubuntu2~18.04.1 running 'init' at Tue, 31 Aug 2021 15:30:24 +0000. Up 17.03 seconds.
[   17.331985] cloud-init[684]: ci-info: ++++++++++++++++++++++++++++++++++++++Net device info+++++++++++++++++++++++++++++++++++++++
[   17.375941] cloud-init[684]: ci-info: +--------+-------+----------------------------+---------------+--------+-------------------+
[   17.450093] cloud-init[684]: ci-info: | Device |   Up  |          Address           |      Mask     | Scope  |     Hw-Address    |
[   17.476631] cloud-init[684]: ci-info: +--------+-------+----------------------------+---------------+--------+-------------------+
[   17.494364] cloud-init[684]: ci-info: | enp0s3 |  True |         10.0.2.15          | 255.255.255.0 | global | 02:3b:61:a9:eb:70 |
[   17.514480] cloud-init[684]: ci-info: | enp0s3 |  True | fe80::3b:61ff:fea9:eb70/64 |       .       |  link  | 02:3b:61:a9:eb:70 |
[   17.544688] cloud-init[684]: ci-info: | enp0s8 | False |             .              |       .       |   .    | 08:00:27:fa:a9:38 |
[   17.595352] cloud-init[684]: ci-info: |   lo   |  True |         127.0.0.1          |   255.0.0.0   |  host  |         .         |
[   17.632163] cloud-init[684]: ci-info: |   lo   |  True |          ::1/128           |       .       |  host  |         .         |
[   17.655099] cloud-init[684]: ci-info: +--------+-------+----------------------------+---------------+--------+-------------------+
[   17.676615] cloud-init[684]: ci-info: ++++++++++++++++++++++++++++Route IPv4 info+++++++++++++++++++++++++++++
[   17.749120] cloud-init[684]: ci-info: +-------+-------------+----------+-----------------+-----------+-------+
[   17.759462] cloud-init[684]: ci-info: | Route | Destination | Gateway  |     Genmask     | Interface | Flags |
[   17.775007] cloud-init[684]: ci-info: +-------+-------------+----------+-----------------+-----------+-------+
[   17.788342] cloud-init[684]: ci-info: |   0   |   0.0.0.0   | 10.0.2.2 |     0.0.0.0     |   enp0s3  |   UG  |
[   17.805038] cloud-init[684]: ci-info: |   1   |   10.0.2.0  | 0.0.0.0  |  255.255.255.0  |   enp0s3  |   U   |
[   17.838051] cloud-init[684]: ci-info: |   2   |   10.0.2.2  | 0.0.0.0  | 255.255.255.255 |   enp0s3  |   UH  |
[   17.849329] cloud-init[684]: ci-info: +-------+-------------+----------+-----------------+-----------+-------+
[   17.858779] cloud-init[684]: ci-info: +++++++++++++++++++Route IPv6 info+++++++++++++++++++
[   17.871301] cloud-init[684]: ci-info: +-------+-------------+---------+-----------+-------+
[   17.889503] cloud-init[684]: ci-info: | Route | Destination | Gateway | Interface | Flags |
[   17.898769] cloud-init[684]: ci-info: +-------+-------------+---------+-----------+-------+
[   17.956745] cloud-init[684]: ci-info: |   1   |  fe80::/64  |    ::   |   enp0s3  |   U   |
[   17.995496] cloud-init[684]: ci-info: |   3   |    local    |    ::   |   enp0s3  |   U   |
[   18.022043] cloud-init[684]: ci-info: |   4   |   ff00::/8  |    ::   |   enp0s3  |   U   |
[   18.047214] cloud-init[684]: ci-info: +-------+-------------+---------+-----------+-------+
[   19.724252] cloud-init[684]: Generating public/private rsa key pair.
[   19.737328] cloud-init[684]: Your identification has been saved in /etc/ssh/ssh_host_rsa_key.
[   19.775558] cloud-init[684]: Your public key has been saved in /etc/ssh/ssh_host_rsa_key.pub.
[   19.831079] cloud-init[684]: The key fingerprint is:
[   19.839911] cloud-init[684]: SHA256:UkIlDLo+u84T+/PlJwkmiVu1MVL68Xjevl919/Ph9MQ root@ubuntu-bionic
[   19.877334] cloud-init[684]: The key's randomart image is:
[   19.946358] cloud-init[684]: +---[RSA 2048]----+
[   19.967424] cloud-init[684]: |    .oo..        |
[   19.978164] cloud-init[684]: |   . .o.         |
[   19.997300] cloud-init[684]: |  .  o. .        |
[   20.019085] cloud-init[684]: |   .o =o         |
[   20.025647] cloud-init[684]: |  .. =.BS       +|
[   20.030560] cloud-init[684]: | .o + *.o      o+|
[   20.048064] cloud-init[684]: |  o= o +.o    .+E|
[   20.078943] cloud-init[684]: | .+o.  o+ o  .o.=|
[   20.086487] cloud-init[684]: | .=+.o. .+oo.  .o|
[   20.118341] cloud-init[684]: +----[SHA256]-----+
[   20.130219] cloud-init[684]: Generating public/private dsa key pair.
[   20.137407] cloud-init[684]: Your identification has been saved in /etc/ssh/ssh_host_dsa_key.
[   20.144182] cloud-init[684]: Your public key has been saved in /etc/ssh/ssh_host_dsa_key.pub.
[   20.159175] cloud-init[684]: The key fingerprint is:
[   20.176914] cloud-init[684]: SHA256:HJHV7BPvIp3kdX8sEog9LtOMBgXKZ2nlI9Ci0FFNux4 root@ubuntu-bionic
[   20.189557] cloud-init[684]: The key's randomart image is:
[   20.193564] cloud-init[684]: +---[DSA 1024]----+
[   20.197911] cloud-init[684]: | ..oo+o.oo.o     |
[   20.206832] cloud-init[684]: |. ...oo=o.  +    |
[   20.216643] cloud-init[684]: | . .o.B.+o o o   |
[   20.220182] cloud-init[684]: |  .  +.+.o+ = o .|
[   20.224068] cloud-init[684]: |      E.S= = * o.|[[0;32m  OK  [0m] Started Initial cloud-init job (metadata service crawler).
[[0;32m  OK  [0m
] [   20.234237] cloud-init[684]: |     . .= = * o +|
[   20.237013] cloud-init[684]: |      .. o . o ..|
[   20.244321] cloud-init[684]: |                 |
[   20.244465] cloud-init[684]: |                 |
[   20.244521] cloud-init[684]: +----[SHA256]-----+
[   20.244552] cloud-init[684]: Generating public/private ecdsa key pair.
[   20.244596] cloud-init[684]: Your identification has been saved in /etc/ssh/ssh_host_ecdsa_key.
[   20.244641] cloud-init[684]: Your public key has been saved in /etc/ssh/ssh_host_ecdsa_key.pub.
[   20.244677] cloud-init[684]: The key fingerprint is:
[   20.244720] cloud-init[684]: SHA256:WIBGndDPoyhSk4/z57qGPY6+bFVVZyZ89a+3zjO0eII root@ubuntu-bionic
[   20.244768] cloud-init[684]: The key's randomart image is:
[   20.244797] cloud-init[684]: +---[ECDSA 256]---+
[   20.244841] cloud-init[684]: |   .o=.. oo +..  |
[   20.244890] cloud-init[684]: |    o +.. .=.  . |
[   20.244923] cloud-init[684]: |   o   +.  .    .|
[   20.244966] cloud-init[684]: |  +   .o+       .|
[   20.245008] cloud-init[684]: | . + o..S.      .|
[   20.245040] cloud-init[684]: |. + + .        o |
[   20.245083] cloud-init[684]: | . B        . + o|
[   20.245111] cloud-init[684]: | .o.= .    E o.*.|
[   20.245155] cloud-init[684]: | o=++*.       ++o|
[   20.245202] cloud-init[684]: +----[SHA256]-----+
[   20.245232] cloud-init[684]: Generating public/private ed25519 key pair.
[   20.245277] cloud-init[684]: Your identification has been saved in /etc/ssh/ssh_host_ed25519_key.
[   20.245321] cloud-init[684]: Your public key has been saved in /etc/ssh/ssh_host_ed25519_key.pub.
[   20.245350] cloud-init[684]: The key fingerprint is:
[   20.245391] cloud-init[684]: SHA256:vTG3PQlNjql3X0DnDX7lw7d1FolT4rePKJHanYlE4p0 root@ubuntu-bionic
[   20.245419] cloud-init[684]: The key's randomart image is:
[   20.245461] cloud-init[684]: +--[ED25519 256]--+
[   20.245505] cloud-init[684]: |             . . |
[   20.245541] cloud-init[684]: |            . + .|
[   20.245586] cloud-init[684]: |        . .  +++o|
[   20.245628] cloud-init[684]: |       . = o O+==|
[   20.245657] cloud-init[684]: |        S E = =+X|
[   20.245701] cloud-init[684]: |         + X B *B|
[   20.245742] cloud-init[684]: |        . * B *.o|
[   20.245772] cloud-init[684]: |           o . o.|
[   20.246275] cloud-init[684]: |                .|
[   20.246327] cloud-init[684]: +----[SHA256]-----+
Reached target System Initialization.
[[0;32m  OK  [0m] Listening on UUID daemon activation socket.
[[0;32m  OK  [0m] Started Discard unused blocks once a week.
         Starting LXD - unix socket.
[[0;32m  OK  [0m] Started Daily Cleanup of Temporary Directories.
         Starting Socket activation for snappy daemon.
[[0;32m  OK  [0m] Started Message of the Day.
[[0;32m  OK  [0m] Listening on ACPID Listen Socket.
[[0;32m  OK  [0m] Listening on D-Bus System Message Bus Socket.
[[0;32m  OK  [0m] Started Daily apt download activities.
[[0;32m  OK  [0m] Started Ubuntu Advantage update messaging.
[[0;32m  OK  [0m] Started Daily apt upgrade and clean activities.
[[0;32m  OK  [0m] Reached target Timers.
[[0;32m  OK  [0m] Started ACPI Events Check.
[[0;32m  OK  [0m] Reached target Paths.
[[0;32m  OK  [0m] Listening on Open-iSCSI iscsid Socket.
[[0;32m  OK  [0m] Reached target Cloud-config availability.
[[0;32m  OK  [0m] Reached target Network is Online.
[[0;32m  OK  [0m] Reached target Remote File Systems (Pre).
[[0;32m  OK  [0m] Reached target Remote File Systems.
         Starting Availability of block devices...
[[0;32m  OK  [0m] Listening on LXD - unix socket.
[[0;32m  OK  [0m] Listening on Socket activation for snappy daemon.
[[0;32m  OK  [0m] Started Availability of block devices.
[[0;32m  OK  [0m] Reached target Sockets.
[[0;32m  OK  [0m] Reached target Basic System.
         Starting Login Service...
[[0;32m  OK  [0m] Started irqbalance daemon.
         Starting System Logging Service...
         Starting Dispatcher daemon for systemd-networkd...
         Starting Pollinate to seed the pseudo random number generator...
[[0;32m  OK  [0m] Started Regular background program processing daemon.
         Starting LXD - container startup/shutdown...
[[0;32m  OK  [0m] Started FUSE filesystem for LXC.
[[0;32m  OK  [0m] Started D-Bus System Message Bus.
[[0;32m  OK  [0m] Started Login Service.
[[0;32m  OK  [0m] Started Unattended Upgrades Shutdown.
         Starting LSB: Record successful boot for GRUB...
         Starting Accounts Service...
[[0;32m  OK  [0m] Started Deferred execution scheduler.
         Starting Permit User Sessions...
         Starting Snap Daemon...
         Starting LSB: automatic crash report generation...
         Starting Virtualbox guest utils...
[[0;32m  OK  [0m] Started System Logging Service.
[[0;32m  OK  [0m] Started Permit User Sessions.
         Starting Hold until boot process finishes up...
         Starting Terminate Plymouth Boot Screen...
[[0;32m  OK  [0m] Started Terminate Plymouth Boot Screen.
[[0;32m  OK  [0m] Started Hold until boot process finishes up.
         Starting Set console scheme...
[[0;32m  OK  [0m] Started Serial Getty on ttyS0.
         Starting Authorization Manager...
[[0;32m  OK  [0m] Started Set console scheme.
[[0;32m  OK  [0m] Created slice system-getty.slice.
[[0;32m  OK  [0m] Started Getty on tty1.
[[0;32m  OK  [0m] Reached target Login Prompts.
[[0;32m  OK  [0m] Started Authorization Manager.
[[0;32m  OK  [0m] Started LSB: automatic crash report generation.
[[0;32m  OK  [0m] Started Accounts Service.
[[0;32m  OK  [0m] Started LSB: Record successful boot for GRUB.
[[0;32m  OK  [0m] Started Virtualbox guest utils.
[[0;32m  OK  [0m] Started LXD - container startup/shutdown.
[[0;32m  OK  [0m] Started Dispatcher daemon for systemd-networkd.
[[0;32m  OK  [0m] Started Pollinate to seed the pseudo random number generator.
         Starting OpenBSD Secure Shell server...
[[0;32m  OK  [0m] Started OpenBSD Secure Shell server.
[[0;32m  OK  [0m] Created slice User Slice of vagrant.
[[0;32m  OK  [0m] Started Snap Daemon.
[[0;32m  OK  [0m] Started Session 1 of user vagrant.
         Starting Wait until snapd is fully seeded...
         Starting User Manager for UID 1000...
[[0;32m  OK  [0m] Started User Manager for UID 1000.
[[0;32m  OK  [0m] Started Wait until snapd is fully seeded.
         Starting Apply the settings specified in cloud-config...
[[0;32m  OK  [0m] Reached target Multi-User System.
[[0;32m  OK  [0m] Reached target Graphical Interface.
         Starting Update UTMP about System Runlevel Changes...
[[0;32m  OK  [0m] Started Update UTMP about System Runlevel Changes.
[   28.650270] cloud-init[1244]: Cloud-init v. 21.2-3-g899bfaa9-0ubuntu2~18.04.1 running 'modules:config' at Tue, 31 Aug 2021 15:30:34 +0000. Up 27.29 seconds.
Ubuntu 18.04.5 LTS ubuntu-bionic ttyS0

ubuntu-bionic login: 
ci-info: no authorized SSH keys fingerprints found for user ubuntu.
<14>Aug 31 15:30:37 cloud-init: #############################################################
<14>Aug 31 15:30:37 cloud-init: -----BEGIN SSH HOST KEY FINGERPRINTS-----
<14>Aug 31 15:30:37 cloud-init: 1024 SHA256:HJHV7BPvIp3kdX8sEog9LtOMBgXKZ2nlI9Ci0FFNux4 root@ubuntu-bionic (DSA)
<14>Aug 31 15:30:37 cloud-init: 256 SHA256:WIBGndDPoyhSk4/z57qGPY6+bFVVZyZ89a+3zjO0eII root@ubuntu-bionic (ECDSA)
<14>Aug 31 15:30:37 cloud-init: 256 SHA256:vTG3PQlNjql3X0DnDX7lw7d1FolT4rePKJHanYlE4p0 root@ubuntu-bionic (ED25519)
<14>Aug 31 15:30:37 cloud-init: 2048 SHA256:UkIlDLo+u84T+/PlJwkmiVu1MVL68Xjevl919/Ph9MQ root@ubuntu-bionic (RSA)
<14>Aug 31 15:30:37 cloud-init: -----END SSH HOST KEY FINGERPRINTS-----
<14>Aug 31 15:30:37 cloud-init: #############################################################
-----BEGIN SSH HOST KEY KEYS-----
ecdsa-sha2-nistp256 AAAAE2VjZHNhLXNoYTItbmlzdHAyNTYAAAAIbmlzdHAyNTYAAABBBPtuLfcNcKpPjfNwF3hihkEtL2enVYZ0Q7dPRU4HO/MKLXUpbNAdRS7SQplP71Lm7VzmmBCYCkwm2Bhjm6yoghw= root@ubuntu-bionic
ssh-ed25519 AAAAC3NzaC1lZDI1NTE5AAAAID3pVMBtnsolNkiTBowor3hup0cBtHzl2CbjfdLkOgnE root@ubuntu-bionic
ssh-rsa AAAAB3NzaC1yc2EAAAADAQABAAABAQComftFM7raX1Sj18hB7pXEXHTt1Kn3QQCQlzdZd/2p11Cngi+PuLi5hOsUOS0IVYynyeYvkZB43H+0eNg3o4nKR7BgquX7nJKKoiIy3asZPoQNwUPYQrQqpNflMpt+wRSZxpOCoKx/y4ylfk/avICCf9PNzoMiMI2b930pUOdS1NxsNeZKdFf09TGUh86iTpCIjxhtZV6O4hnd6G8W5nq4VnWY8jWZgSpzihYXv8UuaX41G1GCA2eAKqJtTgLpd9yo8JBgsDl19wNyi6g7VX/xcMZF1HCAscvfrsBt/LF7g1hpPyYgqR356DLkTVa2FPuLUriG5EfwLNDABEGc0HX3 root@ubuntu-bionic
-----END SSH HOST KEY KEYS-----
[   29.545489] cloud-init[1391]: Cloud-init v. 21.2-3-g899bfaa9-0ubuntu2~18.04.1 running 'modules:final' at Tue, 31 Aug 2021 15:30:36 +0000. Up 29.25 seconds.
[   29.561890] cloud-init[1391]: ci-info: no authorized SSH keys fingerprints found for user ubuntu.
[   29.573020] cloud-init[1391]: Cloud-init v. 21.2-3-g899bfaa9-0ubuntu2~18.04.1 finished at Tue, 31 Aug 2021 15:30:37 +0000. Datasource DataSourceNoCloud [seed=/dev/sdb][dsmode=net].  Up 29.53 seconds
                                                      